This is pdfTeX, Version 3.1415926-1.40.10 (TeX Live 2009/Debian) (format=pdflatex 2012.9.9)  4 APR 2013 23:37
entering extended mode
 %&-line parsing enabled.
**presentation
(./presentation.tex
LaTeX2e <2009/09/24>
Babel <v3.8l> and hyphenation patterns for english, usenglishmax, dumylang, noh
yphenation, loaded.
(./FMTslides.cls
Document Class: FMTslides 2009/12/02 v1.0 Marks modified beamer class
(/usr/share/texmf/tex/latex/beamer/base/beamer.cls
(/usr/share/texmf/tex/latex/beamer/base/beamerbasercs.sty
Package: beamerbasercs 2010/06/12 (rcs-revision c3821710bb40)
)
Document Class: beamer 2010/06/21 development version 3.10 A class for typesett
ing presentations (rcs-revision a6b1a8434d30)
(/usr/share/texmf/tex/latex/beamer/base/beamerbasemodes.sty
Package: beamerbasemodes 2010/05/01 (rcs-revision efa082c6111d)
\beamer@tempbox=\box26
\beamer@tempcount=\count79
\c@beamerpauses=\count80

(/usr/share/texmf/tex/latex/beamer/base/beamerbasedecode.sty
Package: beamerbasedecode 2010/05/01 (rcs-revision efa082c6111d)
\beamer@slideinframe=\count81
\beamer@minimum=\count82
)
\beamer@commentbox=\box27
\beamer@modecount=\count83
)
\headheight=\dimen102
\headdp=\dimen103
\footheight=\dimen104
\sidebarheight=\dimen105
\beamer@tempdim=\dimen106
\beamer@finalheight=\dimen107
\beamer@animht=\dimen108
\beamer@animdp=\dimen109
\beamer@animwd=\dimen110
\beamer@leftmargin=\dimen111
\beamer@rightmargin=\dimen112
\beamer@leftsidebar=\dimen113
\beamer@rightsidebar=\dimen114
\beamer@boxsize=\dimen115
\beamer@vboxoffset=\dimen116
\beamer@descdefault=\dimen117
\beamer@descriptionwidth=\dimen118
\beamer@lastskip=\skip41
\beamer@areabox=\box28
\beamer@animcurrent=\box29
\beamer@animshowbox=\box30
\beamer@sectionbox=\box31
\beamer@logobox=\box32
\beamer@linebox=\box33
\beamer@sectioncount=\count84
\beamer@subsubsectionmax=\count85
\beamer@subsectionmax=\count86
\beamer@sectionmax=\count87
\beamer@totalheads=\count88
\beamer@headcounter=\count89
\beamer@partstartpage=\count90
\beamer@sectionstartpage=\count91
\beamer@subsectionstartpage=\count92
\beamer@animationtempa=\count93
\beamer@animationtempb=\count94
\beamer@xpos=\count95
\beamer@ypos=\count96
\beamer@showpartnumber=\count97
\beamer@currentsubsection=\count98
\beamer@coveringdepth=\count99
\beamer@sectionadjust=\count100
\beamer@tocsectionnumber=\count101

(/usr/share/texmf/tex/latex/beamer/base/beamerbaseoptions.sty
Package: beamerbaseoptions 2010/04/27 (rcs-revision 982469101dd6)

(/usr/share/texmf-texlive/tex/latex/graphics/keyval.sty
Package: keyval 1999/03/16 v1.13 key=value parser (DPC)
\KV@toks@=\toks14
))
\beamer@paperwidth=\skip42
\beamer@paperheight=\skip43

(/usr/share/texmf-texlive/tex/latex/geometry/geometry.sty
Package: geometry 2008/12/21 v4.2 Page Geometry

(/usr/share/texmf-texlive/tex/generic/oberdiek/ifpdf.sty
Package: ifpdf 2009/04/10 v2.0 Provides the ifpdf switch (HO)
Package ifpdf Info: pdfTeX in pdf mode detected.
)
(/usr/share/texmf-texlive/tex/generic/oberdiek/ifvtex.sty
Package: ifvtex 2008/11/04 v1.4 Switches for detecting VTeX and its modes (HO)
Package ifvtex Info: VTeX not detected.
)
\Gm@cnth=\count102
\Gm@cntv=\count103
\c@Gm@tempcnt=\count104
\Gm@bindingoffset=\dimen119
\Gm@wd@mp=\dimen120
\Gm@odd@mp=\dimen121
\Gm@even@mp=\dimen122
\Gm@dimlist=\toks15
)
(/usr/share/texmf-texlive/tex/latex/base/size11.clo
File: size11.clo 2007/10/19 v1.4h Standard LaTeX file (size option)
)
(/usr/share/texmf/tex/latex/pgf/basiclayer/pgfcore.sty
(/usr/share/texmf-texlive/tex/latex/graphics/graphicx.sty
Package: graphicx 1999/02/16 v1.0f Enhanced LaTeX Graphics (DPC,SPQR)

(/usr/share/texmf-texlive/tex/latex/graphics/graphics.sty
Package: graphics 2009/02/05 v1.0o Standard LaTeX Graphics (DPC,SPQR)

(/usr/share/texmf-texlive/tex/latex/graphics/trig.sty
Package: trig 1999/03/16 v1.09 sin cos tan (DPC)
)
(/etc/texmf/tex/latex/config/graphics.cfg
File: graphics.cfg 2009/08/28 v1.8 graphics configuration of TeX Live
)
Package graphics Info: Driver file: pdftex.def on input line 91.

(/usr/share/texmf-texlive/tex/latex/pdftex-def/pdftex.def
File: pdftex.def 2010/03/12 v0.04p Graphics/color for pdfTeX
\Gread@gobject=\count105
))
\Gin@req@height=\dimen123
\Gin@req@width=\dimen124
)
(/usr/share/texmf/tex/latex/pgf/systemlayer/pgfsys.sty
(/usr/share/texmf/tex/latex/pgf/utilities/pgfrcs.sty
(/usr/share/texmf/tex/generic/pgf/utilities/pgfutil-common.tex
\pgfutil@everybye=\toks16
)
(/usr/share/texmf/tex/generic/pgf/utilities/pgfutil-latex.def
\pgfutil@abb=\box34

(/usr/share/texmf-texlive/tex/latex/ms/everyshi.sty
Package: everyshi 2001/05/15 v3.00 EveryShipout Package (MS)
))
(/usr/share/texmf/tex/generic/pgf/utilities/pgfrcs.code.tex
Package: pgfrcs 2010/10/25 v2.10 (rcs-revision 1.24)
))
(/usr/share/texmf/tex/generic/pgf/systemlayer/pgfsys.code.tex
Package: pgfsys 2010/06/30 v2.10 (rcs-revision 1.37)

(/usr/share/texmf/tex/generic/pgf/utilities/pgfkeys.code.tex
\pgfkeys@pathtoks=\toks17
\pgfkeys@temptoks=\toks18

(/usr/share/texmf/tex/generic/pgf/utilities/pgfkeysfiltered.code.tex
\pgfkeys@tmptoks=\toks19
))
\pgf@x=\dimen125
\pgf@y=\dimen126
\pgf@xa=\dimen127
\pgf@ya=\dimen128
\pgf@xb=\dimen129
\pgf@yb=\dimen130
\pgf@xc=\dimen131
\pgf@yc=\dimen132
\w@pgf@writea=\write3
\r@pgf@reada=\read1
\c@pgf@counta=\count106
\c@pgf@countb=\count107
\c@pgf@countc=\count108
\c@pgf@countd=\count109

(/usr/share/texmf/tex/generic/pgf/systemlayer/pgf.cfg
File: pgf.cfg 2008/05/14  (rcs-revision 1.7)
)
Package pgfsys Info: Driver file for pgf: pgfsys-pdftex.def on input line 900.

(/usr/share/texmf/tex/generic/pgf/systemlayer/pgfsys-pdftex.def
File: pgfsys-pdftex.def 2009/05/22  (rcs-revision 1.26)

(/usr/share/texmf/tex/generic/pgf/systemlayer/pgfsys-common-pdf.def
File: pgfsys-common-pdf.def 2008/05/19  (rcs-revision 1.10)
)))
(/usr/share/texmf/tex/generic/pgf/systemlayer/pgfsyssoftpath.code.tex
File: pgfsyssoftpath.code.tex 2008/07/18  (rcs-revision 1.7)
\pgfsyssoftpath@smallbuffer@items=\count110
\pgfsyssoftpath@bigbuffer@items=\count111
)
(/usr/share/texmf/tex/generic/pgf/systemlayer/pgfsysprotocol.code.tex
File: pgfsysprotocol.code.tex 2006/10/16  (rcs-revision 1.4)
))
(/usr/share/texmf/tex/latex/xcolor/xcolor.sty
Package: xcolor 2007/01/21 v2.11 LaTeX color extensions (UK)

(/etc/texmf/tex/latex/config/color.cfg
File: color.cfg 2007/01/18 v1.5 color configuration of teTeX/TeXLive
)
Package xcolor Info: Driver file: pdftex.def on input line 225.
Package xcolor Info: Model `cmy' substituted by `cmy0' on input line 1337.
Package xcolor Info: Model `hsb' substituted by `rgb' on input line 1341.
Package xcolor Info: Model `RGB' extended on input line 1353.
Package xcolor Info: Model `HTML' substituted by `rgb' on input line 1355.
Package xcolor Info: Model `Hsb' substituted by `hsb' on input line 1356.
Package xcolor Info: Model `tHsb' substituted by `hsb' on input line 1357.
Package xcolor Info: Model `HSB' substituted by `hsb' on input line 1358.
Package xcolor Info: Model `Gray' substituted by `gray' on input line 1359.
Package xcolor Info: Model `wave' substituted by `hsb' on input line 1360.
)
(/usr/share/texmf/tex/generic/pgf/basiclayer/pgfcore.code.tex
Package: pgfcore 2010/04/11 v2.10 (rcs-revision 1.7)

(/usr/share/texmf/tex/generic/pgf/math/pgfmath.code.tex
(/usr/share/texmf/tex/generic/pgf/math/pgfmathcalc.code.tex
(/usr/share/texmf/tex/generic/pgf/math/pgfmathutil.code.tex)
(/usr/share/texmf/tex/generic/pgf/math/pgfmathparser.code.tex
\pgfmath@dimen=\dimen133
\pgfmath@count=\count112
\pgfmath@box=\box35
\pgfmath@toks=\toks20
\pgfmath@stack@operand=\toks21
\pgfmath@stack@operation=\toks22
)
(/usr/share/texmf/tex/generic/pgf/math/pgfmathfunctions.code.tex
(/usr/share/texmf/tex/generic/pgf/math/pgfmathfunctions.basic.code.tex)
(/usr/share/texmf/tex/generic/pgf/math/pgfmathfunctions.trigonometric.code.tex)
(/usr/share/texmf/tex/generic/pgf/math/pgfmathfunctions.random.code.tex)
(/usr/share/texmf/tex/generic/pgf/math/pgfmathfunctions.comparison.code.tex)
(/usr/share/texmf/tex/generic/pgf/math/pgfmathfunctions.base.code.tex)
(/usr/share/texmf/tex/generic/pgf/math/pgfmathfunctions.round.code.tex)
(/usr/share/texmf/tex/generic/pgf/math/pgfmathfunctions.misc.code.tex)))
(/usr/share/texmf/tex/generic/pgf/math/pgfmathfloat.code.tex
\c@pgfmathroundto@lastzeros=\count113
))
(/usr/share/texmf/tex/generic/pgf/basiclayer/pgfcorepoints.code.tex
File: pgfcorepoints.code.tex 2010/04/09  (rcs-revision 1.20)
\pgf@picminx=\dimen134
\pgf@picmaxx=\dimen135
\pgf@picminy=\dimen136
\pgf@picmaxy=\dimen137
\pgf@pathminx=\dimen138
\pgf@pathmaxx=\dimen139
\pgf@pathminy=\dimen140
\pgf@pathmaxy=\dimen141
\pgf@xx=\dimen142
\pgf@xy=\dimen143
\pgf@yx=\dimen144
\pgf@yy=\dimen145
\pgf@zx=\dimen146
\pgf@zy=\dimen147
)
(/usr/share/texmf/tex/generic/pgf/basiclayer/pgfcorepathconstruct.code.tex
File: pgfcorepathconstruct.code.tex 2010/08/03  (rcs-revision 1.24)
\pgf@path@lastx=\dimen148
\pgf@path@lasty=\dimen149
)
(/usr/share/texmf/tex/generic/pgf/basiclayer/pgfcorepathusage.code.tex
File: pgfcorepathusage.code.tex 2008/04/22  (rcs-revision 1.12)
\pgf@shorten@end@additional=\dimen150
\pgf@shorten@start@additional=\dimen151
)
(/usr/share/texmf/tex/generic/pgf/basiclayer/pgfcorescopes.code.tex
File: pgfcorescopes.code.tex 2010/09/08  (rcs-revision 1.34)
\pgfpic=\box36
\pgf@hbox=\box37
\pgf@layerbox@main=\box38
\pgf@picture@serial@count=\count114
)
(/usr/share/texmf/tex/generic/pgf/basiclayer/pgfcoregraphicstate.code.tex
File: pgfcoregraphicstate.code.tex 2008/04/22  (rcs-revision 1.9)
\pgflinewidth=\dimen152
)
(/usr/share/texmf/tex/generic/pgf/basiclayer/pgfcoretransformations.code.tex
File: pgfcoretransformations.code.tex 2009/06/10  (rcs-revision 1.11)
\pgf@pt@x=\dimen153
\pgf@pt@y=\dimen154
\pgf@pt@temp=\dimen155
)
(/usr/share/texmf/tex/generic/pgf/basiclayer/pgfcorequick.code.tex
File: pgfcorequick.code.tex 2008/10/09  (rcs-revision 1.3)
)
(/usr/share/texmf/tex/generic/pgf/basiclayer/pgfcoreobjects.code.tex
File: pgfcoreobjects.code.tex 2006/10/11  (rcs-revision 1.2)
)
(/usr/share/texmf/tex/generic/pgf/basiclayer/pgfcorepathprocessing.code.tex
File: pgfcorepathprocessing.code.tex 2008/10/09  (rcs-revision 1.8)
)
(/usr/share/texmf/tex/generic/pgf/basiclayer/pgfcorearrows.code.tex
File: pgfcorearrows.code.tex 2008/04/23  (rcs-revision 1.11)
)
(/usr/share/texmf/tex/generic/pgf/basiclayer/pgfcoreshade.code.tex
File: pgfcoreshade.code.tex 2008/11/23  (rcs-revision 1.13)
\pgf@max=\dimen156
\pgf@sys@shading@range@num=\count115
)
(/usr/share/texmf/tex/generic/pgf/basiclayer/pgfcoreimage.code.tex
File: pgfcoreimage.code.tex 2010/03/25  (rcs-revision 1.16)

(/usr/share/texmf/tex/generic/pgf/basiclayer/pgfcoreexternal.code.tex
File: pgfcoreexternal.code.tex 2010/09/01  (rcs-revision 1.17)
\pgfexternal@startupbox=\box39
))
(/usr/share/texmf/tex/generic/pgf/basiclayer/pgfcorelayers.code.tex
File: pgfcorelayers.code.tex 2010/08/27  (rcs-revision 1.2)
)
(/usr/share/texmf/tex/generic/pgf/basiclayer/pgfcoretransparency.code.tex
File: pgfcoretransparency.code.tex 2008/01/17  (rcs-revision 1.2)
)
(/usr/share/texmf/tex/generic/pgf/basiclayer/pgfcorepatterns.code.tex
File: pgfcorepatterns.code.tex 2009/07/02  (rcs-revision 1.3)
)))
(/usr/share/texmf/tex/latex/pgf/utilities/xxcolor.sty
Package: xxcolor 2003/10/24 ver 0.1
\XC@nummixins=\count116
\XC@countmixins=\count117
)
(/usr/share/texmf-texlive/tex/latex/hyperref/hyperref.sty
Package: hyperref 2009/10/09 v6.79a Hypertext links for LaTeX

(/usr/share/texmf-texlive/tex/generic/ifxetex/ifxetex.sty
Package: ifxetex 2009/01/23 v0.5 Provides ifxetex conditional
)
(/usr/share/texmf-texlive/tex/latex/oberdiek/hycolor.sty
Package: hycolor 2009/10/02 v1.5 Code for color options of hyperref/bookmark (H
O)

(/usr/share/texmf-texlive/tex/latex/oberdiek/xcolor-patch.sty
Package: xcolor-patch 2009/10/02 xcolor patch
))
\@linkdim=\dimen157
\Hy@linkcounter=\count118
\Hy@pagecounter=\count119

(/usr/share/texmf-texlive/tex/latex/hyperref/pd1enc.def
File: pd1enc.def 2009/10/09 v6.79a Hyperref: PDFDocEncoding definition (HO)
)
(/usr/share/texmf-texlive/tex/generic/oberdiek/etexcmds.sty
Package: etexcmds 2007/12/12 v1.2 Prefix for e-TeX command names (HO)

(/usr/share/texmf-texlive/tex/generic/oberdiek/infwarerr.sty
Package: infwarerr 2007/09/09 v1.2 Providing info/warning/message (HO)
)
Package etexcmds Info: Could not find \expanded.
(etexcmds)             That can mean that you are not using pdfTeX 1.50 or
(etexcmds)             that some package has redefined \expanded.
(etexcmds)             In the latter case, load this package earlier.
)
(/usr/share/texmf-texlive/tex/latex/latexconfig/hyperref.cfg
File: hyperref.cfg 2002/06/06 v1.2 hyperref configuration of TeXLive
)
(/usr/share/texmf-texlive/tex/latex/oberdiek/kvoptions.sty
Package: kvoptions 2009/08/13 v3.4 Keyval support for LaTeX options (HO)

(/usr/share/texmf-texlive/tex/generic/oberdiek/kvsetkeys.sty
Package: kvsetkeys 2009/07/30 v1.5 Key value parser with default handler suppor
t (HO)
))
Package hyperref Info: Option `bookmarks' set `true' on input line 2864.
Package hyperref Info: Option `bookmarksopen' set `true' on input line 2864.
Package hyperref Info: Option `implicit' set `false' on input line 2864.
Package hyperref Info: Hyper figures OFF on input line 2975.
Package hyperref Info: Link nesting OFF on input line 2980.
Package hyperref Info: Hyper index ON on input line 2983.
Package hyperref Info: Plain pages OFF on input line 2990.
Package hyperref Info: Backreferencing OFF on input line 2995.

Implicit mode OFF; no redefinition of LaTeX internals
Package hyperref Info: Bookmarks ON on input line 3191.
(/usr/share/texmf-texlive/tex/latex/ltxmisc/url.sty
\Urlmuskip=\muskip10
Package: url 2006/04/12  ver 3.3  Verb mode for urls, etc.
)
LaTeX Info: Redefining \url on input line 3428.

(/usr/share/texmf-texlive/tex/generic/oberdiek/bitset.sty
Package: bitset 2007/09/28 v1.0 Data type bit set (HO)

(/usr/share/texmf-texlive/tex/generic/oberdiek/intcalc.sty
Package: intcalc 2007/09/27 v1.1 Expandable integer calculations (HO)
)
(/usr/share/texmf-texlive/tex/generic/oberdiek/bigintcalc.sty
Package: bigintcalc 2007/11/11 v1.1 Expandable big integer calculations (HO)

(/usr/share/texmf-texlive/tex/generic/oberdiek/pdftexcmds.sty
Package: pdftexcmds 2009/09/23 v0.6 LuaTeX support for pdfTeX utility functions
 (HO)

(/usr/share/texmf-texlive/tex/generic/oberdiek/ifluatex.sty
Package: ifluatex 2009/04/17 v1.2 Provides the ifluatex switch (HO)
Package ifluatex Info: LuaTeX not detected.
)
(/usr/share/texmf-texlive/tex/generic/oberdiek/ltxcmds.sty
Package: ltxcmds 2009/08/05 v1.0 Some LaTeX kernel commands for general use (HO
)
)
Package pdftexcmds Info: LuaTeX not detected.
Package pdftexcmds Info: \pdf@primitive is available.
Package pdftexcmds Info: \pdf@ifprimitive is available.
)))
\Fld@menulength=\count120
\Field@Width=\dimen158
\Fld@charsize=\dimen159
\Field@toks=\toks23
Package hyperref Info: Hyper figures OFF on input line 4377.
Package hyperref Info: Link nesting OFF on input line 4382.
Package hyperref Info: Hyper index ON on input line 4385.
Package hyperref Info: backreferencing OFF on input line 4392.
Package hyperref Info: Link coloring OFF on input line 4397.
Package hyperref Info: Link coloring with OCG OFF on input line 4402.
Package hyperref Info: PDF/A mode OFF on input line 4407.

(/usr/share/texmf-texlive/tex/generic/oberdiek/atbegshi.sty
Package: atbegshi 2008/07/31 v1.9 At begin shipout hook (HO)
)
\Hy@abspage=\count121

Hyperref stopped early
)
*hyperref using default driver hpdftex*
(/usr/share/texmf-texlive/tex/latex/hyperref/hpdftex.def
File: hpdftex.def 2009/10/09 v6.79a Hyperref driver for pdfTeX
\Fld@listcount=\count122
)
(/usr/share/texmf/tex/latex/beamer/base/beamerbaserequires.sty
Package: beamerbaserequires 2010/05/01  (rcs-revision efa082c6111d)

(/usr/share/texmf/tex/latex/beamer/base/beamerbasecompatibility.sty
Package: beamerbasecompatibility 2010/07/12  (rcs-revision 6648c3177e4e)
)
(/usr/share/texmf/tex/latex/beamer/base/beamerbasefont.sty
Package: beamerbasefont 2010/05/10  (rcs-revision cd36e8a33c6b)

(/usr/share/texmf-texlive/tex/latex/amsfonts/amssymb.sty
Package: amssymb 2009/06/22 v3.00

(/usr/share/texmf-texlive/tex/latex/amsfonts/amsfonts.sty
Package: amsfonts 2009/06/22 v3.00 Basic AMSFonts support
\@emptytoks=\toks24
\symAMSa=\mathgroup4
\symAMSb=\mathgroup5
LaTeX Font Info:    Overwriting math alphabet `\mathfrak' in version `bold'
(Font)                  U/euf/m/n --> U/euf/b/n on input line 96.
)))
(/usr/share/texmf/tex/latex/beamer/base/beamerbasetranslator.sty
Package: beamerbasetranslator 2010/06/11  (rcs-revision 85fd1cc7fc42)

(/usr/share/texmf/tex/latex/beamer/base/translator/translator.sty
Package: translator 2010/06/12 ver 1.10

(/usr/share/texmf/tex/latex/beamer/base/translator/translator-language-mappings
.tex))) (/usr/share/texmf/tex/latex/beamer/base/beamerbasemisc.sty
Package: beamerbasemisc 2010/06/06  (rcs-revision bff0a9294b45)
)
(/usr/share/texmf/tex/latex/beamer/base/beamerbasetwoscreens.sty
Package: beamerbasetwoscreens 2010/05/01  (rcs-revision efa082c6111d)
)
(/usr/share/texmf/tex/latex/beamer/base/beamerbaseoverlay.sty
Package: beamerbaseoverlay 2010/05/07  (rcs-revision 5584dad462a9)
\beamer@argscount=\count123
\beamer@lastskipcover=\skip44
\beamer@trivlistdepth=\count124
)
(/usr/share/texmf/tex/latex/beamer/base/beamerbasetitle.sty
Package: beamerbasetitle 2010/06/12  (rcs-revision 717e481ca47a)
)
(/usr/share/texmf/tex/latex/beamer/base/beamerbasesection.sty
Package: beamerbasesection 2010/06/17  (rcs-revision e0d9401bb743)
\c@lecture=\count125
\c@part=\count126
\c@section=\count127
\c@subsection=\count128
\c@subsubsection=\count129
)
(/usr/share/texmf/tex/latex/beamer/base/beamerbaseframe.sty
Package: beamerbaseframe 2010/06/06  (rcs-revision bff0a9294b45)
\beamer@framebox=\box40
\beamer@frametitlebox=\box41
\beamer@zoombox=\box42
\beamer@zoomcount=\count130
\beamer@zoomframecount=\count131
\beamer@frametextheight=\dimen160
\c@subsectionslide=\count132
\beamer@frametopskip=\skip45
\beamer@framebottomskip=\skip46
\beamer@frametopskipautobreak=\skip47
\beamer@framebottomskipautobreak=\skip48
\beamer@envbody=\toks25
\c@framenumber=\count133
)
(/usr/share/texmf/tex/latex/beamer/base/beamerbaseverbatim.sty
Package: beamerbaseverbatim 2010/05/01  (rcs-revision efa082c6111d)
\beamer@verbatimfileout=\write4
)
(/usr/share/texmf/tex/latex/beamer/base/beamerbaseframesize.sty
Package: beamerbaseframesize 2010/06/27  (rcs-revision 6baa2d92e6f1)
\beamer@splitbox=\box43
\beamer@autobreakcount=\count134
\beamer@autobreaklastheight=\dimen161
\beamer@frametitletoks=\toks26
\beamer@framesubtitletoks=\toks27
)
(/usr/share/texmf/tex/latex/beamer/base/beamerbaseframecomponents.sty
Package: beamerbaseframecomponents 2010/07/12  (rcs-revision 09e82992d9b1)
\beamer@footins=\box44
)
(/usr/share/texmf/tex/latex/beamer/base/beamerbasecolor.sty
Package: beamerbasecolor 2010/06/06  (rcs-revision d1a9b48be06d)
)
(/usr/share/texmf/tex/latex/beamer/base/beamerbasenotes.sty
Package: beamerbasenotes 2010/05/01  (rcs-revision efa082c6111d)
\beamer@frameboxcopy=\box45
)
(/usr/share/texmf/tex/latex/beamer/base/beamerbasetoc.sty
Package: beamerbasetoc 2010/06/11  (rcs-revision 242ecaa6783b)
)
(/usr/share/texmf/tex/latex/beamer/base/beamerbasetemplates.sty
Package: beamerbasetemplates 2010/05/01  (rcs-revision efa082c6111d)
\beamer@sbttoks=\toks28

(/usr/share/texmf/tex/latex/beamer/base/beamerbaseauxtemplates.sty
Package: beamerbaseauxtemplates 2010/05/01  (rcs-revision efa082c6111d)

(/usr/share/texmf/tex/latex/beamer/base/beamerbaseboxes.sty
Package: beamerbaseboxes 2010/05/01  (rcs-revision efa082c6111d)
\bmb@box=\box46
\bmb@colorbox=\box47
\bmb@boxshadow=\box48
\bmb@boxshadowball=\box49
\bmb@boxshadowballlarge=\box50
\bmb@temp=\dimen162
\bmb@dima=\dimen163
\bmb@dimb=\dimen164
\bmb@prevheight=\dimen165
)
\beamer@blockheadheight=\dimen166
))
(/usr/share/texmf/tex/latex/beamer/base/beamerbaselocalstructure.sty
Package: beamerbaselocalstructure 2010/06/01  (rcs-revision 81f9e33f7cc2)

(/usr/share/texmf-texlive/tex/latex/tools/enumerate.sty
Package: enumerate 1999/03/05 v3.00 enumerate extensions (DPC)
\@enLab=\toks29
)
\c@figure=\count135
\c@table=\count136
\abovecaptionskip=\skip49
\belowcaptionskip=\skip50
)
(/usr/share/texmf/tex/latex/beamer/base/beamerbasenavigation.sty
Package: beamerbasenavigation 2010/05/01  (rcs-revision efa082c6111d)
)
(/usr/share/texmf/tex/latex/beamer/base/beamerbasetheorems.sty
Package: beamerbasetheorems 2010/06/06  (rcs-revision 7e7cc5e53e9d)

(/usr/share/texmf-texlive/tex/latex/amsmath/amsmath.sty
Package: amsmath 2000/07/18 v2.13 AMS math features
\@mathmargin=\skip51

For additional information on amsmath, use the `?' option.
(/usr/share/texmf-texlive/tex/latex/amsmath/amstext.sty
Package: amstext 2000/06/29 v2.01

(/usr/share/texmf-texlive/tex/latex/amsmath/amsgen.sty
File: amsgen.sty 1999/11/30 v2.0
\@emptytoks=\toks30
\ex@=\dimen167
))
(/usr/share/texmf-texlive/tex/latex/amsmath/amsbsy.sty
Package: amsbsy 1999/11/29 v1.2d
\pmbraise@=\dimen168
)
(/usr/share/texmf-texlive/tex/latex/amsmath/amsopn.sty
Package: amsopn 1999/12/14 v2.01 operator names
)
\inf@bad=\count137
LaTeX Info: Redefining \frac on input line 211.
\uproot@=\count138
\leftroot@=\count139
LaTeX Info: Redefining \overline on input line 307.
\classnum@=\count140
\DOTSCASE@=\count141
LaTeX Info: Redefining \ldots on input line 379.
LaTeX Info: Redefining \dots on input line 382.
LaTeX Info: Redefining \cdots on input line 467.
\Mathstrutbox@=\box51
\strutbox@=\box52
\big@size=\dimen169
LaTeX Font Info:    Redeclaring font encoding OML on input line 567.
LaTeX Font Info:    Redeclaring font encoding OMS on input line 568.
\macc@depth=\count142
\c@MaxMatrixCols=\count143
\dotsspace@=\muskip11
\c@parentequation=\count144
\dspbrk@lvl=\count145
\tag@help=\toks31
\row@=\count146
\column@=\count147
\maxfields@=\count148
\andhelp@=\toks32
\eqnshift@=\dimen170
\alignsep@=\dimen171
\tagshift@=\dimen172
\tagwidth@=\dimen173
\totwidth@=\dimen174
\lineht@=\dimen175
\@envbody=\toks33
\multlinegap=\skip52
\multlinetaggap=\skip53
\mathdisplay@stack=\toks34
LaTeX Info: Redefining \[ on input line 2666.
LaTeX Info: Redefining \] on input line 2667.
)
(/usr/share/texmf-texlive/tex/latex/amscls/amsthm.sty
Package: amsthm 2004/08/06 v2.20
\thm@style=\toks35
\thm@bodyfont=\toks36
\thm@headfont=\toks37
\thm@notefont=\toks38
\thm@headpunct=\toks39
\thm@preskip=\skip54
\thm@postskip=\skip55
\thm@headsep=\skip56
\dth@everypar=\toks40
)
\c@theorem=\count149
)
(/usr/share/texmf/tex/latex/beamer/base/beamerbasethemes.sty
Package: beamerbasethemes 2010/05/01  (rcs-revision efa082c6111d)
))
(/usr/share/texmf/tex/latex/beamer/base/themes/theme/beamerthemedefault.sty
Package: beamerthemedefault 2010/06/17  (rcs-revision d02a7cf4d8ae)

(/usr/share/texmf/tex/latex/beamer/base/themes/font/beamerfontthemedefault.sty
Package: beamerfontthemedefault 2010/06/17  (rcs-revision d02a7cf4d8ae)
)
(/usr/share/texmf/tex/latex/beamer/base/themes/color/beamercolorthemedefault.st
y
Package: beamercolorthemedefault 2010/06/17  (rcs-revision d02a7cf4d8ae)
)
(/usr/share/texmf/tex/latex/beamer/base/themes/inner/beamerinnerthemedefault.st
y
Package: beamerinnerthemedefault 2010/06/17  (rcs-revision d02a7cf4d8ae)
\beamer@dima=\dimen176
\beamer@dimb=\dimen177
)
(/usr/share/texmf/tex/latex/beamer/base/themes/outer/beamerouterthemedefault.st
y
Package: beamerouterthemedefault 2010/06/17  (rcs-revision d02a7cf4d8ae)
))) (/usr/share/texmf-texlive/tex/latex/ltxmisc/relsize.sty
Package: relsize 2003/07/04 ver 3.1
)
(/usr/share/texmf-texlive/tex/latex/textpos/textpos.sty
Package: textpos 2009/05/28 v1.7f

Package: `textpos' 1.7f <2009 May 28>
\TP@textbox=\box53
\TP@holdbox=\box54
\TPHorizModule=\dimen178
\TPVertModule=\dimen179
\TP@margin=\dimen180
\TP@absmargin=\dimen181
Grid set 16 x 16 = 22.7622pt x 17.07166pt
\TPboxrulesize=\dimen182
\TP@ox=\dimen183
\TP@oy=\dimen184
\TP@tbargs=\toks41
\TP@prevdepth=\dimen185
TextBlockOrigin set to 0pt x 0pt
) (/usr/share/texmf-texlive/tex/latex/base/ifthen.sty
Package: ifthen 2001/05/26 v1.1c Standard LaTeX ifthen package (DPC)
)
(/usr/share/texmf/tex/latex/beamer/base/themes/theme/beamerthemeWarsaw.sty
Package: beamerthemeWarsaw 2010/06/17  (rcs-revision d02a7cf4d8ae)

(/usr/share/texmf/tex/latex/beamer/base/themes/inner/beamerinnerthemerounded.st
y
Package: beamerinnerthemerounded 2010/06/17  (rcs-revision d02a7cf4d8ae)
)
(/usr/share/texmf/tex/latex/beamer/base/themes/outer/beamerouterthemeshadow.sty
Package: beamerouterthemeshadow 2010/06/17  (rcs-revision d02a7cf4d8ae)
(/usr/share/texmf/tex/latex/beamer/base/themes/outer/beamerouterthemesplit.sty
Package: beamerouterthemesplit 2010/06/17  (rcs-revision d02a7cf4d8ae)
))
(/usr/share/texmf/tex/latex/beamer/base/themes/color/beamercolorthemeorchid.sty
Package: beamercolorthemeorchid 2010/06/17  (rcs-revision d02a7cf4d8ae)
)
(/usr/share/texmf/tex/latex/beamer/base/themes/color/beamercolorthemewhale.sty
Package: beamercolorthemewhale 2010/06/17  (rcs-revision d02a7cf4d8ae)
))
Grid set 10 x 5 = 34.71237pt x 44.38634pt
TextBlockOrigin set to 3mm x 9mm
\navigationwidth=\skip57
\conferencebox=\box55
\coauthorbox=\box56
\coauthorsbox=\box57
) (/usr/share/texmf-texlive/tex/latex/subfig/subfig.sty
Package: subfig 2005/06/28 ver: 1.3 subfig package

(/usr/share/texmf-texlive/tex/latex/caption/caption.sty
Package: caption 2009/10/09 v3.1k Customizing captions (AR)

(/usr/share/texmf-texlive/tex/latex/caption/caption3.sty
Package: caption3 2009/10/09 v3.1k caption3 kernel (AR)
\captionmargin=\dimen186
\captionmargin@=\dimen187
\captionwidth=\dimen188
\caption@indent=\dimen189
\caption@parindent=\dimen190
\caption@hangindent=\dimen191
)
\c@ContinuedFloat=\count150
Package caption Info: beamer document class.
Package caption Info: hyperref package is loaded.


Package caption Warning: Hyperref support is turned off
(caption)                because hyperref has stopped early.
See the caption package documentation for explanation.

)
\c@KVtest=\count151
\sf@farskip=\skip58
\sf@captopadj=\dimen192
\sf@capskip=\skip59
\sf@nearskip=\skip60
\c@subfigure=\count152
\c@subfigure@save=\count153
\c@depth=\count154
\c@subtable=\count155
\c@subtable@save=\count156
\sf@top=\skip61
\sf@bottom=\skip62
) (/usr/share/texmf/tex/latex/pgf/frontendlayer/tikz.sty
(/usr/share/texmf/tex/latex/pgf/basiclayer/pgf.sty
Package: pgf 2008/01/15 v2.10 (rcs-revision 1.12)

(/usr/share/texmf/tex/generic/pgf/modules/pgfmoduleshapes.code.tex
File: pgfmoduleshapes.code.tex 2010/09/09  (rcs-revision 1.13)
\pgfnodeparttextbox=\box58
)
(/usr/share/texmf/tex/generic/pgf/modules/pgfmoduleplot.code.tex
File: pgfmoduleplot.code.tex 2010/10/22  (rcs-revision 1.8)
)
(/usr/share/texmf/tex/latex/pgf/compatibility/pgfcomp-version-0-65.sty
Package: pgfcomp-version-0-65 2007/07/03 v2.10 (rcs-revision 1.7)
\pgf@nodesepstart=\dimen193
\pgf@nodesepend=\dimen194
)
(/usr/share/texmf/tex/latex/pgf/compatibility/pgfcomp-version-1-18.sty
Package: pgfcomp-version-1-18 2007/07/23 v2.10 (rcs-revision 1.1)
))
(/usr/share/texmf/tex/latex/pgf/utilities/pgffor.sty
(/usr/share/texmf/tex/latex/pgf/utilities/pgfkeys.sty
(/usr/share/texmf/tex/generic/pgf/utilities/pgfkeys.code.tex))
(/usr/share/texmf/tex/generic/pgf/utilities/pgffor.code.tex
Package: pgffor 2010/03/23 v2.10 (rcs-revision 1.18)
\pgffor@iter=\dimen195
\pgffor@skip=\dimen196
\pgffor@stack=\toks42
\pgffor@toks=\toks43
))
(/usr/share/texmf/tex/generic/pgf/frontendlayer/tikz/tikz.code.tex
Package: tikz 2010/10/13 v2.10 (rcs-revision 1.76)

(/usr/share/texmf/tex/generic/pgf/libraries/pgflibraryplothandlers.code.tex
File: pgflibraryplothandlers.code.tex 2010/05/31 v2.10 (rcs-revision 1.15)
\pgf@plot@mark@count=\count157
\pgfplotmarksize=\dimen197
)
\tikz@lastx=\dimen198
\tikz@lasty=\dimen199
\tikz@lastxsaved=\dimen200
\tikz@lastysaved=\dimen201
\tikzleveldistance=\dimen202
\tikzsiblingdistance=\dimen203
\tikz@figbox=\box59
\tikz@tempbox=\box60
\tikztreelevel=\count158
\tikznumberofchildren=\count159
\tikznumberofcurrentchild=\count160
\tikz@fig@count=\count161

(/usr/share/texmf/tex/generic/pgf/modules/pgfmodulematrix.code.tex
File: pgfmodulematrix.code.tex 2010/08/24  (rcs-revision 1.4)
\pgfmatrixcurrentrow=\count162
\pgfmatrixcurrentcolumn=\count163
\pgf@matrix@numberofcolumns=\count164
)
\tikz@expandcount=\count165

(/usr/share/texmf/tex/generic/pgf/frontendlayer/tikz/libraries/tikzlibrarytopat
hs.code.tex
File: tikzlibrarytopaths.code.tex 2008/06/17 v2.10 (rcs-revision 1.2)
))) (/usr/share/texmf-texlive/tex/latex/oberdiek/centernot.sty
Package: centernot 2007/05/31 v1.1 Centers the not symbol horizontally (HO)
)
(./groove2tikz.sty) (/usr/share/texmf-texlive/tex/latex/base/fontenc.sty
Package: fontenc 2005/09/27 v1.99g Standard LaTeX package

(/usr/share/texmf-texlive/tex/latex/base/t1enc.def
File: t1enc.def 2005/09/27 v1.99g Standard LaTeX file
LaTeX Font Info:    Redeclaring font encoding T1 on input line 43.
))
(/usr/share/texmf/tex/generic/pgf/frontendlayer/tikz/libraries/tikzlibraryarrow
s.code.tex
File: tikzlibraryarrows.code.tex 2008/01/09 v2.10 (rcs-revision 1.1)

(/usr/share/texmf/tex/generic/pgf/libraries/pgflibraryarrows.code.tex
File: pgflibraryarrows.code.tex 2008/10/27 v2.10 (rcs-revision 1.9)
\arrowsize=\dimen204
))
(/usr/share/texmf/tex/generic/pgf/frontendlayer/tikz/libraries/tikzlibraryautom
ata.code.tex
File: tikzlibraryautomata.code.tex 2008/07/14 v2.10 (rcs-revision 1.3)

(/usr/share/texmf/tex/generic/pgf/frontendlayer/tikz/libraries/tikzlibraryshape
s.multipart.code.tex
File: tikzlibraryshapes.multipart.code.tex 2008/01/09 v2.10 (rcs-revision 1.1)

(/usr/share/texmf/tex/generic/pgf/libraries/shapes/pgflibraryshapes.multipart.c
ode.tex
File: pgflibraryshapes.multipart.code.tex 2010/01/07 v2.10 (rcs-revision 1.2)
\pgfnodepartlowerbox=\box61
\pgfnodeparttwobox=\box62
\pgfnodepartthreebox=\box63
\pgfnodepartfourbox=\box64
\pgfnodeparttwentybox=\box65
\pgfnodepartnineteenbox=\box66
\pgfnodeparteighteenbox=\box67
\pgfnodepartseventeenbox=\box68
\pgfnodepartsixteenbox=\box69
\pgfnodepartfifteenbox=\box70
\pgfnodepartfourteenbox=\box71
\pgfnodepartthirteenbox=\box72
\pgfnodeparttwelvebox=\box73
\pgfnodepartelevenbox=\box74
\pgfnodeparttenbox=\box75
\pgfnodepartninebox=\box76
\pgfnodeparteightbox=\box77
\pgfnodepartsevenbox=\box78
\pgfnodepartsixbox=\box79
\pgfnodepartfivebox=\box80
)))
(/usr/share/texmf/tex/generic/pgf/frontendlayer/tikz/libraries/tikzlibraryshape
s.geometric.code.tex
File: tikzlibraryshapes.geometric.code.tex 2008/01/09 v2.10 (rcs-revision 1.1)

(/usr/share/texmf/tex/generic/pgf/libraries/shapes/pgflibraryshapes.geometric.c
ode.tex
File: pgflibraryshapes.geometric.code.tex 2008/06/26 v2.10 (rcs-revision 1.1)
))
(/usr/share/texmf/tex/generic/pgf/frontendlayer/tikz/libraries/tikzlibraryposit
ioning.code.tex
File: tikzlibrarypositioning.code.tex 2008/10/06 v2.10 (rcs-revision 1.7)
)
(/usr/share/texmf/tex/generic/pgf/frontendlayer/tikz/libraries/tikzlibrarybackg
rounds.code.tex
File: tikzlibrarybackgrounds.code.tex 2010/02/08 v2.10 (rcs-revision 1.2)
\pgf@layerbox@background=\box81
\pgf@layerboxsaved@background=\box82
) (./commands_style.tex
\c@ruledefcounter=\count166
)
(/usr/share/texmf/tex/generic/pgf/frontendlayer/tikz/libraries/tikzlibraryer.co
de.tex
File: tikzlibraryer.code.tex 2008/02/20 v2.10 (rcs-revision 1.2)
) (./presentation.aux)
\openout1 = `presentation.aux'.

LaTeX Font Info:    Checking defaults for OML/cmm/m/it on input line 52.
LaTeX Font Info:    ... okay on input line 52.
LaTeX Font Info:    Checking defaults for T1/cmr/m/n on input line 52.
LaTeX Font Info:    ... okay on input line 52.
LaTeX Font Info:    Checking defaults for OT1/cmr/m/n on input line 52.
LaTeX Font Info:    ... okay on input line 52.
LaTeX Font Info:    Checking defaults for OMS/cmsy/m/n on input line 52.
LaTeX Font Info:    ... okay on input line 52.
LaTeX Font Info:    Checking defaults for OMX/cmex/m/n on input line 52.
LaTeX Font Info:    ... okay on input line 52.
LaTeX Font Info:    Checking defaults for U/cmr/m/n on input line 52.
LaTeX Font Info:    ... okay on input line 52.
LaTeX Font Info:    Checking defaults for PD1/pdf/m/n on input line 52.
LaTeX Font Info:    ... okay on input line 52.

*geometry auto-detecting driver*
*geometry detected driver: pdftex*
-------------------- Geometry parameters
paper: user defined
landscape: --
twocolumn: --
twoside: --
asymmetric: --
h-parts: 28.45274pt, 307.28987pt, 28.45274pt
v-parts: 0.0pt, 273.14662pt, 0.0pt
hmarginratio: --
vmarginratio: --
lines: --
heightrounded: --
bindingoffset: 0.0pt
truedimen: --
includehead: true
includefoot: true
includemp: --
driver: pdftex
-------------------- Page layout dimensions and switches
\paperwidth  364.19536pt
\paperheight 273.14662pt
\textwidth  307.28987pt
\textheight 244.6939pt
\oddsidemargin  -43.81725pt
\evensidemargin -43.81725pt
\topmargin  -72.26999pt
\headheight 14.22636pt
\headsep    0.0pt
\footskip   14.22636pt
\marginparwidth 4.0pt
\marginparsep   10.0pt
\columnsep  10.0pt
\skip\footins  10.0pt plus 4.0pt minus 2.0pt
\hoffset 0.0pt
\voffset 0.0pt
\mag 1000

(1in=72.27pt, 1cm=28.45pt)
-----------------------
(/usr/share/texmf-texlive/tex/context/base/supp-pdf.mkii
[Loading MPS to PDF converter (version 2006.09.02).]
\scratchcounter=\count167
\scratchdimen=\dimen205
\scratchbox=\box83
\nofMPsegments=\count168
\nofMParguments=\count169
\everyMPshowfont=\toks44
\MPscratchCnt=\count170
\MPscratchDim=\dimen206
\MPnumerator=\count171
\everyMPtoPDFconversion=\toks45
) ABD: EveryShipout initializing macros
Package hyperref Info: Link coloring OFF on input line 52.

(/usr/share/texmf-texlive/tex/latex/hyperref/nameref.sty
Package: nameref 2007/05/29 v2.31 Cross-referencing by name of section

(/usr/share/texmf-texlive/tex/latex/oberdiek/refcount.sty
Package: refcount 2008/08/11 v3.1 Data extraction from references (HO)
)
\c@section@level=\count172
)
LaTeX Info: Redefining \ref on input line 52.
LaTeX Info: Redefining \pageref on input line 52.
 (./presentation.out) (./presentation.out)
\@outlinefile=\write5
\openout5 = `presentation.out'.

\AtBeginShipoutBox=\box84
LaTeX Font Info:    Overwriting symbol font `operators' in version `normal'
(Font)                  OT1/cmr/m/n --> OT1/cmss/m/n on input line 52.
LaTeX Font Info:    Overwriting symbol font `operators' in version `bold'
(Font)                  OT1/cmr/bx/n --> OT1/cmss/bx/n on input line 52.
\symnumbers=\mathgroup6
\sympureletters=\mathgroup7
LaTeX Font Info:    Overwriting math alphabet `\mathrm' in version `normal'
(Font)                  OT1/cmss/m/n --> T1/cmr/m/n on input line 52.
LaTeX Font Info:    Redeclaring math alphabet \mathbf on input line 52.
LaTeX Font Info:    Overwriting math alphabet `\mathbf' in version `normal'
(Font)                  OT1/cmr/bx/n --> T1/cmss/bx/n on input line 52.
LaTeX Font Info:    Overwriting math alphabet `\mathbf' in version `bold'
(Font)                  OT1/cmr/bx/n --> T1/cmss/bx/n on input line 52.
LaTeX Font Info:    Redeclaring math alphabet \mathsf on input line 52.
LaTeX Font Info:    Overwriting math alphabet `\mathsf' in version `normal'
(Font)                  OT1/cmss/m/n --> T1/cmss/m/n on input line 52.
LaTeX Font Info:    Overwriting math alphabet `\mathsf' in version `bold'
(Font)                  OT1/cmss/bx/n --> T1/cmss/m/n on input line 52.
LaTeX Font Info:    Redeclaring math alphabet \mathit on input line 52.
LaTeX Font Info:    Overwriting math alphabet `\mathit' in version `normal'
(Font)                  OT1/cmr/m/it --> T1/cmss/m/it on input line 52.
LaTeX Font Info:    Overwriting math alphabet `\mathit' in version `bold'
(Font)                  OT1/cmr/bx/it --> T1/cmss/m/it on input line 52.
LaTeX Font Info:    Redeclaring math alphabet \mathtt on input line 52.
LaTeX Font Info:    Overwriting math alphabet `\mathtt' in version `normal'
(Font)                  OT1/cmtt/m/n --> T1/cmtt/m/n on input line 52.
LaTeX Font Info:    Overwriting math alphabet `\mathtt' in version `bold'
(Font)                  OT1/cmtt/m/n --> T1/cmtt/m/n on input line 52.
LaTeX Font Info:    Overwriting symbol font `numbers' in version `bold'
(Font)                  T1/cmss/m/n --> T1/cmss/bx/n on input line 52.
LaTeX Font Info:    Overwriting symbol font `pureletters' in version `bold'
(Font)                  T1/cmss/m/it --> T1/cmss/bx/it on input line 52.
LaTeX Font Info:    Overwriting math alphabet `\mathrm' in version `bold'
(Font)                  OT1/cmss/bx/n --> T1/cmr/bx/n on input line 52.
LaTeX Font Info:    Overwriting math alphabet `\mathbf' in version `bold'
(Font)                  T1/cmss/bx/n --> T1/cmss/bx/n on input line 52.
LaTeX Font Info:    Overwriting math alphabet `\mathsf' in version `bold'
(Font)                  T1/cmss/m/n --> T1/cmss/bx/n on input line 52.
LaTeX Font Info:    Overwriting math alphabet `\mathit' in version `bold'
(Font)                  T1/cmss/m/it --> T1/cmss/bx/it on input line 52.
LaTeX Font Info:    Overwriting math alphabet `\mathtt' in version `bold'
(Font)                  T1/cmtt/m/n --> T1/cmtt/bx/n on input line 52.

(/usr/share/texmf/tex/latex/beamer/base/translator/dicts/translator-basic-dicti
onary/translator-basic-dictionary-English.dict
Dictionary: translator-basic-dictionary, Language: English 
)
(/usr/share/texmf/tex/latex/beamer/base/translator/dicts/translator-bibliograph
y-dictionary/translator-bibliography-dictionary-English.dict
Dictionary: translator-bibliography-dictionary, Language: English 
)
(/usr/share/texmf/tex/latex/beamer/base/translator/dicts/translator-environment
-dictionary/translator-environment-dictionary-English.dict
Dictionary: translator-environment-dictionary, Language: English 
)
(/usr/share/texmf/tex/latex/beamer/base/translator/dicts/translator-months-dict
ionary/translator-months-dictionary-English.dict
Dictionary: translator-months-dictionary, Language: English 
)
(/usr/share/texmf/tex/latex/beamer/base/translator/dicts/translator-numbers-dic
tionary/translator-numbers-dictionary-English.dict
Dictionary: translator-numbers-dictionary, Language: English 
)
(/usr/share/texmf/tex/latex/beamer/base/translator/dicts/translator-theorem-dic
tionary/translator-theorem-dictionary-English.dict
Dictionary: translator-theorem-dictionary, Language: English 
)
Package caption Info: Begin \AtBeginDocument code.
Package caption3 Info: subfig package 1.2 or 1.3 is loaded.
LaTeX Info: Redefining \subref on input line 52.
Package caption Info: End \AtBeginDocument code.
 (./presentation.nav)
<logoblack.pdf, id=59, 341.43309pt x 85.35826pt>
File: logoblack.pdf Graphic file (type pdf)
 <use logoblack.pdf>
LaTeX Font Info:    Try loading font information for T1+phv on input line 54.

(/usr/share/texmf-texlive/tex/latex/psnfss/t1phv.fd
File: t1phv.fd 2001/06/04 scalable font definitions for T1/phv.
)
File: logoblack.pdf Graphic file (type pdf)
 <use logoblack.pdf>
<voorkant.png, id=62, 722.7pt x 542.025pt>
File: voorkant.png Graphic file (type png)
 <use voorkant.png> [1



pdfTeX warning: pdflatex: pop empty color page stack 0
{/var/lib/texmf/fonts/map/pdftex/updmap/pdftex.map} <./voorkant.png (PNG copy)>
 <./logoblack.pdf>] (./presentation.toc)

LaTeX Font Warning: Font shape `T1/cmss/m/n' in size <4> not available
(Font)              size <5> substituted on input line 61.

File: logoblack.pdf Graphic file (type pdf)
<use logoblack.pdf> [2

]
<./figures/coffee_machine.jpg, id=113, 712.6625pt x 712.6625pt>
File: ./figures/coffee_machine.jpg Graphic file (type jpg)

<use ./figures/coffee_machine.jpg>
File: logoblack.pdf Graphic file (type pdf)
 <use logoblack.pdf> [3

 <./figures/coffee_machine.jpg>]
<./figures/guy_at_coffee_machine.jpg, id=129, 351.3125pt x 331.2375pt>
File: ./figures/guy_at_coffee_machine.jpg Graphic file (type jpg)

<use ./figures/guy_at_coffee_machine.jpg>
File: logoblack.pdf Graphic file (type pdf)
 <use logoblack.pdf> [4

 <./figures/guy_at_coffee_machine.jpg>]
<./figures/abstract_coffee_machine.png, id=145, 605.26125pt x 605.26125pt>
File: ./figures/abstract_coffee_machine.png Graphic file (type png)

<use ./figures/abstract_coffee_machine.png>
File: logoblack.pdf Graphic file (type pdf)
 <use logoblack.pdf> [5

 <./figures/abstract_coffee_machine.png (PNG copy)>] (./figures/coffee.tikz.tex
 (./style.tex)
LaTeX Font Info:    Try loading font information for U+msa on input line 6.
 (/usr/share/texmf-texlive/tex/latex/amsfonts/umsa.fd
File: umsa.fd 2009/06/22 v3.00 AMS symbols A
)
LaTeX Font Info:    Try loading font information for U+msb on input line 6.

(/usr/share/texmf-texlive/tex/latex/amsfonts/umsb.fd
File: umsb.fd 2009/06/22 v3.00 AMS symbols B
))
File: logoblack.pdf Graphic file (type pdf)
 <use logoblack.pdf>
[6

] (./figures/coffee-sts.tikz.tex (./style.tex))
File: logoblack.pdf Graphic file (type pdf)
 <use logoblack.pdf> [7

]
(./figures/mbt.tikz.tex (./groove2tikz.sty)
<./figures/coffee_pic.png, id=200, 590.205pt x 348.30125pt>
File: ./figures/coffee_pic.png Graphic file (type png)

<use ./figures/coffee_pic.png>
File: ./figures/coffee_machine.jpg Graphic file (type jpg)
 <use ./figures/coffee_machine.jpg>)
File: logoblack.pdf Graphic file (type pdf)

<use logoblack.pdf> [8

 <./figures/coffee_pic.png (PNG copy)>]
(./figures/mbt.tikz.tex (./groove2tikz.sty)
File: ./figures/coffee_pic.png Graphic file (type png)
 <use ./figures/coffee_pic.png>
File: ./figures/coffee_machine.jpg Graphic file (type jpg)

<use ./figures/coffee_machine.jpg>)
File: logoblack.pdf Graphic file (type pdf)
 <use logoblack.pdf> [9

]
(./figures/mbt.tikz.tex (./groove2tikz.sty)
File: ./figures/coffee_pic.png Graphic file (type png)
 <use ./figures/coffee_pic.png>
File: ./figures/coffee_machine.jpg Graphic file (type jpg)

<use ./figures/coffee_machine.jpg>)
File: logoblack.pdf Graphic file (type pdf)
 <use logoblack.pdf> [10

]
(./figures/mbt.tikz.tex (./groove2tikz.sty)
File: ./figures/coffee_pic.png Graphic file (type png)
 <use ./figures/coffee_pic.png>
File: ./figures/coffee_machine.jpg Graphic file (type jpg)

<use ./figures/coffee_machine.jpg>)
File: logoblack.pdf Graphic file (type pdf)
 <use logoblack.pdf> [11

]
(./figures/mbt.tikz.tex (./groove2tikz.sty)
File: ./figures/coffee_pic.png Graphic file (type png)
 <use ./figures/coffee_pic.png>
File: ./figures/coffee_machine.jpg Graphic file (type jpg)

<use ./figures/coffee_machine.jpg>)
File: logoblack.pdf Graphic file (type pdf)
 <use logoblack.pdf> [12

]
File: ./figures/coffee_machine.jpg Graphic file (type jpg)

<use ./figures/coffee_machine.jpg> (./figures/cm_simple_start.tikz)
File: logoblack.pdf Graphic file (type pdf)

<use logoblack.pdf> [13

] (./figures/cm_simple_coin.tikz.tex)
(./figures/cm_simple_push_button.tikz.tex)
(./figures/cm_simple_dispense_coffee.tikz.tex)
File: logoblack.pdf Graphic file (type pdf)
 <use logoblack.pdf> [14

]
(./figures/cm_simple_coin.tikz.tex) (./figures/cm_simple_push_button.tikz.tex)
(./figures/cm_simple_dispense_coffee.tikz.tex)
File: logoblack.pdf Graphic file (type pdf)
 <use logoblack.pdf> [15

]
(./figures/cm_simple_coin.tikz.tex) (./figures/cm_simple_push_button.tikz.tex)
(./figures/cm_simple_dispense_coffee.tikz.tex)
File: logoblack.pdf Graphic file (type pdf)
 <use logoblack.pdf> [16

]
(./figures/cm_simple_coin.tikz.tex) (./figures/cm_simple_push_button.tikz.tex)
(./figures/cm_simple_dispense_coffee.tikz.tex)
File: logoblack.pdf Graphic file (type pdf)
 <use logoblack.pdf> [17

]
(./figures/cm_simple_coin_match.tikz.tex (./figures/cm_simple_start.tikz)
(./figures/cm_simple_coin.tikz.tex) (./figures/cm_simple_s1.tikz.tex))
File: logoblack.pdf Graphic file (type pdf)

<use logoblack.pdf> [18

] (./figures/cm_simple_button_match.tikz.tex
(./figures/cm_simple_s1.tikz.tex) (./figures/cm_simple_push_button.tikz.tex)
(./figures/cm_simple_s2.tikz.tex))
File: logoblack.pdf Graphic file (type pdf)
 <use logoblack.pdf> [19

]
(./figures/cm_simple_coffee_match.tikz.tex (./figures/cm_simple_s2.tikz.tex)
(./figures/cm_simple_dispense_coffee.tikz.tex) (./figures/cm_simple_s3.tikz.tex
))
File: logoblack.pdf Graphic file (type pdf)
 <use logoblack.pdf> [20

] (./figures/cm_simple_gts.tikz.tex
(./figures/cm_simple_start.tikz) (./figures/cm_simple_s1.tikz.tex)
(./figures/cm_simple_s2.tikz.tex) (./figures/cm_simple_s3.tikz.tex))
File: logoblack.pdf Graphic file (type pdf)

<use logoblack.pdf> [21

] <./figures/atm.png, id=383, 1686.3pt x 1053.9375pt>
File: ./figures/atm.png Graphic file (type png)

<use ./figures/atm.png> <./figures/groove.png, id=384, 1686.3pt x 1053.9375pt>
File: ./figures/groove.png Graphic file (type png)

<use ./figures/groove.png>
File: logoblack.pdf Graphic file (type pdf)
 <use logoblack.pdf> [22

 <./figures/atm.png (PNG copy)> <./figures/groove.png (PNG copy)>]
File: logoblack.pdf Graphic file (type pdf)
 <use logoblack.pdf> [23

]
File: logoblack.pdf Graphic file (type pdf)

<use logoblack.pdf> [24

]
File: logoblack.pdf Graphic file (type pdf)
 <use logoblack.pdf> [25

]
File: logoblack.pdf Graphic file (type pdf)
 <use logoblack.pdf> [26

]
File: logoblack.pdf Graphic file (type pdf)

<use logoblack.pdf> [27

]
File: logoblack.pdf Graphic file (type pdf)
 <use logoblack.pdf> [28

] (./presentation.toc)
File: logoblack.pdf Graphic file (type pdf)

<use logoblack.pdf> [29

] (./presentation.toc)
File: logoblack.pdf Graphic file (type pdf)
 <use logoblack.pdf> [30

]
File: logoblack.pdf Graphic file (type pdf)

<use logoblack.pdf> [31

]
File: logoblack.pdf Graphic file (type pdf)
 <use logoblack.pdf> [32

]
File: logoblack.pdf Graphic file (type pdf)
 <use logoblack.pdf> [33

]
File: logoblack.pdf Graphic file (type pdf)

<use logoblack.pdf> [34

] (./presentation.toc)
File: logoblack.pdf Graphic file (type pdf)
 <use logoblack.pdf> [35

]
File: logoblack.pdf Graphic file (type pdf)

<use logoblack.pdf> [36

]
File: logoblack.pdf Graphic file (type pdf)
 <use logoblack.pdf> [37

]
File: logoblack.pdf Graphic file (type pdf)
 <use logoblack.pdf> [38

]
File: logoblack.pdf Graphic file (type pdf)

<use logoblack.pdf> [39

]
File: logoblack.pdf Graphic file (type pdf)
 <use logoblack.pdf> [40

] (./figures/cm_start.tikz)
File: logoblack.pdf Graphic file (type pdf)

<use logoblack.pdf> [41

] (./figures/cm_coin.tikz)
File: logoblack.pdf Graphic file (type pdf)
 <use logoblack.pdf> [42

]
(./figures/cm_push_button.tikz)
File: logoblack.pdf Graphic file (type pdf)
 <use logoblack.pdf> [43

]
(./figures/cm_dispense_coffee.tikz)
File: logoblack.pdf Graphic file (type pdf)
 <use logoblack.pdf> [44

]
(./figures/cm_error.tikz)
File: logoblack.pdf Graphic file (type pdf)
 <use logoblack.pdf> [45

] (./figures/cm_refund.tikz)
File: logoblack.pdf Graphic file (type pdf)

<use logoblack.pdf> [46

] (./figures/gts.tikz.tex (./style.tex))
File: logoblack.pdf Graphic file (type pdf)

<use logoblack.pdf> [47

] (./figures/cm_sts.tikz.tex (./style.tex))
File: logoblack.pdf Graphic file (type pdf)

<use logoblack.pdf> [48

] (./presentation.toc)
File: logoblack.pdf Graphic file (type pdf)
 <use logoblack.pdf> [49

]
(./figures/cloud.tikz.tex (./style.tex)
File: ./figures/groove.png Graphic file (type png)
 <use ./figures/groove.png>
<./figures/cloud.png, id=778, 117.43875pt x 86.3225pt>
File: ./figures/cloud.png Graphic file (type png)

<use ./figures/cloud.png>
File: ./figures/atm.png Graphic file (type png)
 <use ./figures/atm.png>
File: ./figures/coffee_machine.jpg Graphic file (type jpg)

<use ./figures/coffee_machine.jpg>)
File: logoblack.pdf Graphic file (type pdf)
 <use logoblack.pdf> [50

 <./figures/cloud.png>] (./presentation.toc)
File: logoblack.pdf Graphic file (type pdf)
 <use logoblack.pdf> [51

]
File: logoblack.pdf Graphic file (type pdf)
 <use logoblack.pdf> [52

]
File: logoblack.pdf Graphic file (type pdf)

<use logoblack.pdf> [53

]
File: logoblack.pdf Graphic file (type pdf)
 <use logoblack.pdf> [54

]
File: logoblack.pdf Graphic file (type pdf)
 <use logoblack.pdf> [55

]
File: logoblack.pdf Graphic file (type pdf)

<use logoblack.pdf> [56

]
File: logoblack.pdf Graphic file (type pdf)
 <use logoblack.pdf> [57

]
File: logoblack.pdf Graphic file (type pdf)
 <use logoblack.pdf> [58

]
File: logoblack.pdf Graphic file (type pdf)

<use logoblack.pdf> [59

]
File: logoblack.pdf Graphic file (type pdf)
 <use logoblack.pdf> [60

]
File: logoblack.pdf Graphic file (type pdf)
 <use logoblack.pdf> [61

]
File: logoblack.pdf Graphic file (type pdf)

<use logoblack.pdf> [62

]
File: logoblack.pdf Graphic file (type pdf)
 <use logoblack.pdf> [63

]
File: logoblack.pdf Graphic file (type pdf)
 <use logoblack.pdf> [64

]
File: logoblack.pdf Graphic file (type pdf)

<use logoblack.pdf> [65

]
File: logoblack.pdf Graphic file (type pdf)
 <use logoblack.pdf> [66

]
File: logoblack.pdf Graphic file (type pdf)
 <use logoblack.pdf> [67

]
File: logoblack.pdf Graphic file (type pdf)

<use logoblack.pdf> [68

]
File: logoblack.pdf Graphic file (type pdf)
 <use logoblack.pdf> [69

] (./presentation.toc)
File: logoblack.pdf Graphic file (type pdf)

<use logoblack.pdf> [70

]
File: logoblack.pdf Graphic file (type pdf)
 <use logoblack.pdf> [71

]
File: logoblack.pdf Graphic file (type pdf)
 <use logoblack.pdf> [72

]
File: logoblack.pdf Graphic file (type pdf)

<use logoblack.pdf> [73

]
File: logoblack.pdf Graphic file (type pdf)
 <use logoblack.pdf> [74

]
\tf@nav=\write6
\openout6 = `presentation.nav'.

\tf@toc=\write7
\openout7 = `presentation.toc'.

\tf@snm=\write8
\openout8 = `presentation.snm'.

 (./presentation.aux)

LaTeX Font Warning: Size substitutions with differences
(Font)              up to 1.0pt have occurred.

 ) 
Here is how much of TeX's memory you used:
 21072 strings out of 495061
 409160 string characters out of 1182622
 501855 words of memory out of 3000000
 23396 multiletter control sequences out of 15000+50000
 23748 words of font info for 48 fonts, out of 3000000 for 9000
 28 hyphenation exceptions out of 8191
 55i,19n,78p,437b,1303s stack positions out of 5000i,500n,10000p,200000b,50000s
 </home/dbruijn/.texmf-var/fonts/pk/ljfour/jknappen/ec/ecsx0900.600pk> </home
/dbruijn/.texmf-var/fonts/pk/ljfour/jknappen/ec/ecsi1095.600pk> </home/dbruijn/
.texmf-var/fonts/pk/ljfour/jknappen/ec/ecsi0900.600pk> </home/dbruijn/.texmf-va
r/fonts/pk/ljfour/jknappen/ec/ecss1000.600pk> </home/dbruijn/.texmf-var/fonts/p
k/ljfour/jknappen/ec/ecss0800.600pk> </home/dbruijn/.texmf-var/fonts/pk/ljfour/
jknappen/ec/ecss1440.600pk> </home/dbruijn/.texmf-var/fonts/pk/ljfour/jknappen/
ec/ecss0600.600pk> </home/dbruijn/.texmf-var/fonts/pk/ljfour/jknappen/ec/ecss09
00.600pk> </home/dbruijn/.texmf-var/fonts/pk/ljfour/jknappen/ec/ecss1095.600pk>
{/usr/share/texmf-texlive/fonts/enc/dvips/base/8r.enc}</usr/share/texmf-texlive
/fonts/type1/public/amsfonts/cm/cmmi9.pfb></usr/share/texmf-texlive/fonts/type1
/public/amsfonts/cm/cmss9.pfb></usr/share/texmf-texlive/fonts/type1/public/amsf
onts/cm/cmsy9.pfb></usr/share/texmf-texlive/fonts/type1/urw/helvetic/uhvb8ac.pf
b>
Output written on presentation.pdf (74 pages, 978347 bytes).
PDF statistics:
 1496 PDF objects out of 1728 (max. 8388607)
 160 named destinations out of 1000 (max. 500000)
 684 words of extra memory for PDF output out of 10000 (max. 10000000)

