This is pdfTeX, Version 3.1415926-2.3-1.40.12 (MiKTeX 2.9) (preloaded format=pdflatex 2011.9.29)  26 JAN 2012 15:36
entering extended mode
**report.tex
("D:\Documents\UT\Research Topics 2.1\Verslag\report.tex"
LaTeX2e <2011/06/27>
Babel <v3.8m> and hyphenation patterns for english, afrikaans, ancientgreek, ar
abic, armenian, assamese, basque, bengali, bokmal, bulgarian, catalan, coptic, 
croatian, czech, danish, dutch, esperanto, estonian, farsi, finnish, french, ga
lician, german, german-x-2009-06-19, greek, gujarati, hindi, hungarian, iceland
ic, indonesian, interlingua, irish, italian, kannada, kurmanji, lao, latin, lat
vian, lithuanian, malayalam, marathi, mongolian, mongolianlmc, monogreek, ngerm
an, ngerman-x-2009-06-19, nynorsk, oriya, panjabi, pinyin, polish, portuguese, 
romanian, russian, sanskrit, serbian, slovak, slovenian, spanish, swedish, swis
sgerman, tamil, telugu, turkish, turkmen, ukenglish, ukrainian, uppersorbian, u
senglishmax, welsh, loaded.
("C:\Program Files\MiKTeX 2.9\tex\latex\base\article.cls"
Document Class: article 2007/10/19 v1.4h Standard LaTeX document class
("C:\Program Files\MiKTeX 2.9\tex\latex\base\size10.clo"
File: size10.clo 2007/10/19 v1.4h Standard LaTeX file (size option)
)
\c@part=\count79
\c@section=\count80
\c@subsection=\count81
\c@subsubsection=\count82
\c@paragraph=\count83
\c@subparagraph=\count84
\c@figure=\count85
\c@table=\count86
\abovecaptionskip=\skip41
\belowcaptionskip=\skip42
\bibindent=\dimen102
)
("C:\Program Files\MiKTeX 2.9\tex\latex\hyperref\hyperref.sty"
Package: hyperref 2011/08/19 v6.82h Hypertext links for LaTeX

("C:\Program Files\MiKTeX 2.9\tex\generic\oberdiek\hobsub-hyperref.sty"
Package: hobsub-hyperref 2011/04/23 v1.4 Bundle oberdiek, subset hyperref (HO)

("C:\Program Files\MiKTeX 2.9\tex\generic\oberdiek\hobsub-generic.sty"
Package: hobsub-generic 2011/04/23 v1.4 Bundle oberdiek, subset generic (HO)
Package: hobsub 2011/04/23 v1.4 Subsetting bundle oberdiek (HO)
Package: infwarerr 2010/04/08 v1.3 Providing info/warning/message (HO)
Package: ltxcmds 2011/04/18 v1.20 LaTeX kernel commands for general use (HO)
Package: ifluatex 2010/03/01 v1.3 Provides the ifluatex switch (HO)
Package ifluatex Info: LuaTeX not detected.
Package: ifvtex 2010/03/01 v1.5 Switches for detecting VTeX and its modes (HO)
Package ifvtex Info: VTeX not detected.
Package: intcalc 2007/09/27 v1.1 Expandable integer calculations (HO)
Package: ifpdf 2011/01/30 v2.3 Provides the ifpdf switch (HO)
Package ifpdf Info: pdfTeX in PDF mode is detected.
Package: etexcmds 2011/02/16 v1.5 Prefix for e-TeX command names (HO)
Package etexcmds Info: Could not find \expanded.
(etexcmds)             That can mean that you are not using pdfTeX 1.50 or
(etexcmds)             that some package has redefined \expanded.
(etexcmds)             In the latter case, load this package earlier.
Package: kvsetkeys 2011/04/07 v1.13 Key value parser (HO)
Package: kvdefinekeys 2011/04/07 v1.3 Defining keys (HO)
Package: pdftexcmds 2011/04/22 v0.16 Utilities of pdfTeX for LuaTeX (HO)
Package pdftexcmds Info: LuaTeX not detected.
Package pdftexcmds Info: \pdf@primitive is available.
Package pdftexcmds Info: \pdf@ifprimitive is available.
Package pdftexcmds Info: \pdfdraftmode found.
Package: pdfescape 2011/04/04 v1.12 Provides string conversions (HO)
Package: bigintcalc 2011/01/30 v1.2 Expandable big integer calculations (HO)
Package: bitset 2011/01/30 v1.1 Data type bit set (HO)
Package: uniquecounter 2011/01/30 v1.2 Provides unlimited unique counter (HO)
)
Package hobsub Info: Skipping package `hobsub' (already loaded).
Package: letltxmacro 2010/09/02 v1.4 Let assignment for LaTeX macros (HO)
Package: hopatch 2011/01/30 v1.0 Wrapper for package hooks (HO)
Package: xcolor-patch 2011/01/30 xcolor patch
Package: atveryend 2011/04/23 v1.7 Hooks at very end of document (HO)
Package: atbegshi 2011/01/30 v1.15 At begin shipout hook (HO)
Package: refcount 2010/12/01 v3.2 Data extraction from references (HO)
Package: hycolor 2011/01/30 v1.7 Color options of hyperref/bookmark (HO)
)
("C:\Program Files\MiKTeX 2.9\tex\latex\graphics\keyval.sty"
Package: keyval 1999/03/16 v1.13 key=value parser (DPC)
\KV@toks@=\toks14
)
("C:\Program Files\MiKTeX 2.9\tex\generic\ifxetex\ifxetex.sty"
Package: ifxetex 2010/09/12 v0.6 Provides ifxetex conditional
)
("C:\Program Files\MiKTeX 2.9\tex\latex\oberdiek\kvoptions.sty"
Package: kvoptions 2010/12/23 v3.10 Keyval support for LaTeX options (HO)
)
\@linkdim=\dimen103
\Hy@linkcounter=\count87
\Hy@pagecounter=\count88

("C:\Program Files\MiKTeX 2.9\tex\latex\hyperref\pd1enc.def"
File: pd1enc.def 2011/08/19 v6.82h Hyperref: PDFDocEncoding definition (HO)
)
\Hy@SavedSpaceFactor=\count89

("C:\Program Files\MiKTeX 2.9\tex\latex\00miktex\hyperref.cfg"
File: hyperref.cfg 2002/06/06 v1.2 hyperref configuration of TeXLive
)
Package hyperref Info: Hyper figures OFF on input line 4053.
Package hyperref Info: Link nesting OFF on input line 4058.
Package hyperref Info: Hyper index ON on input line 4061.
Package hyperref Info: Plain pages OFF on input line 4068.
Package hyperref Info: Backreferencing OFF on input line 4073.
Package hyperref Info: Implicit mode ON; LaTeX internals redefined.
Package hyperref Info: Bookmarks ON on input line 4291.
\c@Hy@tempcnt=\count90

("C:\Program Files\MiKTeX 2.9\tex\latex\ltxmisc\url.sty"
\Urlmuskip=\muskip10
Package: url 2006/04/12  ver 3.3  Verb mode for urls, etc.
)
LaTeX Info: Redefining \url on input line 4644.
\Fld@menulength=\count91
\Field@Width=\dimen104
\Fld@charsize=\dimen105
Package hyperref Info: Hyper figures OFF on input line 5730.
Package hyperref Info: Link nesting OFF on input line 5735.
Package hyperref Info: Hyper index ON on input line 5738.
Package hyperref Info: backreferencing OFF on input line 5745.
Package hyperref Info: Link coloring OFF on input line 5750.
Package hyperref Info: Link coloring with OCG OFF on input line 5755.
Package hyperref Info: PDF/A mode OFF on input line 5760.
LaTeX Info: Redefining \ref on input line 5800.
LaTeX Info: Redefining \pageref on input line 5804.
\Hy@abspage=\count92
\c@Item=\count93
\c@Hfootnote=\count94
)

Package hyperref Message: Driver (autodetected): hpdftex.

("C:\Program Files\MiKTeX 2.9\tex\latex\hyperref\hpdftex.def"
File: hpdftex.def 2011/08/19 v6.82h Hyperref driver for pdfTeX
\Fld@listcount=\count95
\c@bookmark@seq@number=\count96

("C:\Program Files\MiKTeX 2.9\tex\latex\oberdiek\rerunfilecheck.sty"
Package: rerunfilecheck 2011/04/15 v1.7 Rerun checks for auxiliary files (HO)
Package uniquecounter Info: New unique counter `rerunfilecheck' on input line 2
82.
)
\Hy@SectionHShift=\skip43
)
("C:\Program Files\MiKTeX 2.9\tex\latex\ltxmisc\parskip.sty"
Package: parskip 2001/04/09 non-zero parskip adjustments
)
("C:\Program Files\MiKTeX 2.9\tex\latex\graphics\graphicx.sty"
Package: graphicx 1999/02/16 v1.0f Enhanced LaTeX Graphics (DPC,SPQR)

("C:\Program Files\MiKTeX 2.9\tex\latex\graphics\graphics.sty"
Package: graphics 2009/02/05 v1.0o Standard LaTeX Graphics (DPC,SPQR)

("C:\Program Files\MiKTeX 2.9\tex\latex\graphics\trig.sty"
Package: trig 1999/03/16 v1.09 sin cos tan (DPC)
)
("C:\Program Files\MiKTeX 2.9\tex\latex\00miktex\graphics.cfg"
File: graphics.cfg 2007/01/18 v1.5 graphics configuration of teTeX/TeXLive
)
Package graphics Info: Driver file: pdftex.def on input line 91.

("C:\Program Files\MiKTeX 2.9\tex\latex\pdftex-def\pdftex.def"
File: pdftex.def 2011/05/27 v0.06d Graphics/color for pdfTeX
\Gread@gobject=\count97
))
\Gin@req@height=\dimen106
\Gin@req@width=\dimen107
)
("C:\Documents and Settings\Vincent de Bruijn\Application Data\MiKTeX\2.9\tex\l
atex\a4wide\a4wide.sty"
Package: a4wide 1994/08/30

("C:\Documents and Settings\Vincent de Bruijn\Application Data\MiKTeX\2.9\tex\l
atex\ntgclass\a4.sty"
Package: a4 2004/04/15 v1.2g A4 based page layout
))
("C:\Documents and Settings\Vincent de Bruijn\Application Data\MiKTeX\2.9\tex\l
atex\wrapfig\wrapfig.sty"
\wrapoverhang=\dimen108
\WF@size=\dimen109
\c@WF@wrappedlines=\count98
\WF@box=\box26
\WF@everypar=\toks15
Package: wrapfig 2003/01/31  v 3.6
)
("C:\Documents and Settings\Vincent de Bruijn\Application Data\MiKTeX\2.9\tex\l
atex\subfig\subfig.sty"
Package: subfig 2005/06/28 ver: 1.3 subfig package

("C:\Documents and Settings\Vincent de Bruijn\Application Data\MiKTeX\2.9\tex\l
atex\caption\caption.sty"
Package: caption 2011/08/18 v3.2b Customizing captions (AR)

("C:\Documents and Settings\Vincent de Bruijn\Application Data\MiKTeX\2.9\tex\l
atex\caption\caption3.sty"
Package: caption3 2011/08/18 v1.3b caption3 kernel (AR)
\captionmargin=\dimen110
\captionmargin@=\dimen111
\captionwidth=\dimen112
\caption@indent=\dimen113
\caption@parindent=\dimen114
\caption@hangindent=\dimen115
)
\c@ContinuedFloat=\count99
Package caption Info: hyperref package is loaded.
Package caption Info: wrapfig package is loaded.
)
\c@KVtest=\count100
\sf@farskip=\skip44
\sf@captopadj=\dimen116
\sf@capskip=\skip45
\sf@nearskip=\skip46
\c@subfigure=\count101
\c@subfigure@save=\count102
\c@lofdepth=\count103
\c@subtable=\count104
\c@subtable@save=\count105
\c@lotdepth=\count106
\sf@top=\skip47
\sf@bottom=\skip48
)
("C:\Local Tex Files\tex\latex\misc\groove2tikz.sty"
Package: groove2tikz 

("C:\Documents and Settings\Vincent de Bruijn\Application Data\MiKTeX\2.9\tex\l
atex\pgf\frontendlayer\tikz.sty"
("C:\Documents and Settings\Vincent de Bruijn\Application Data\MiKTeX\2.9\tex\l
atex\pgf\basiclayer\pgf.sty"
("C:\Documents and Settings\Vincent de Bruijn\Application Data\MiKTeX\2.9\tex\l
atex\pgf\utilities\pgfrcs.sty"
("C:\Documents and Settings\Vincent de Bruijn\Application Data\MiKTeX\2.9\tex\g
eneric\pgf\utilities\pgfutil-common.tex"
\pgfutil@everybye=\toks16
)
("C:\Documents and Settings\Vincent de Bruijn\Application Data\MiKTeX\2.9\tex\g
eneric\pgf\utilities\pgfutil-latex.def"
\pgfutil@abb=\box27

("C:\Documents and Settings\Vincent de Bruijn\Application Data\MiKTeX\2.9\tex\l
atex\ms\everyshi.sty"
Package: everyshi 2001/05/15 v3.00 EveryShipout Package (MS)
))
("C:\Documents and Settings\Vincent de Bruijn\Application Data\MiKTeX\2.9\tex\g
eneric\pgf\utilities\pgfrcs.code.tex"
Package: pgfrcs 2010/10/25 v2.10 (rcs-revision 1.24)
))
Package: pgf 2008/01/15 v2.10 (rcs-revision 1.12)

("C:\Documents and Settings\Vincent de Bruijn\Application Data\MiKTeX\2.9\tex\l
atex\pgf\basiclayer\pgfcore.sty"
("C:\Documents and Settings\Vincent de Bruijn\Application Data\MiKTeX\2.9\tex\l
atex\pgf\systemlayer\pgfsys.sty"
("C:\Documents and Settings\Vincent de Bruijn\Application Data\MiKTeX\2.9\tex\g
eneric\pgf\systemlayer\pgfsys.code.tex"
Package: pgfsys 2010/06/30 v2.10 (rcs-revision 1.37)

("C:\Documents and Settings\Vincent de Bruijn\Application Data\MiKTeX\2.9\tex\g
eneric\pgf\utilities\pgfkeys.code.tex"
\pgfkeys@pathtoks=\toks17
\pgfkeys@temptoks=\toks18

("C:\Documents and Settings\Vincent de Bruijn\Application Data\MiKTeX\2.9\tex\g
eneric\pgf\utilities\pgfkeysfiltered.code.tex"
\pgfkeys@tmptoks=\toks19
))
\pgf@x=\dimen117
\pgf@y=\dimen118
\pgf@xa=\dimen119
\pgf@ya=\dimen120
\pgf@xb=\dimen121
\pgf@yb=\dimen122
\pgf@xc=\dimen123
\pgf@yc=\dimen124
\w@pgf@writea=\write3
\r@pgf@reada=\read1
\c@pgf@counta=\count107
\c@pgf@countb=\count108
\c@pgf@countc=\count109
\c@pgf@countd=\count110

("C:\Documents and Settings\Vincent de Bruijn\Application Data\MiKTeX\2.9\tex\g
eneric\pgf\systemlayer\pgf.cfg"
File: pgf.cfg 2008/05/14  (rcs-revision 1.7)
)
Package pgfsys Info: Driver file for pgf: pgfsys-pdftex.def on input line 900.

("C:\Documents and Settings\Vincent de Bruijn\Application Data\MiKTeX\2.9\tex\g
eneric\pgf\systemlayer\pgfsys-pdftex.def"
File: pgfsys-pdftex.def 2009/05/22  (rcs-revision 1.26)

("C:\Documents and Settings\Vincent de Bruijn\Application Data\MiKTeX\2.9\tex\g
eneric\pgf\systemlayer\pgfsys-common-pdf.def"
File: pgfsys-common-pdf.def 2008/05/19  (rcs-revision 1.10)
)))
("C:\Documents and Settings\Vincent de Bruijn\Application Data\MiKTeX\2.9\tex\g
eneric\pgf\systemlayer\pgfsyssoftpath.code.tex"
File: pgfsyssoftpath.code.tex 2008/07/18  (rcs-revision 1.7)
\pgfsyssoftpath@smallbuffer@items=\count111
\pgfsyssoftpath@bigbuffer@items=\count112
)
("C:\Documents and Settings\Vincent de Bruijn\Application Data\MiKTeX\2.9\tex\g
eneric\pgf\systemlayer\pgfsysprotocol.code.tex"
File: pgfsysprotocol.code.tex 2006/10/16  (rcs-revision 1.4)
))
("C:\Documents and Settings\Vincent de Bruijn\Application Data\MiKTeX\2.9\tex\l
atex\xcolor\xcolor.sty"
Package: xcolor 2007/01/21 v2.11 LaTeX color extensions (UK)

("C:\Program Files\MiKTeX 2.9\tex\latex\00miktex\color.cfg"
File: color.cfg 2007/01/18 v1.5 color configuration of teTeX/TeXLive
)
Package xcolor Info: Driver file: pdftex.def on input line 225.
Package xcolor Info: Model `cmy' substituted by `cmy0' on input line 1337.
Package xcolor Info: Model `hsb' substituted by `rgb' on input line 1341.
Package xcolor Info: Model `RGB' extended on input line 1353.
Package xcolor Info: Model `HTML' substituted by `rgb' on input line 1355.
Package xcolor Info: Model `Hsb' substituted by `hsb' on input line 1356.
Package xcolor Info: Model `tHsb' substituted by `hsb' on input line 1357.
Package xcolor Info: Model `HSB' substituted by `hsb' on input line 1358.
Package xcolor Info: Model `Gray' substituted by `gray' on input line 1359.
Package xcolor Info: Model `wave' substituted by `hsb' on input line 1360.
)
("C:\Documents and Settings\Vincent de Bruijn\Application Data\MiKTeX\2.9\tex\g
eneric\pgf\basiclayer\pgfcore.code.tex"
Package: pgfcore 2010/04/11 v2.10 (rcs-revision 1.7)

("C:\Documents and Settings\Vincent de Bruijn\Application Data\MiKTeX\2.9\tex\g
eneric\pgf\math\pgfmath.code.tex"
("C:\Documents and Settings\Vincent de Bruijn\Application Data\MiKTeX\2.9\tex\g
eneric\pgf\math\pgfmathcalc.code.tex"
("C:\Documents and Settings\Vincent de Bruijn\Application Data\MiKTeX\2.9\tex\g
eneric\pgf\math\pgfmathutil.code.tex")
("C:\Documents and Settings\Vincent de Bruijn\Application Data\MiKTeX\2.9\tex\g
eneric\pgf\math\pgfmathparser.code.tex"
\pgfmath@dimen=\dimen125
\pgfmath@count=\count113
\pgfmath@box=\box28
\pgfmath@toks=\toks20
\pgfmath@stack@operand=\toks21
\pgfmath@stack@operation=\toks22
)
("C:\Documents and Settings\Vincent de Bruijn\Application Data\MiKTeX\2.9\tex\g
eneric\pgf\math\pgfmathfunctions.code.tex"
("C:\Documents and Settings\Vincent de Bruijn\Application Data\MiKTeX\2.9\tex\g
eneric\pgf\math\pgfmathfunctions.basic.code.tex")
("C:\Documents and Settings\Vincent de Bruijn\Application Data\MiKTeX\2.9\tex\g
eneric\pgf\math\pgfmathfunctions.trigonometric.code.tex")
("C:\Documents and Settings\Vincent de Bruijn\Application Data\MiKTeX\2.9\tex\g
eneric\pgf\math\pgfmathfunctions.random.code.tex")
("C:\Documents and Settings\Vincent de Bruijn\Application Data\MiKTeX\2.9\tex\g
eneric\pgf\math\pgfmathfunctions.comparison.code.tex")
("C:\Documents and Settings\Vincent de Bruijn\Application Data\MiKTeX\2.9\tex\g
eneric\pgf\math\pgfmathfunctions.base.code.tex")
("C:\Documents and Settings\Vincent de Bruijn\Application Data\MiKTeX\2.9\tex\g
eneric\pgf\math\pgfmathfunctions.round.code.tex")
("C:\Documents and Settings\Vincent de Bruijn\Application Data\MiKTeX\2.9\tex\g
eneric\pgf\math\pgfmathfunctions.misc.code.tex")))
("C:\Documents and Settings\Vincent de Bruijn\Application Data\MiKTeX\2.9\tex\g
eneric\pgf\math\pgfmathfloat.code.tex"
\c@pgfmathroundto@lastzeros=\count114
))
("C:\Documents and Settings\Vincent de Bruijn\Application Data\MiKTeX\2.9\tex\g
eneric\pgf\basiclayer\pgfcorepoints.code.tex"
File: pgfcorepoints.code.tex 2010/04/09  (rcs-revision 1.20)
\pgf@picminx=\dimen126
\pgf@picmaxx=\dimen127
\pgf@picminy=\dimen128
\pgf@picmaxy=\dimen129
\pgf@pathminx=\dimen130
\pgf@pathmaxx=\dimen131
\pgf@pathminy=\dimen132
\pgf@pathmaxy=\dimen133
\pgf@xx=\dimen134
\pgf@xy=\dimen135
\pgf@yx=\dimen136
\pgf@yy=\dimen137
\pgf@zx=\dimen138
\pgf@zy=\dimen139
)
("C:\Documents and Settings\Vincent de Bruijn\Application Data\MiKTeX\2.9\tex\g
eneric\pgf\basiclayer\pgfcorepathconstruct.code.tex"
File: pgfcorepathconstruct.code.tex 2010/08/03  (rcs-revision 1.24)
\pgf@path@lastx=\dimen140
\pgf@path@lasty=\dimen141
)
("C:\Documents and Settings\Vincent de Bruijn\Application Data\MiKTeX\2.9\tex\g
eneric\pgf\basiclayer\pgfcorepathusage.code.tex"
File: pgfcorepathusage.code.tex 2008/04/22  (rcs-revision 1.12)
\pgf@shorten@end@additional=\dimen142
\pgf@shorten@start@additional=\dimen143
)
("C:\Documents and Settings\Vincent de Bruijn\Application Data\MiKTeX\2.9\tex\g
eneric\pgf\basiclayer\pgfcorescopes.code.tex"
File: pgfcorescopes.code.tex 2010/09/08  (rcs-revision 1.34)
\pgfpic=\box29
\pgf@hbox=\box30
\pgf@layerbox@main=\box31
\pgf@picture@serial@count=\count115
)
("C:\Documents and Settings\Vincent de Bruijn\Application Data\MiKTeX\2.9\tex\g
eneric\pgf\basiclayer\pgfcoregraphicstate.code.tex"
File: pgfcoregraphicstate.code.tex 2008/04/22  (rcs-revision 1.9)
\pgflinewidth=\dimen144
)
("C:\Documents and Settings\Vincent de Bruijn\Application Data\MiKTeX\2.9\tex\g
eneric\pgf\basiclayer\pgfcoretransformations.code.tex"
File: pgfcoretransformations.code.tex 2009/06/10  (rcs-revision 1.11)
\pgf@pt@x=\dimen145
\pgf@pt@y=\dimen146
\pgf@pt@temp=\dimen147
)
("C:\Documents and Settings\Vincent de Bruijn\Application Data\MiKTeX\2.9\tex\g
eneric\pgf\basiclayer\pgfcorequick.code.tex"
File: pgfcorequick.code.tex 2008/10/09  (rcs-revision 1.3)
)
("C:\Documents and Settings\Vincent de Bruijn\Application Data\MiKTeX\2.9\tex\g
eneric\pgf\basiclayer\pgfcoreobjects.code.tex"
File: pgfcoreobjects.code.tex 2006/10/11  (rcs-revision 1.2)
)
("C:\Documents and Settings\Vincent de Bruijn\Application Data\MiKTeX\2.9\tex\g
eneric\pgf\basiclayer\pgfcorepathprocessing.code.tex"
File: pgfcorepathprocessing.code.tex 2008/10/09  (rcs-revision 1.8)
)
("C:\Documents and Settings\Vincent de Bruijn\Application Data\MiKTeX\2.9\tex\g
eneric\pgf\basiclayer\pgfcorearrows.code.tex"
File: pgfcorearrows.code.tex 2008/04/23  (rcs-revision 1.11)
)
("C:\Documents and Settings\Vincent de Bruijn\Application Data\MiKTeX\2.9\tex\g
eneric\pgf\basiclayer\pgfcoreshade.code.tex"
File: pgfcoreshade.code.tex 2008/11/23  (rcs-revision 1.13)
\pgf@max=\dimen148
\pgf@sys@shading@range@num=\count116
)
("C:\Documents and Settings\Vincent de Bruijn\Application Data\MiKTeX\2.9\tex\g
eneric\pgf\basiclayer\pgfcoreimage.code.tex"
File: pgfcoreimage.code.tex 2010/03/25  (rcs-revision 1.16)

("C:\Documents and Settings\Vincent de Bruijn\Application Data\MiKTeX\2.9\tex\g
eneric\pgf\basiclayer\pgfcoreexternal.code.tex"
File: pgfcoreexternal.code.tex 2010/09/01  (rcs-revision 1.17)
\pgfexternal@startupbox=\box32
))
("C:\Documents and Settings\Vincent de Bruijn\Application Data\MiKTeX\2.9\tex\g
eneric\pgf\basiclayer\pgfcorelayers.code.tex"
File: pgfcorelayers.code.tex 2010/08/27  (rcs-revision 1.2)
)
("C:\Documents and Settings\Vincent de Bruijn\Application Data\MiKTeX\2.9\tex\g
eneric\pgf\basiclayer\pgfcoretransparency.code.tex"
File: pgfcoretransparency.code.tex 2008/01/17  (rcs-revision 1.2)
)
("C:\Documents and Settings\Vincent de Bruijn\Application Data\MiKTeX\2.9\tex\g
eneric\pgf\basiclayer\pgfcorepatterns.code.tex"
File: pgfcorepatterns.code.tex 2009/07/02  (rcs-revision 1.3)
)))
("C:\Documents and Settings\Vincent de Bruijn\Application Data\MiKTeX\2.9\tex\g
eneric\pgf\modules\pgfmoduleshapes.code.tex"
File: pgfmoduleshapes.code.tex 2010/09/09  (rcs-revision 1.13)
\pgfnodeparttextbox=\box33
)
("C:\Documents and Settings\Vincent de Bruijn\Application Data\MiKTeX\2.9\tex\g
eneric\pgf\modules\pgfmoduleplot.code.tex"
File: pgfmoduleplot.code.tex 2010/10/22  (rcs-revision 1.8)
)
("C:\Documents and Settings\Vincent de Bruijn\Application Data\MiKTeX\2.9\tex\l
atex\pgf\compatibility\pgfcomp-version-0-65.sty"
Package: pgfcomp-version-0-65 2007/07/03 v2.10 (rcs-revision 1.7)
\pgf@nodesepstart=\dimen149
\pgf@nodesepend=\dimen150
)
("C:\Documents and Settings\Vincent de Bruijn\Application Data\MiKTeX\2.9\tex\l
atex\pgf\compatibility\pgfcomp-version-1-18.sty"
Package: pgfcomp-version-1-18 2007/07/23 v2.10 (rcs-revision 1.1)
))
("C:\Documents and Settings\Vincent de Bruijn\Application Data\MiKTeX\2.9\tex\l
atex\pgf\utilities\pgffor.sty"
("C:\Documents and Settings\Vincent de Bruijn\Application Data\MiKTeX\2.9\tex\l
atex\pgf\utilities\pgfkeys.sty"
("C:\Documents and Settings\Vincent de Bruijn\Application Data\MiKTeX\2.9\tex\g
eneric\pgf\utilities\pgfkeys.code.tex"))
("C:\Documents and Settings\Vincent de Bruijn\Application Data\MiKTeX\2.9\tex\g
eneric\pgf\utilities\pgffor.code.tex"
Package: pgffor 2010/03/23 v2.10 (rcs-revision 1.18)
\pgffor@iter=\dimen151
\pgffor@skip=\dimen152
\pgffor@stack=\toks23
\pgffor@toks=\toks24
))
("C:\Documents and Settings\Vincent de Bruijn\Application Data\MiKTeX\2.9\tex\g
eneric\pgf\frontendlayer\tikz\tikz.code.tex"
Package: tikz 2010/10/13 v2.10 (rcs-revision 1.76)

("C:\Documents and Settings\Vincent de Bruijn\Application Data\MiKTeX\2.9\tex\g
eneric\pgf\libraries\pgflibraryplothandlers.code.tex"
File: pgflibraryplothandlers.code.tex 2010/05/31 v2.10 (rcs-revision 1.15)
\pgf@plot@mark@count=\count117
\pgfplotmarksize=\dimen153
)
\tikz@lastx=\dimen154
\tikz@lasty=\dimen155
\tikz@lastxsaved=\dimen156
\tikz@lastysaved=\dimen157
\tikzleveldistance=\dimen158
\tikzsiblingdistance=\dimen159
\tikz@figbox=\box34
\tikz@tempbox=\box35
\tikztreelevel=\count118
\tikznumberofchildren=\count119
\tikznumberofcurrentchild=\count120
\tikz@fig@count=\count121

("C:\Documents and Settings\Vincent de Bruijn\Application Data\MiKTeX\2.9\tex\g
eneric\pgf\modules\pgfmodulematrix.code.tex"
File: pgfmodulematrix.code.tex 2010/08/24  (rcs-revision 1.4)
\pgfmatrixcurrentrow=\count122
\pgfmatrixcurrentcolumn=\count123
\pgf@matrix@numberofcolumns=\count124
)
\tikz@expandcount=\count125

("C:\Documents and Settings\Vincent de Bruijn\Application Data\MiKTeX\2.9\tex\g
eneric\pgf\frontendlayer\tikz\libraries\tikzlibrarytopaths.code.tex"
File: tikzlibrarytopaths.code.tex 2008/06/17 v2.10 (rcs-revision 1.2)
)))
("C:\Program Files\MiKTeX 2.9\tex\latex\base\fontenc.sty"
Package: fontenc 2005/09/27 v1.99g Standard LaTeX package

("C:\Program Files\MiKTeX 2.9\tex\latex\base\t1enc.def"
File: t1enc.def 2005/09/27 v1.99g Standard LaTeX file
LaTeX Font Info:    Redeclaring font encoding T1 on input line 43.
))
("C:\Documents and Settings\Vincent de Bruijn\Application Data\MiKTeX\2.9\tex\g
eneric\pgf\frontendlayer\tikz\libraries\tikzlibraryarrows.code.tex"
File: tikzlibraryarrows.code.tex 2008/01/09 v2.10 (rcs-revision 1.1)

("C:\Documents and Settings\Vincent de Bruijn\Application Data\MiKTeX\2.9\tex\g
eneric\pgf\libraries\pgflibraryarrows.code.tex"
File: pgflibraryarrows.code.tex 2008/10/27 v2.10 (rcs-revision 1.9)
\arrowsize=\dimen160
))
("C:\Documents and Settings\Vincent de Bruijn\Application Data\MiKTeX\2.9\tex\g
eneric\pgf\frontendlayer\tikz\libraries\tikzlibraryautomata.code.tex"
File: tikzlibraryautomata.code.tex 2008/07/14 v2.10 (rcs-revision 1.3)

("C:\Documents and Settings\Vincent de Bruijn\Application Data\MiKTeX\2.9\tex\g
eneric\pgf\frontendlayer\tikz\libraries\tikzlibraryshapes.multipart.code.tex"
File: tikzlibraryshapes.multipart.code.tex 2008/01/09 v2.10 (rcs-revision 1.1)

("C:\Documents and Settings\Vincent de Bruijn\Application Data\MiKTeX\2.9\tex\g
eneric\pgf\libraries\shapes\pgflibraryshapes.multipart.code.tex"
File: pgflibraryshapes.multipart.code.tex 2010/01/07 v2.10 (rcs-revision 1.2)
\pgfnodepartlowerbox=\box36
\pgfnodeparttwobox=\box37
\pgfnodepartthreebox=\box38
\pgfnodepartfourbox=\box39
\pgfnodeparttwentybox=\box40
\pgfnodepartnineteenbox=\box41
\pgfnodeparteighteenbox=\box42
\pgfnodepartseventeenbox=\box43
\pgfnodepartsixteenbox=\box44
\pgfnodepartfifteenbox=\box45
\pgfnodepartfourteenbox=\box46
\pgfnodepartthirteenbox=\box47
\pgfnodeparttwelvebox=\box48
\pgfnodepartelevenbox=\box49
\pgfnodeparttenbox=\box50
\pgfnodepartninebox=\box51
\pgfnodeparteightbox=\box52
\pgfnodepartsevenbox=\box53
\pgfnodepartsixbox=\box54
\pgfnodepartfivebox=\box55
)))
("C:\Documents and Settings\Vincent de Bruijn\Application Data\MiKTeX\2.9\tex\g
eneric\pgf\frontendlayer\tikz\libraries\tikzlibrarypositioning.code.tex"
File: tikzlibrarypositioning.code.tex 2008/10/06 v2.10 (rcs-revision 1.7)
)
("C:\Documents and Settings\Vincent de Bruijn\Application Data\MiKTeX\2.9\tex\g
eneric\pgf\frontendlayer\tikz\libraries\tikzlibraryer.code.tex"
File: tikzlibraryer.code.tex 2008/02/20 v2.10 (rcs-revision 1.2)

("C:\Documents and Settings\Vincent de Bruijn\Application Data\MiKTeX\2.9\tex\g
eneric\pgf\frontendlayer\tikz\libraries\tikzlibraryshapes.geometric.code.tex"
File: tikzlibraryshapes.geometric.code.tex 2008/01/09 v2.10 (rcs-revision 1.1)

("C:\Documents and Settings\Vincent de Bruijn\Application Data\MiKTeX\2.9\tex\g
eneric\pgf\libraries\shapes\pgflibraryshapes.geometric.code.tex"
File: pgflibraryshapes.geometric.code.tex 2008/06/26 v2.10 (rcs-revision 1.1)
))))
("C:\Program Files\MiKTeX 2.9\tex\latex\oberdiek\epstopdf.sty"
Package: epstopdf 2010/02/09 v2.5 Conversion with epstopdf on the fly (HO)

("C:\Program Files\MiKTeX 2.9\tex\latex\oberdiek\epstopdf-base.sty"
Package: epstopdf-base 2010/02/09 v2.5 Base part for package epstopdf

("C:\Program Files\MiKTeX 2.9\tex\latex\oberdiek\grfext.sty"
Package: grfext 2010/08/19 v1.1 Managing graphics extensions (HO)
)
Package grfext Info: Graphics extension search list:
(grfext)             [.png,.pdf,.jpg,.mps,.jpeg,.jbig2,.jb2,.PNG,.PDF,.JPG,.JPE
G,.JBIG2,.JB2,.eps]
(grfext)             \AppendGraphicsExtensions on input line 452.
))
("C:\Program Files\MiKTeX 2.9\tex\generic\xypic\xy.sty"
("C:\Program Files\MiKTeX 2.9\tex\generic\xypic\xy.tex" Bootstrap'ing:
catcodes, docmode, ("C:\Program Files\MiKTeX 2.9\tex\generic\xypic\xyrecat.tex"
) ("C:\Program Files\MiKTeX 2.9\tex\generic\xypic\xyidioms.tex")

 Xy-pic version 3.8.6 <2011/05/27>
 Copyright (c) 1991-2011 by Kristoffer H. Rose <krisrose@tug.org>
 Xy-pic is free software: see the User's Guide for details.

Loading kernel: messages; fonts; allocations: state,
\X@c=\dimen161
\Y@c=\dimen162
\U@c=\dimen163
\D@c=\dimen164
\L@c=\dimen165
\R@c=\dimen166
\Edge@c=\toks25
\X@p=\dimen167
\Y@p=\dimen168
\U@p=\dimen169
\D@p=\dimen170
\L@p=\dimen171
\R@p=\dimen172
\Edge@p=\toks26
\X@origin=\dimen173
\Y@origin=\dimen174
\X@xbase=\dimen175
\Y@xbase=\dimen176
\X@ybase=\dimen177
\Y@ybase=\dimen178
\X@min=\dimen179
\Y@min=\dimen180
\X@max=\dimen181
\Y@max=\dimen182
\lastobjectbox@=\box56
\zerodotbox@=\box57
\almostz@=\dimen183
 direction,
\d@X=\dimen184
\d@Y=\dimen185
\K@=\count126
\KK@=\count127
\Direction=\count128
\K@dXdY=\dimen186
\K@dYdX=\dimen187
\xyread@=\read2
\xywrite@=\write4
\csp@=\count129
\quotPTK@=\dimen188

utility macros; pictures: \xy, positions,
\swaptoks@@=\toks27
\connectobjectbox@@=\box58
 objects,
\styletoks@=\toks28
 decorations;
kernel objects: directionals, circles, text; options; algorithms: directions,
edges, connections;  Xy-pic loaded)
Package: xy 2011/05/27 Xy-pic version 3.8.6

("C:\Program Files\MiKTeX 2.9\tex\generic\xypic\xyall.tex"
 Xy-pic option: All features v.3.8
("C:\Program Files\MiKTeX 2.9\tex\generic\xypic\xycurve.tex"
 Xy-pic option: Curve and Spline extension v.3.12 curve,
\crv@cnt@=\count130
\crvpts@=\toks29
\splinebox@=\box59
\splineval@=\dimen189
\splinedepth@=\dimen190
\splinetol@=\dimen191
\splinelength@=\dimen192
 circles,
\L@=\dimen193
 loaded)
("C:\Program Files\MiKTeX 2.9\tex\generic\xypic\xyframe.tex"
 Xy-pic option: Frame and Bracket extension v.3.13 loaded)
("C:\Program Files\MiKTeX 2.9\tex\generic\xypic\xycmtip.tex"
 Xy-pic option: Computer Modern tip extension v.3.7
("C:\Program Files\MiKTeX 2.9\tex\generic\xypic\xytips.tex"
 Xy-pic option: More Tips extension v.3.9 loaded) loaded)
("C:\Program Files\MiKTeX 2.9\tex\generic\xypic\xyline.tex"
 Xy-pic option: Line styles extension v.3.10
\xylinethick@=\dimen194
 loaded)
("C:\Program Files\MiKTeX 2.9\tex\generic\xypic\xyrotate.tex"
 Xy-pic option: Rotate and Scale extension v.3.8 loaded)
("C:\Program Files\MiKTeX 2.9\tex\generic\xypic\xycolor.tex"
 Xy-pic option: Colour extension v.3.11 loaded)
("C:\Program Files\MiKTeX 2.9\tex\generic\xypic\xymatrix.tex"
 Xy-pic option: Matrix feature v.3.14
\Row=\count131
\Col=\count132
\queue@=\toks30
\queue@@=\toks31
\qcount@=\count133
\qcount@@=\count134
\matrixsize@=\count135
 loaded)
("C:\Program Files\MiKTeX 2.9\tex\generic\xypic\xyarrow.tex"
 Xy-pic option: Arrow and Path feature v.3.9 path, \ar, loaded)
("C:\Program Files\MiKTeX 2.9\tex\generic\xypic\xygraph.tex"
 Xy-pic option: Graph feature v.3.11 loaded) loaded)
("C:\Program Files\MiKTeX 2.9\tex\generic\xypic\xypdf.tex"
 Xy-pic option: PDF driver v.1.7 Xy-pic pdf driver: `color' extension support
("C:\Program Files\MiKTeX 2.9\tex\generic\xypic\xypdf-co.tex" loaded)
Xy-pic pdf driver: `curve' extension support
("C:\Program Files\MiKTeX 2.9\tex\generic\xypic\xypdf-cu.tex" loaded)
Xy-pic pdf driver: `frame' extension support
("C:\Program Files\MiKTeX 2.9\tex\generic\xypic\xypdf-fr.tex" loaded)
Xy-pic pdf driver: `line' extension support
("C:\Program Files\MiKTeX 2.9\tex\generic\xypic\xypdf-li.tex" loaded)
Xy-pic pdf driver: `rotate' extension support
("C:\Program Files\MiKTeX 2.9\tex\generic\xypic\xypdf-ro.tex" loaded) loaded))
("C:\Documents and Settings\Vincent de Bruijn\Application Data\MiKTeX\2.9\tex\l
atex\mh\mathtools.sty"
Package: mathtools 2011/04/06 v1.11 mathematical typesetting tools
 ("C:\Program Files\MiKTeX 2.9\tex\latex\tools\calc.sty"
Package: calc 2007/08/22 v4.3 Infix arithmetic (KKT,FJ)
\calc@Acount=\count136
\calc@Bcount=\count137
\calc@Adimen=\dimen195
\calc@Bdimen=\dimen196
\calc@Askip=\skip49
\calc@Bskip=\skip50
LaTeX Info: Redefining \setlength on input line 76.
LaTeX Info: Redefining \addtolength on input line 77.
\calc@Ccount=\count138
\calc@Cskip=\skip51
)
("C:\Documents and Settings\Vincent de Bruijn\Application Data\MiKTeX\2.9\tex\l
atex\mh\mhsetup.sty"
Package: mhsetup 2010/01/21 v1.2a programming setup (MH)
)
("C:\Program Files\MiKTeX 2.9\tex\latex\ams\math\amsmath.sty"
Package: amsmath 2000/07/18 v2.13 AMS math features
\@mathmargin=\skip52

For additional information on amsmath, use the `?' option.
("C:\Program Files\MiKTeX 2.9\tex\latex\ams\math\amstext.sty"
Package: amstext 2000/06/29 v2.01

("C:\Program Files\MiKTeX 2.9\tex\latex\ams\math\amsgen.sty"
File: amsgen.sty 1999/11/30 v2.0
\@emptytoks=\toks32
\ex@=\dimen197
))
("C:\Program Files\MiKTeX 2.9\tex\latex\ams\math\amsbsy.sty"
Package: amsbsy 1999/11/29 v1.2d
\pmbraise@=\dimen198
)
("C:\Program Files\MiKTeX 2.9\tex\latex\ams\math\amsopn.sty"
Package: amsopn 1999/12/14 v2.01 operator names
)
\inf@bad=\count139
LaTeX Info: Redefining \frac on input line 211.
\uproot@=\count140
\leftroot@=\count141
LaTeX Info: Redefining \overline on input line 307.
\classnum@=\count142
\DOTSCASE@=\count143
LaTeX Info: Redefining \ldots on input line 379.
LaTeX Info: Redefining \dots on input line 382.
LaTeX Info: Redefining \cdots on input line 467.
\Mathstrutbox@=\box60
\strutbox@=\box61
\big@size=\dimen199
LaTeX Font Info:    Redeclaring font encoding OML on input line 567.
LaTeX Font Info:    Redeclaring font encoding OMS on input line 568.
\macc@depth=\count144
\c@MaxMatrixCols=\count145
\dotsspace@=\muskip11
\c@parentequation=\count146
\dspbrk@lvl=\count147
\tag@help=\toks33
\row@=\count148
\column@=\count149
\maxfields@=\count150
\andhelp@=\toks34
\eqnshift@=\dimen200
\alignsep@=\dimen201
\tagshift@=\dimen202
\tagwidth@=\dimen203
\totwidth@=\dimen204
\lineht@=\dimen205
\@envbody=\toks35
\multlinegap=\skip53
\multlinetaggap=\skip54
\mathdisplay@stack=\toks36
LaTeX Info: Redefining \[ on input line 2666.
LaTeX Info: Redefining \] on input line 2667.
)
\g_MT_multlinerow_int=\count151
\l_MT_multwidth_dim=\dimen206
\origjot=\skip55
\l_MT_shortvdotswithinadjustabove_dim=\dimen207
\l_MT_shortvdotswithinadjustbelow_dim=\dimen208
)
("C:\Program Files\MiKTeX 2.9\tex\latex\amsfonts\amssymb.sty"
Package: amssymb 2009/06/22 v3.00

("C:\Program Files\MiKTeX 2.9\tex\latex\amsfonts\amsfonts.sty"
Package: amsfonts 2009/06/22 v3.00 Basic AMSFonts support
\symAMSa=\mathgroup4
\symAMSb=\mathgroup5
LaTeX Font Info:    Overwriting math alphabet `\mathfrak' in version `bold'
(Font)                  U/euf/m/n --> U/euf/b/n on input line 96.
))
("C:\Program Files\MiKTeX 2.9\tex\latex\multirow\multirow.sty"
\bigstrutjot=\dimen209
)
("C:\Program Files\MiKTeX 2.9\tex\latex\tools\array.sty"
Package: array 2008/09/09 v2.4c Tabular extension package (FMi)
\col@sep=\dimen210
\extrarowheight=\dimen211
\NC@list=\toks37
\extratabsurround=\skip56
\backup@length=\skip57
)

Package hyperref Warning: Invalid value `0 0 0 0'
(hyperref)                for option `pdfborder'.
(hyperref)                Option setting is ignored on input line 19.

("D:\Documents\UT\Research Topics 2.1\Verslag\report.aux")
LaTeX Font Info:    Checking defaults for OML/cmm/m/it on input line 21.
LaTeX Font Info:    ... okay on input line 21.
LaTeX Font Info:    Checking defaults for T1/cmr/m/n on input line 21.
LaTeX Font Info:    ... okay on input line 21.
LaTeX Font Info:    Checking defaults for OT1/cmr/m/n on input line 21.
LaTeX Font Info:    ... okay on input line 21.
LaTeX Font Info:    Checking defaults for OMS/cmsy/m/n on input line 21.
LaTeX Font Info:    ... okay on input line 21.
LaTeX Font Info:    Checking defaults for OMX/cmex/m/n on input line 21.
LaTeX Font Info:    ... okay on input line 21.
LaTeX Font Info:    Checking defaults for U/cmr/m/n on input line 21.
LaTeX Font Info:    ... okay on input line 21.
LaTeX Font Info:    Checking defaults for PD1/pdf/m/n on input line 21.
LaTeX Font Info:    ... okay on input line 21.
\AtBeginShipoutBox=\box62
Package hyperref Info: Link coloring OFF on input line 21.

("C:\Program Files\MiKTeX 2.9\tex\latex\hyperref\nameref.sty"
Package: nameref 2010/04/30 v2.40 Cross-referencing by name of section

("C:\Program Files\MiKTeX 2.9\tex\generic\oberdiek\gettitlestring.sty"
Package: gettitlestring 2010/12/03 v1.4 Cleanup title references (HO)
)
\c@section@level=\count152
)
LaTeX Info: Redefining \ref on input line 21.
LaTeX Info: Redefining \pageref on input line 21.
LaTeX Info: Redefining \nameref on input line 21.

("D:\Documents\UT\Research Topics 2.1\Verslag\report.out")
("D:\Documents\UT\Research Topics 2.1\Verslag\report.out")
\@outlinefile=\write5

("C:\Documents and Settings\Vincent de Bruijn\Application Data\MiKTeX\2.9\tex\c
ontext\base\supp-pdf.mkii"
[Loading MPS to PDF converter (version 2006.09.02).]
\scratchcounter=\count153
\scratchdimen=\dimen212
\scratchbox=\box63
\nofMPsegments=\count154
\nofMParguments=\count155
\everyMPshowfont=\toks38
\MPscratchCnt=\count156
\MPscratchDim=\dimen213
\MPnumerator=\count157
\makeMPintoPDFobject=\count158
\everyMPtoPDFconversion=\toks39
)
Package caption Info: Begin \AtBeginDocument code.
Package caption Info: subfig package 1.2 or 1.3 is loaded.
Package caption Info: End \AtBeginDocument code.
 ABD: EveryShipout initializing macros
LaTeX Font Info:    Try loading font information for U+msa on input line 21.

("C:\Program Files\MiKTeX 2.9\tex\latex\amsfonts\umsa.fd"
File: umsa.fd 2009/06/22 v3.00 AMS symbols A
)
LaTeX Font Info:    Try loading font information for U+msb on input line 21.

("C:\Program Files\MiKTeX 2.9\tex\latex\amsfonts\umsb.fd"
File: umsb.fd 2009/06/22 v3.00 AMS symbols B
)
Package xypdf Info: Line width: 0.39998pt on input line 21.

("D:\Documents\UT\Research Topics 2.1\Verslag\tex\abstract.tex") [1

{C:/Documents and Settings/Vincent de Bruijn/Local Settings/Application Data/Mi
KTeX/2.9/pdftex/config/pdftex.map}] ("D:\Documents\UT\Research Topics 2.1\Versl
ag\report.toc")
\tf@toc=\write6
 [2] ("D:\Documents\UT\Research Topics 2.1\Verslag\tex\introduction.tex"
[3]) ("D:\Documents\UT\Research Topics 2.1\Verslag\tex\model_based_testing.tex"
[4]
Package epstopdf Info: Source file: <./img/model-based-testing.eps>
(epstopdf)                    date: 2011-12-08 13:49:10
(epstopdf)                    size: 79319 bytes
(epstopdf)             Output file: <./img/model-based-testing-eps-converted-to
.pdf>
(epstopdf)                    date: 2011-12-08 16:02:40
(epstopdf)                    size: 37848 bytes
(epstopdf)             Command: <epstopdf --outfile=./img/model-based-testing-e
ps-converted-to.pdf ./img/model-based-testing.eps>
(epstopdf)             \includegraphics on input line 8.
Package epstopdf Info: Output file is already uptodate.

<./img/model-based-testing-eps-converted-to.pdf, id=248, 363.3575pt x 143.53625
pt>
File: ./img/model-based-testing-eps-converted-to.pdf Graphic file (type pdf)
 <use ./img/model-based-testing-eps-converted-to.pdf>
Package pdftex.def Info: ./img/model-based-testing-eps-converted-to.pdf used on
 input line 8.
(pdftex.def)             Requested size: 318.43968pt x 125.7954pt.
Package epstopdf Info: Source file: <./img/mbt-on-the-fly.eps>
(epstopdf)                    date: 2012-01-06 16:37:13
(epstopdf)                    size: 68852 bytes
(epstopdf)             Output file: <./img/mbt-on-the-fly-eps-converted-to.pdf>

(epstopdf)                    date: 2012-01-06 16:39:50
(epstopdf)                    size: 32813 bytes
(epstopdf)             Command: <epstopdf --outfile=./img/mbt-on-the-fly-eps-co
nverted-to.pdf ./img/mbt-on-the-fly.eps>
(epstopdf)             \includegraphics on input line 18.
Package epstopdf Info: Output file is already uptodate.

<./img/mbt-on-the-fly-eps-converted-to.pdf, id=252, 334.24875pt x 143.53625pt>
File: ./img/mbt-on-the-fly-eps-converted-to.pdf Graphic file (type pdf)

<use ./img/mbt-on-the-fly-eps-converted-to.pdf>
Package pdftex.def Info: ./img/mbt-on-the-fly-eps-converted-to.pdf used on inpu
t line 18.
(pdftex.def)             Requested size: 318.43968pt x 136.75726pt.
 [5 <D:/Documents/UT/Research Topics 2.1/Verslag/img/model-based-testing-eps-co
nverted-to.pdf> <D:/Documents/UT/Research Topics 2.1/Verslag/img/mbt-on-the-fly
-eps-converted-to.pdf>]
LaTeX Font Info:    Try loading font information for OMS+cmr on input line 32.

("C:\Program Files\MiKTeX 2.9\tex\latex\base\omscmr.fd"
File: omscmr.fd 1999/05/25 v2.5h Standard LaTeX font definitions
)
LaTeX Font Info:    Font shape `OMS/cmr/m/n' in size <10> not available
(Font)              Font shape `OMS/cmsy/m/n' tried instead on input line 32.
Missing character: There is no Î in font cmr10!
Missing character: There is no ¼ in font cmr10!

("D:\Documents\UT\Research Topics 2.1\Verslag\img\iots-example.tex" <xymatrix
2x2 182>) ("D:\Documents\UT\Research Topics 2.1\Verslag\img\iots-test.tex"
<xymatrix 3x2 145>))
("D:\Documents\UT\Research Topics 2.1\Verslag\tex\symbolic.tex" [6] [7]
("D:\Documents\UT\Research Topics 2.1\Verslag\img\sts_boardgame_1.tex"
<xymatrix 13x1 191>)
("D:\Documents\UT\Research Topics 2.1\Verslag\img\trafo_sts.tex" <xymatrix 1x3
151>) ("D:\Documents\UT\Research Topics 2.1\Verslag\img\trafo_lts.tex"
<xymatrix 3x3 348>)

LaTeX Warning: `h' float specifier changed to `ht'.


Underfull \hbox (badness 10000) in paragraph at lines 61--61
[]\T1/cmr/m/n/10 Moet hier
 []


Underfull \hbox (badness 10000) in paragraph at lines 61--61
\T1/cmr/m/n/10 nog een
 []


Underfull \hbox (badness 10000) in paragraph at lines 61--61
\T1/cmr/m/n/10 ver-wi-jz-ing
 []

[8]) ("D:\Documents\UT\Research Topics 2.1\Verslag\tex\graph_transform.tex"
[9] [10] ("D:\Documents\UT\Research Topics 2.1\Verslag\img\start.tikz"
LaTeX Font Info:    Try loading font information for T1+cmss on input line 8.

("C:\Program Files\MiKTeX 2.9\tex\latex\base\t1cmss.fd"
File: t1cmss.fd 1999/05/25 v2.5h Standard LaTeX font definitions
))
("D:\Documents\UT\Research Topics 2.1\Verslag\img\throws.tikz")
("D:\Documents\UT\Research Topics 2.1\Verslag\img\move.tikz")
("D:\Documents\UT\Research Topics 2.1\Verslag\img\nextTurn.tikz")
("D:\Documents\UT\Research Topics 2.1\Verslag\img\gts-transition-example.tikz")
("D:\Documents\UT\Research Topics 2.1\Verslag\img\target-graph-state.tikz")

LaTeX Warning: `!h' float specifier changed to `!ht'.

) ("D:\Documents\UT\Research Topics 2.1\Verslag\tex\tooling.tex" [11]
Package epstopdf Info: Source file: <./img/axini_tool.eps>
(epstopdf)                    date: 2012-01-23 15:56:35
(epstopdf)                    size: 93449 bytes
(epstopdf)             Output file: <./img/axini_tool-eps-converted-to.pdf>
(epstopdf)                    date: 2012-01-23 16:31:32
(epstopdf)                    size: 43197 bytes
(epstopdf)             Command: <epstopdf --outfile=./img/axini_tool-eps-conver
ted-to.pdf ./img/axini_tool.eps>
(epstopdf)             \includegraphics on input line 10.
Package epstopdf Info: Output file is already uptodate.

<./img/axini_tool-eps-converted-to.pdf, id=417, 357.335pt x 147.55125pt>
File: ./img/axini_tool-eps-converted-to.pdf Graphic file (type pdf)

<use ./img/axini_tool-eps-converted-to.pdf>
Package pdftex.def Info: ./img/axini_tool-eps-converted-to.pdf used on input li
ne 10.
(pdftex.def)             Requested size: 318.43968pt x 131.49805pt.
 [12 <D:/Documents/UT/Research Topics 2.1/Verslag/img/axini_tool-eps-converted-
to.pdf>]
Package epstopdf Info: Source file: <./img/groove_tool.eps>
(epstopdf)                    date: 2012-01-20 15:56:46
(epstopdf)                    size: 112286 bytes
(epstopdf)             Output file: <./img/groove_tool-eps-converted-to.pdf>
(epstopdf)                    date: 2012-01-23 12:28:02
(epstopdf)                    size: 51665 bytes
(epstopdf)             Command: <epstopdf --outfile=./img/groove_tool-eps-conve
rted-to.pdf ./img/groove_tool.eps>
(epstopdf)             \includegraphics on input line 32.
Package epstopdf Info: Output file is already uptodate.

<./img/groove_tool-eps-converted-to.pdf, id=460, 375.4025pt x 162.6075pt>
File: ./img/groove_tool-eps-converted-to.pdf Graphic file (type pdf)

<use ./img/groove_tool-eps-converted-to.pdf>
Package pdftex.def Info: ./img/groove_tool-eps-converted-to.pdf used on input l
ine 32.
(pdftex.def)             Requested size: 318.43968pt x 137.9416pt.
 [13 <D:/Documents/UT/Research Topics 2.1/Verslag/img/groove_tool-eps-converted
-to.pdf>]
("D:\Documents\UT\Research Topics 2.1\Verslag\img\start2.tikz")
("D:\Documents\UT\Research Topics 2.1\Verslag\img\throws2.tikz")
("D:\Documents\UT\Research Topics 2.1\Verslag\img\move2.tikz")
("D:\Documents\UT\Research Topics 2.1\Verslag\img\move3.tikz") [14]
("D:\Documents\UT\Research Topics 2.1\Verslag\img\start3.tikz")
("D:\Documents\UT\Research Topics 2.1\Verslag\img\lts.tikz")
("D:\Documents\UT\Research Topics 2.1\Verslag\img\lts2.tikz")

LaTeX Warning: `!h' float specifier changed to `!ht'.

) ("D:\Documents\UT\Research Topics 2.1\Verslag\tex\research_methods.tex"
[15]
Package epstopdf Info: Source file: <./img/tooling.eps>
(epstopdf)                    date: 2012-01-23 16:32:35
(epstopdf)                    size: 152706 bytes
(epstopdf)             Output file: <./img/tooling-eps-converted-to.pdf>
(epstopdf)                    date: 2012-01-23 16:56:19
(epstopdf)                    size: 63095 bytes
(epstopdf)             Command: <epstopdf --outfile=./img/tooling-eps-converted
-to.pdf ./img/tooling.eps>
(epstopdf)             \includegraphics on input line 8.
Package epstopdf Info: Output file is already uptodate.
 <./img/tooling-eps-converted-to.pdf, id=537, 464.73625pt x 246.9225pt>
File: ./img/tooling-eps-converted-to.pdf Graphic file (type pdf)

<use ./img/tooling-eps-converted-to.pdf>
Package pdftex.def Info: ./img/tooling-eps-converted-to.pdf used on input line 
8.
(pdftex.def)             Requested size: 424.58624pt x 225.59653pt.


LaTeX Warning: `h' float specifier changed to `ht'.

[16] [17 <D:/Documents/UT/Research Topics 2.1/Verslag/img/tooling-eps-converted
-to.pdf>] ("D:\Documents\UT\Research Topics 2.1\Verslag\img\trafo_basic_sts.tex
" <xymatrix 3x3 348>)
Overfull \hbox (8.70297pt too wide) in paragraph at lines 57--58
[]\T1/cmr/m/n/10 It al-ready im-ple-ments some fea-tures of GRATiS, such as the
 com-mu-ni-ca-tion be-tween GROOVE
 []

[18] [19]) ("D:\Documents\UT\Research Topics 2.1\Verslag\report.bbl" [20])
[21] ("D:\Documents\UT\Research Topics 2.1\Verslag\tex\appendix.tex"
Underfull \hbox (badness 1616) in paragraph at lines 8--8
[]|\T1/cmr/m/n/10 Setting up trans-for-ma-tion rules for
 []

)
Overfull \hbox (37.59346pt too wide) in paragraph at lines 4--46
[]
 []


Underfull \hbox (badness 10000) in paragraph at lines 4--46

 []

Package atveryend Info: Empty hook `BeforeClearDocument' on input line 46.
[22]
Package atveryend Info: Empty hook `AfterLastShipout' on input line 46.
 ("D:\Documents\UT\Research Topics 2.1\Verslag\report.aux")
Package atveryend Info: Executing hook `AtVeryEndDocument' on input line 46.
Package atveryend Info: Executing hook `AtEndAfterFileList' on input line 46.
Package rerunfilecheck Info: File `report.out' has not changed.
(rerunfilecheck)             Checksum: 8F2E6C099D8A6FE4C2521D97FC0F2839;2353.
 ) 
Here is how much of TeX's memory you used:
 22766 strings out of 494045
 407958 string characters out of 3148297
 1288995 words of memory out of 3000000
 25418 multiletter control sequences out of 15000+200000
 27653 words of font info for 73 fonts, out of 3000000 for 9000
 715 hyphenation exceptions out of 8191
 63i,17n,73p,3239b,1093s stack positions out of 5000i,500n,10000p,200000b,50000s
 <C:\Documents and Settings\Vincent de Bruijn\Local Settings\Application Data
\MiKTeX\2.9\fonts\pk\ljfour\jknappen\ec\dpi600\ecss0700.pk> <C:\Documents and S
ettings\Vincent de Bruijn\Local Settings\Application Data\MiKTeX\2.9\fonts\pk\l
jfour\jknappen\ec\dpi600\ecss0800.pk> <C:\Documents and Settings\Vincent de Bru
ijn\Local Settings\Application Data\MiKTeX\2.9\fonts\pk\ljfour\jknappen\ec\dpi6
00\ecsi0800.pk> <C:\Documents and Settings\Vincent de Bruijn\Local Settings\App
lication Data\MiKTeX\2.9\fonts\pk\ljfour\jknappen\ec\dpi600\ecsx0800.pk> <C:\Do
cuments and Settings\Vincent de Bruijn\Local Settings\Application Data\MiKTeX\2
.9\fonts\pk\ljfour\jknappen\ec\dpi600\ecrm0800.pk> <C:\Documents and Settings\V
incent de Bruijn\Local Settings\Application Data\MiKTeX\2.9\fonts\pk\ljfour\jkn
appen\ec\dpi600\ecrm0600.pk> <C:\Documents and Settings\Vincent de Bruijn\Local
 Settings\Application Data\MiKTeX\2.9\fonts\pk\ljfour\jknappen\ec\dpi600\ecrm07
00.pk> <C:\Documents and Settings\Vincent de Bruijn\Local Settings\Application 
Data\MiKTeX\2.9\fonts\pk\ljfour\jknappen\ec\dpi600\ecbx1200.pk> <C:\Documents a
nd Settings\Vincent de Bruijn\Local Settings\Application Data\MiKTeX\2.9\fonts\
pk\ljfour\jknappen\ec\dpi600\ecti1000.pk> <C:\Documents and Settings\Vincent de
 Bruijn\Local Settings\Application Data\MiKTeX\2.9\fonts\pk\ljfour\jknappen\ec\
dpi600\ecbx1000.pk> <C:\Documents and Settings\Vincent de Bruijn\Local Settings
\Application Data\MiKTeX\2.9\fonts\pk\ljfour\jknappen\ec\dpi600\ecbx1440.pk> <C
:\Documents and Settings\Vincent de Bruijn\Local Settings\Application Data\MiKT
eX\2.9\fonts\pk\ljfour\jknappen\ec\dpi600\ecrm1000.pk> <C:\Documents and Settin
gs\Vincent de Bruijn\Local Settings\Application Data\MiKTeX\2.9\fonts\pk\ljfour
\jknappen\ec\dpi600\ecti0900.pk> <C:\Documents and Settings\Vincent de Bruijn\L
ocal Settings\Application Data\MiKTeX\2.9\fonts\pk\ljfour\jknappen\ec\dpi600\ec
rm0900.pk> <C:\Documents and Settings\Vincent de Bruijn\Local Settings\Applicat
ion Data\MiKTeX\2.9\fonts\pk\ljfour\jknappen\ec\dpi600\ecbx0900.pk> <C:\Documen
ts and Settings\Vincent de Bruijn\Local Settings\Application Data\MiKTeX\2.9\fo
nts\pk\ljfour\jknappen\ec\dpi600\ecrm1200.pk> <C:\Documents and Settings\Vincen
t de Bruijn\Local Settings\Application Data\MiKTeX\2.9\fonts\pk\ljfour\jknappen
\ec\dpi600\ecbx1728.pk><C:/Program Files/MiKTeX 2.9/fonts/type1/public/amsfonts
/cm/cmmi10.pfb><C:/Program Files/MiKTeX 2.9/fonts/type1/public/amsfonts/cm/cmmi
7.pfb><C:/Program Files/MiKTeX 2.9/fonts/type1/public/amsfonts/cm/cmmi8.pfb><C:
/Program Files/MiKTeX 2.9/fonts/type1/public/amsfonts/cm/cmr10.pfb><C:/Program 
Files/MiKTeX 2.9/fonts/type1/public/amsfonts/cm/cmr7.pfb><C:/Program Files/MiKT
eX 2.9/fonts/type1/public/amsfonts/cm/cmr8.pfb><C:/Program Files/MiKTeX 2.9/fon
ts/type1/public/amsfonts/cm/cmsy10.pfb><C:/Program Files/MiKTeX 2.9/fonts/type1
/public/amsfonts/cm/cmsy7.pfb><C:/Program Files/MiKTeX 2.9/fonts/type1/public/a
msfonts/cm/cmsy8.pfb><C:/Program Files/MiKTeX 2.9/fonts/type1/public/amsfonts/c
m/cmti10.pfb><C:/Program Files/MiKTeX 2.9/fonts/type1/public/amsfonts/cm/cmti7.
pfb><C:/Program Files/MiKTeX 2.9/fonts/type1/public/xypic/xyatip10.pfb><C:/Prog
ram Files/MiKTeX 2.9/fonts/type1/public/xypic/xybtip10.pfb>
Output written on report.pdf (22 pages, 755353 bytes).
PDF statistics:
 1242 PDF objects out of 1440 (max. 8388607)
 136 named destinations out of 1000 (max. 500000)
 318 words of extra memory for PDF output out of 10000 (max. 10000000)

