\BOOKMARK [1][-]{section.1}{Introduction}{}% 1
\BOOKMARK [2][-]{subsection.1.1}{Research setup}{section.1}% 2
\BOOKMARK [2][-]{subsection.1.2}{Research questions}{section.1}% 3
\BOOKMARK [2][-]{subsection.1.3}{Structure of the report}{section.1}% 4
\BOOKMARK [1][-]{section.2}{Model-based Testing}{}% 5
\BOOKMARK [2][-]{subsection.2.1}{Labelled Transition Systems}{section.2}% 6
\BOOKMARK [3][-]{subsubsection.2.1.1}{Definition}{subsection.2.1}% 7
\BOOKMARK [2][-]{subsection.2.2}{Input-Output Transition Systems}{section.2}% 8
\BOOKMARK [2][-]{subsection.2.3}{Coverage}{section.2}% 9
\BOOKMARK [1][-]{section.3}{Symbolic Transition Systems}{}% 10
\BOOKMARK [2][-]{subsection.3.1}{STS Definition}{section.3}% 11
\BOOKMARK [2][-]{subsection.3.2}{IOSTS example}{section.3}% 12
\BOOKMARK [2][-]{subsection.3.3}{STS to LTS transformation}{section.3}% 13
\BOOKMARK [2][-]{subsection.3.4}{Coverage}{section.3}% 14
\BOOKMARK [1][-]{section.4}{Graph Transformation Systems}{}% 15
\BOOKMARK [2][-]{subsection.4.1}{Graphs \046 Morphisms}{section.4}% 16
\BOOKMARK [2][-]{subsection.4.2}{Graph Transformation rules}{section.4}% 17
\BOOKMARK [2][-]{subsection.4.3}{GTS Definition}{section.4}% 18
\BOOKMARK [2][-]{subsection.4.4}{Example}{section.4}% 19
\BOOKMARK [1][-]{section.5}{Tooling}{}% 20
\BOOKMARK [2][-]{subsection.5.1}{ATM}{section.5}% 21
\BOOKMARK [2][-]{subsection.5.2}{GROOVE}{section.5}% 22
\BOOKMARK [2][-]{subsection.5.3}{Comparison of the examples}{section.5}% 23
\BOOKMARK [3][-]{subsubsection.5.3.1}{Comparison of behavior}{subsection.5.3}% 24
\BOOKMARK [3][-]{subsubsection.5.3.2}{Comparison of Transition Systems}{subsection.5.3}% 25
\BOOKMARK [1][-]{section.6}{Research methods}{}% 26
\BOOKMARK [2][-]{subsection.6.1}{GRATiS Design}{section.6}% 27
\BOOKMARK [3][-]{subsubsection.6.1.1}{Problems}{subsection.6.1}% 28
\BOOKMARK [3][-]{subsubsection.6.1.2}{Coverage}{subsection.6.1}% 29
\BOOKMARK [3][-]{subsubsection.6.1.3}{Initial design step: GRATiS-Min}{subsection.6.1}% 30
\BOOKMARK [2][-]{subsection.6.2}{Validation}{section.6}% 31
\BOOKMARK [3][-]{subsubsection.6.2.1}{Case studies}{subsection.6.2}% 32
\BOOKMARK [3][-]{subsubsection.6.2.2}{Objective criteria}{subsection.6.2}% 33
\BOOKMARK [3][-]{subsubsection.6.2.3}{Subjective criteria}{subsection.6.2}% 34
\BOOKMARK [1][-]{appendix.A}{Planning}{}% 35
