This is pdfTeX, Version 3.1415926-1.40.10 (TeX Live 2009/Debian) (format=pdflatex 2012.9.9)  4 FEB 2013 02:03
entering extended mode
 %&-line parsing enabled.
**report2
(./report2.tex
LaTeX2e <2009/09/24>
Babel <v3.8l> and hyphenation patterns for english, usenglishmax, dumylang, noh
yphenation, loaded.
(/usr/share/texmf-texlive/tex/latex/base/report.cls
Document Class: report 2007/10/19 v1.4h Standard LaTeX document class
(/usr/share/texmf-texlive/tex/latex/base/size10.clo
File: size10.clo 2007/10/19 v1.4h Standard LaTeX file (size option)
)
\c@part=\count79
\c@chapter=\count80
\c@section=\count81
\c@subsection=\count82
\c@subsubsection=\count83
\c@paragraph=\count84
\c@subparagraph=\count85
\c@figure=\count86
\c@table=\count87
\abovecaptionskip=\skip41
\belowcaptionskip=\skip42
\bibindent=\dimen102
)
(/usr/share/texmf-texlive/tex/latex/hyperref/hyperref.sty
Package: hyperref 2009/10/09 v6.79a Hypertext links for LaTeX

(/usr/share/texmf-texlive/tex/latex/graphics/keyval.sty
Package: keyval 1999/03/16 v1.13 key=value parser (DPC)
\KV@toks@=\toks14
)
(/usr/share/texmf-texlive/tex/generic/oberdiek/ifpdf.sty
Package: ifpdf 2009/04/10 v2.0 Provides the ifpdf switch (HO)
Package ifpdf Info: pdfTeX in pdf mode detected.
)
(/usr/share/texmf-texlive/tex/generic/oberdiek/ifvtex.sty
Package: ifvtex 2008/11/04 v1.4 Switches for detecting VTeX and its modes (HO)
Package ifvtex Info: VTeX not detected.
)
(/usr/share/texmf-texlive/tex/generic/ifxetex/ifxetex.sty
Package: ifxetex 2009/01/23 v0.5 Provides ifxetex conditional
)
(/usr/share/texmf-texlive/tex/latex/oberdiek/hycolor.sty
Package: hycolor 2009/10/02 v1.5 Code for color options of hyperref/bookmark (H
O)

(/usr/share/texmf-texlive/tex/latex/oberdiek/xcolor-patch.sty
Package: xcolor-patch 2009/10/02 xcolor patch
))
\@linkdim=\dimen103
\Hy@linkcounter=\count88
\Hy@pagecounter=\count89

(/usr/share/texmf-texlive/tex/latex/hyperref/pd1enc.def
File: pd1enc.def 2009/10/09 v6.79a Hyperref: PDFDocEncoding definition (HO)
)
(/usr/share/texmf-texlive/tex/generic/oberdiek/etexcmds.sty
Package: etexcmds 2007/12/12 v1.2 Prefix for e-TeX command names (HO)

(/usr/share/texmf-texlive/tex/generic/oberdiek/infwarerr.sty
Package: infwarerr 2007/09/09 v1.2 Providing info/warning/message (HO)
)
Package etexcmds Info: Could not find \expanded.
(etexcmds)             That can mean that you are not using pdfTeX 1.50 or
(etexcmds)             that some package has redefined \expanded.
(etexcmds)             In the latter case, load this package earlier.
)
(/usr/share/texmf-texlive/tex/latex/latexconfig/hyperref.cfg
File: hyperref.cfg 2002/06/06 v1.2 hyperref configuration of TeXLive
)
(/usr/share/texmf-texlive/tex/latex/oberdiek/kvoptions.sty
Package: kvoptions 2009/08/13 v3.4 Keyval support for LaTeX options (HO)

(/usr/share/texmf-texlive/tex/generic/oberdiek/kvsetkeys.sty
Package: kvsetkeys 2009/07/30 v1.5 Key value parser with default handler suppor
t (HO)
))
Package hyperref Info: Hyper figures OFF on input line 2975.
Package hyperref Info: Link nesting OFF on input line 2980.
Package hyperref Info: Hyper index ON on input line 2983.
Package hyperref Info: Plain pages OFF on input line 2990.
Package hyperref Info: Backreferencing OFF on input line 2995.

Implicit mode ON; LaTeX internals redefined
Package hyperref Info: Bookmarks ON on input line 3191.
(/usr/share/texmf-texlive/tex/latex/ltxmisc/url.sty
\Urlmuskip=\muskip10
Package: url 2006/04/12  ver 3.3  Verb mode for urls, etc.
)
LaTeX Info: Redefining \url on input line 3428.

(/usr/share/texmf-texlive/tex/generic/oberdiek/bitset.sty
Package: bitset 2007/09/28 v1.0 Data type bit set (HO)

(/usr/share/texmf-texlive/tex/generic/oberdiek/intcalc.sty
Package: intcalc 2007/09/27 v1.1 Expandable integer calculations (HO)
)
(/usr/share/texmf-texlive/tex/generic/oberdiek/bigintcalc.sty
Package: bigintcalc 2007/11/11 v1.1 Expandable big integer calculations (HO)

(/usr/share/texmf-texlive/tex/generic/oberdiek/pdftexcmds.sty
Package: pdftexcmds 2009/09/23 v0.6 LuaTeX support for pdfTeX utility functions
 (HO)

(/usr/share/texmf-texlive/tex/generic/oberdiek/ifluatex.sty
Package: ifluatex 2009/04/17 v1.2 Provides the ifluatex switch (HO)
Package ifluatex Info: LuaTeX not detected.
)
(/usr/share/texmf-texlive/tex/generic/oberdiek/ltxcmds.sty
Package: ltxcmds 2009/08/05 v1.0 Some LaTeX kernel commands for general use (HO
)
)
Package pdftexcmds Info: LuaTeX not detected.
Package pdftexcmds Info: \pdf@primitive is available.
Package pdftexcmds Info: \pdf@ifprimitive is available.
)))
\Fld@menulength=\count90
\Field@Width=\dimen104
\Fld@charsize=\dimen105
\Field@toks=\toks15
Package hyperref Info: Hyper figures OFF on input line 4377.
Package hyperref Info: Link nesting OFF on input line 4382.
Package hyperref Info: Hyper index ON on input line 4385.
Package hyperref Info: backreferencing OFF on input line 4392.
Package hyperref Info: Link coloring OFF on input line 4397.
Package hyperref Info: Link coloring with OCG OFF on input line 4402.
Package hyperref Info: PDF/A mode OFF on input line 4407.

(/usr/share/texmf-texlive/tex/generic/oberdiek/atbegshi.sty
Package: atbegshi 2008/07/31 v1.9 At begin shipout hook (HO)
)
\Hy@abspage=\count91
\c@Item=\count92
\c@Hfootnote=\count93
)
*hyperref using default driver hpdftex*
(/usr/share/texmf-texlive/tex/latex/hyperref/hpdftex.def
File: hpdftex.def 2009/10/09 v6.79a Hyperref driver for pdfTeX
\Fld@listcount=\count94
)
(/usr/share/texmf-texlive/tex/latex/ltxmisc/parskip.sty
Package: parskip 2001/04/09 non-zero parskip adjustments
)
(/usr/share/texmf-texlive/tex/latex/graphics/graphicx.sty
Package: graphicx 1999/02/16 v1.0f Enhanced LaTeX Graphics (DPC,SPQR)

(/usr/share/texmf-texlive/tex/latex/graphics/graphics.sty
Package: graphics 2009/02/05 v1.0o Standard LaTeX Graphics (DPC,SPQR)

(/usr/share/texmf-texlive/tex/latex/graphics/trig.sty
Package: trig 1999/03/16 v1.09 sin cos tan (DPC)
)
(/etc/texmf/tex/latex/config/graphics.cfg
File: graphics.cfg 2009/08/28 v1.8 graphics configuration of TeX Live
)
Package graphics Info: Driver file: pdftex.def on input line 91.

(/usr/share/texmf-texlive/tex/latex/pdftex-def/pdftex.def
File: pdftex.def 2010/03/12 v0.04p Graphics/color for pdfTeX
\Gread@gobject=\count95
))
\Gin@req@height=\dimen106
\Gin@req@width=\dimen107
)
(/usr/share/texmf-texlive/tex/latex/ltxmisc/a4wide.sty
Package: a4wide 1994/08/30

(/usr/share/texmf-texlive/tex/latex/ntgclass/a4.sty
Package: a4 2004/04/15 v1.2g A4 based page layout
))
(/usr/share/texmf-texlive/tex/latex/wrapfig/wrapfig.sty
\wrapoverhang=\dimen108
\WF@size=\dimen109
\c@WF@wrappedlines=\count96
\WF@box=\box26
\WF@everypar=\toks16
Package: wrapfig 2003/01/31  v 3.6
)
(/usr/share/texmf-texlive/tex/latex/subfig/subfig.sty
Package: subfig 2005/06/28 ver: 1.3 subfig package

(/usr/share/texmf-texlive/tex/latex/caption/caption.sty
Package: caption 2009/10/09 v3.1k Customizing captions (AR)

(/usr/share/texmf-texlive/tex/latex/caption/caption3.sty
Package: caption3 2009/10/09 v3.1k caption3 kernel (AR)
\captionmargin=\dimen110
\captionmargin@=\dimen111
\captionwidth=\dimen112
\caption@indent=\dimen113
\caption@parindent=\dimen114
\caption@hangindent=\dimen115
)
\c@ContinuedFloat=\count97
Package caption Info: hyperref package is loaded.
Package caption Info: wrapfig package is loaded.
)
\c@KVtest=\count98
\sf@farskip=\skip43
\sf@captopadj=\dimen116
\sf@capskip=\skip44
\sf@nearskip=\skip45
\c@subfigure=\count99
\c@subfigure@save=\count100
\c@lofdepth=\count101
\c@subtable=\count102
\c@subtable@save=\count103
\c@lotdepth=\count104
\sf@top=\skip46
\sf@bottom=\skip47
)
(/home/dbruijn/texmf/tex/latex/groove2tikz/groove2tikz.sty
Package: groove2tikz 

(/usr/share/texmf/tex/latex/pgf/frontendlayer/tikz.sty
(/usr/share/texmf/tex/latex/pgf/basiclayer/pgf.sty
(/usr/share/texmf/tex/latex/pgf/utilities/pgfrcs.sty
(/usr/share/texmf/tex/generic/pgf/utilities/pgfutil-common.tex
\pgfutil@everybye=\toks17
)
(/usr/share/texmf/tex/generic/pgf/utilities/pgfutil-latex.def
\pgfutil@abb=\box27

(/usr/share/texmf-texlive/tex/latex/ms/everyshi.sty
Package: everyshi 2001/05/15 v3.00 EveryShipout Package (MS)
))
(/usr/share/texmf/tex/generic/pgf/utilities/pgfrcs.code.tex
Package: pgfrcs 2010/10/25 v2.10 (rcs-revision 1.24)
))
Package: pgf 2008/01/15 v2.10 (rcs-revision 1.12)

(/usr/share/texmf/tex/latex/pgf/basiclayer/pgfcore.sty
(/usr/share/texmf/tex/latex/pgf/systemlayer/pgfsys.sty
(/usr/share/texmf/tex/generic/pgf/systemlayer/pgfsys.code.tex
Package: pgfsys 2010/06/30 v2.10 (rcs-revision 1.37)

(/usr/share/texmf/tex/generic/pgf/utilities/pgfkeys.code.tex
\pgfkeys@pathtoks=\toks18
\pgfkeys@temptoks=\toks19

(/usr/share/texmf/tex/generic/pgf/utilities/pgfkeysfiltered.code.tex
\pgfkeys@tmptoks=\toks20
))
\pgf@x=\dimen117
\pgf@y=\dimen118
\pgf@xa=\dimen119
\pgf@ya=\dimen120
\pgf@xb=\dimen121
\pgf@yb=\dimen122
\pgf@xc=\dimen123
\pgf@yc=\dimen124
\w@pgf@writea=\write3
\r@pgf@reada=\read1
\c@pgf@counta=\count105
\c@pgf@countb=\count106
\c@pgf@countc=\count107
\c@pgf@countd=\count108

(/usr/share/texmf/tex/generic/pgf/systemlayer/pgf.cfg
File: pgf.cfg 2008/05/14  (rcs-revision 1.7)
)
Package pgfsys Info: Driver file for pgf: pgfsys-pdftex.def on input line 900.

(/usr/share/texmf/tex/generic/pgf/systemlayer/pgfsys-pdftex.def
File: pgfsys-pdftex.def 2009/05/22  (rcs-revision 1.26)

(/usr/share/texmf/tex/generic/pgf/systemlayer/pgfsys-common-pdf.def
File: pgfsys-common-pdf.def 2008/05/19  (rcs-revision 1.10)
)))
(/usr/share/texmf/tex/generic/pgf/systemlayer/pgfsyssoftpath.code.tex
File: pgfsyssoftpath.code.tex 2008/07/18  (rcs-revision 1.7)
\pgfsyssoftpath@smallbuffer@items=\count109
\pgfsyssoftpath@bigbuffer@items=\count110
)
(/usr/share/texmf/tex/generic/pgf/systemlayer/pgfsysprotocol.code.tex
File: pgfsysprotocol.code.tex 2006/10/16  (rcs-revision 1.4)
))
(/usr/share/texmf/tex/latex/xcolor/xcolor.sty
Package: xcolor 2007/01/21 v2.11 LaTeX color extensions (UK)

(/etc/texmf/tex/latex/config/color.cfg
File: color.cfg 2007/01/18 v1.5 color configuration of teTeX/TeXLive
)
Package xcolor Info: Driver file: pdftex.def on input line 225.
Package xcolor Info: Model `cmy' substituted by `cmy0' on input line 1337.
Package xcolor Info: Model `hsb' substituted by `rgb' on input line 1341.
Package xcolor Info: Model `RGB' extended on input line 1353.
Package xcolor Info: Model `HTML' substituted by `rgb' on input line 1355.
Package xcolor Info: Model `Hsb' substituted by `hsb' on input line 1356.
Package xcolor Info: Model `tHsb' substituted by `hsb' on input line 1357.
Package xcolor Info: Model `HSB' substituted by `hsb' on input line 1358.
Package xcolor Info: Model `Gray' substituted by `gray' on input line 1359.
Package xcolor Info: Model `wave' substituted by `hsb' on input line 1360.
)
(/usr/share/texmf/tex/generic/pgf/basiclayer/pgfcore.code.tex
Package: pgfcore 2010/04/11 v2.10 (rcs-revision 1.7)

(/usr/share/texmf/tex/generic/pgf/math/pgfmath.code.tex
(/usr/share/texmf/tex/generic/pgf/math/pgfmathcalc.code.tex
(/usr/share/texmf/tex/generic/pgf/math/pgfmathutil.code.tex)
(/usr/share/texmf/tex/generic/pgf/math/pgfmathparser.code.tex
\pgfmath@dimen=\dimen125
\pgfmath@count=\count111
\pgfmath@box=\box28
\pgfmath@toks=\toks21
\pgfmath@stack@operand=\toks22
\pgfmath@stack@operation=\toks23
)
(/usr/share/texmf/tex/generic/pgf/math/pgfmathfunctions.code.tex
(/usr/share/texmf/tex/generic/pgf/math/pgfmathfunctions.basic.code.tex)
(/usr/share/texmf/tex/generic/pgf/math/pgfmathfunctions.trigonometric.code.tex)
(/usr/share/texmf/tex/generic/pgf/math/pgfmathfunctions.random.code.tex)
(/usr/share/texmf/tex/generic/pgf/math/pgfmathfunctions.comparison.code.tex)
(/usr/share/texmf/tex/generic/pgf/math/pgfmathfunctions.base.code.tex)
(/usr/share/texmf/tex/generic/pgf/math/pgfmathfunctions.round.code.tex)
(/usr/share/texmf/tex/generic/pgf/math/pgfmathfunctions.misc.code.tex)))
(/usr/share/texmf/tex/generic/pgf/math/pgfmathfloat.code.tex
\c@pgfmathroundto@lastzeros=\count112
))
(/usr/share/texmf/tex/generic/pgf/basiclayer/pgfcorepoints.code.tex
File: pgfcorepoints.code.tex 2010/04/09  (rcs-revision 1.20)
\pgf@picminx=\dimen126
\pgf@picmaxx=\dimen127
\pgf@picminy=\dimen128
\pgf@picmaxy=\dimen129
\pgf@pathminx=\dimen130
\pgf@pathmaxx=\dimen131
\pgf@pathminy=\dimen132
\pgf@pathmaxy=\dimen133
\pgf@xx=\dimen134
\pgf@xy=\dimen135
\pgf@yx=\dimen136
\pgf@yy=\dimen137
\pgf@zx=\dimen138
\pgf@zy=\dimen139
)
(/usr/share/texmf/tex/generic/pgf/basiclayer/pgfcorepathconstruct.code.tex
File: pgfcorepathconstruct.code.tex 2010/08/03  (rcs-revision 1.24)
\pgf@path@lastx=\dimen140
\pgf@path@lasty=\dimen141
)
(/usr/share/texmf/tex/generic/pgf/basiclayer/pgfcorepathusage.code.tex
File: pgfcorepathusage.code.tex 2008/04/22  (rcs-revision 1.12)
\pgf@shorten@end@additional=\dimen142
\pgf@shorten@start@additional=\dimen143
)
(/usr/share/texmf/tex/generic/pgf/basiclayer/pgfcorescopes.code.tex
File: pgfcorescopes.code.tex 2010/09/08  (rcs-revision 1.34)
\pgfpic=\box29
\pgf@hbox=\box30
\pgf@layerbox@main=\box31
\pgf@picture@serial@count=\count113
)
(/usr/share/texmf/tex/generic/pgf/basiclayer/pgfcoregraphicstate.code.tex
File: pgfcoregraphicstate.code.tex 2008/04/22  (rcs-revision 1.9)
\pgflinewidth=\dimen144
)
(/usr/share/texmf/tex/generic/pgf/basiclayer/pgfcoretransformations.code.tex
File: pgfcoretransformations.code.tex 2009/06/10  (rcs-revision 1.11)
\pgf@pt@x=\dimen145
\pgf@pt@y=\dimen146
\pgf@pt@temp=\dimen147
)
(/usr/share/texmf/tex/generic/pgf/basiclayer/pgfcorequick.code.tex
File: pgfcorequick.code.tex 2008/10/09  (rcs-revision 1.3)
)
(/usr/share/texmf/tex/generic/pgf/basiclayer/pgfcoreobjects.code.tex
File: pgfcoreobjects.code.tex 2006/10/11  (rcs-revision 1.2)
)
(/usr/share/texmf/tex/generic/pgf/basiclayer/pgfcorepathprocessing.code.tex
File: pgfcorepathprocessing.code.tex 2008/10/09  (rcs-revision 1.8)
)
(/usr/share/texmf/tex/generic/pgf/basiclayer/pgfcorearrows.code.tex
File: pgfcorearrows.code.tex 2008/04/23  (rcs-revision 1.11)
)
(/usr/share/texmf/tex/generic/pgf/basiclayer/pgfcoreshade.code.tex
File: pgfcoreshade.code.tex 2008/11/23  (rcs-revision 1.13)
\pgf@max=\dimen148
\pgf@sys@shading@range@num=\count114
)
(/usr/share/texmf/tex/generic/pgf/basiclayer/pgfcoreimage.code.tex
File: pgfcoreimage.code.tex 2010/03/25  (rcs-revision 1.16)

(/usr/share/texmf/tex/generic/pgf/basiclayer/pgfcoreexternal.code.tex
File: pgfcoreexternal.code.tex 2010/09/01  (rcs-revision 1.17)
\pgfexternal@startupbox=\box32
))
(/usr/share/texmf/tex/generic/pgf/basiclayer/pgfcorelayers.code.tex
File: pgfcorelayers.code.tex 2010/08/27  (rcs-revision 1.2)
)
(/usr/share/texmf/tex/generic/pgf/basiclayer/pgfcoretransparency.code.tex
File: pgfcoretransparency.code.tex 2008/01/17  (rcs-revision 1.2)
)
(/usr/share/texmf/tex/generic/pgf/basiclayer/pgfcorepatterns.code.tex
File: pgfcorepatterns.code.tex 2009/07/02  (rcs-revision 1.3)
)))
(/usr/share/texmf/tex/generic/pgf/modules/pgfmoduleshapes.code.tex
File: pgfmoduleshapes.code.tex 2010/09/09  (rcs-revision 1.13)
\pgfnodeparttextbox=\box33
)
(/usr/share/texmf/tex/generic/pgf/modules/pgfmoduleplot.code.tex
File: pgfmoduleplot.code.tex 2010/10/22  (rcs-revision 1.8)
)
(/usr/share/texmf/tex/latex/pgf/compatibility/pgfcomp-version-0-65.sty
Package: pgfcomp-version-0-65 2007/07/03 v2.10 (rcs-revision 1.7)
\pgf@nodesepstart=\dimen149
\pgf@nodesepend=\dimen150
)
(/usr/share/texmf/tex/latex/pgf/compatibility/pgfcomp-version-1-18.sty
Package: pgfcomp-version-1-18 2007/07/23 v2.10 (rcs-revision 1.1)
))
(/usr/share/texmf/tex/latex/pgf/utilities/pgffor.sty
(/usr/share/texmf/tex/latex/pgf/utilities/pgfkeys.sty
(/usr/share/texmf/tex/generic/pgf/utilities/pgfkeys.code.tex))
(/usr/share/texmf/tex/generic/pgf/utilities/pgffor.code.tex
Package: pgffor 2010/03/23 v2.10 (rcs-revision 1.18)
\pgffor@iter=\dimen151
\pgffor@skip=\dimen152
\pgffor@stack=\toks24
\pgffor@toks=\toks25
))
(/usr/share/texmf/tex/generic/pgf/frontendlayer/tikz/tikz.code.tex
Package: tikz 2010/10/13 v2.10 (rcs-revision 1.76)

(/usr/share/texmf/tex/generic/pgf/libraries/pgflibraryplothandlers.code.tex
File: pgflibraryplothandlers.code.tex 2010/05/31 v2.10 (rcs-revision 1.15)
\pgf@plot@mark@count=\count115
\pgfplotmarksize=\dimen153
)
\tikz@lastx=\dimen154
\tikz@lasty=\dimen155
\tikz@lastxsaved=\dimen156
\tikz@lastysaved=\dimen157
\tikzleveldistance=\dimen158
\tikzsiblingdistance=\dimen159
\tikz@figbox=\box34
\tikz@tempbox=\box35
\tikztreelevel=\count116
\tikznumberofchildren=\count117
\tikznumberofcurrentchild=\count118
\tikz@fig@count=\count119

(/usr/share/texmf/tex/generic/pgf/modules/pgfmodulematrix.code.tex
File: pgfmodulematrix.code.tex 2010/08/24  (rcs-revision 1.4)
\pgfmatrixcurrentrow=\count120
\pgfmatrixcurrentcolumn=\count121
\pgf@matrix@numberofcolumns=\count122
)
\tikz@expandcount=\count123

(/usr/share/texmf/tex/generic/pgf/frontendlayer/tikz/libraries/tikzlibrarytopat
hs.code.tex
File: tikzlibrarytopaths.code.tex 2008/06/17 v2.10 (rcs-revision 1.2)
))) (/usr/share/texmf-texlive/tex/latex/base/fontenc.sty
Package: fontenc 2005/09/27 v1.99g Standard LaTeX package

(/usr/share/texmf-texlive/tex/latex/base/t1enc.def
File: t1enc.def 2005/09/27 v1.99g Standard LaTeX file
LaTeX Font Info:    Redeclaring font encoding T1 on input line 43.
))
(/usr/share/texmf/tex/generic/pgf/frontendlayer/tikz/libraries/tikzlibraryarrow
s.code.tex
File: tikzlibraryarrows.code.tex 2008/01/09 v2.10 (rcs-revision 1.1)

(/usr/share/texmf/tex/generic/pgf/libraries/pgflibraryarrows.code.tex
File: pgflibraryarrows.code.tex 2008/10/27 v2.10 (rcs-revision 1.9)
\arrowsize=\dimen160
))
(/usr/share/texmf/tex/generic/pgf/frontendlayer/tikz/libraries/tikzlibraryautom
ata.code.tex
File: tikzlibraryautomata.code.tex 2008/07/14 v2.10 (rcs-revision 1.3)

(/usr/share/texmf/tex/generic/pgf/frontendlayer/tikz/libraries/tikzlibraryshape
s.multipart.code.tex
File: tikzlibraryshapes.multipart.code.tex 2008/01/09 v2.10 (rcs-revision 1.1)

(/usr/share/texmf/tex/generic/pgf/libraries/shapes/pgflibraryshapes.multipart.c
ode.tex
File: pgflibraryshapes.multipart.code.tex 2010/01/07 v2.10 (rcs-revision 1.2)
\pgfnodepartlowerbox=\box36
\pgfnodeparttwobox=\box37
\pgfnodepartthreebox=\box38
\pgfnodepartfourbox=\box39
\pgfnodeparttwentybox=\box40
\pgfnodepartnineteenbox=\box41
\pgfnodeparteighteenbox=\box42
\pgfnodepartseventeenbox=\box43
\pgfnodepartsixteenbox=\box44
\pgfnodepartfifteenbox=\box45
\pgfnodepartfourteenbox=\box46
\pgfnodepartthirteenbox=\box47
\pgfnodeparttwelvebox=\box48
\pgfnodepartelevenbox=\box49
\pgfnodeparttenbox=\box50
\pgfnodepartninebox=\box51
\pgfnodeparteightbox=\box52
\pgfnodepartsevenbox=\box53
\pgfnodepartsixbox=\box54
\pgfnodepartfivebox=\box55
)))
(/usr/share/texmf/tex/generic/pgf/frontendlayer/tikz/libraries/tikzlibraryposit
ioning.code.tex
File: tikzlibrarypositioning.code.tex 2008/10/06 v2.10 (rcs-revision 1.7)
)
(/usr/share/texmf/tex/generic/pgf/frontendlayer/tikz/libraries/tikzlibraryer.co
de.tex
File: tikzlibraryer.code.tex 2008/02/20 v2.10 (rcs-revision 1.2)

(/usr/share/texmf/tex/generic/pgf/frontendlayer/tikz/libraries/tikzlibraryshape
s.geometric.code.tex
File: tikzlibraryshapes.geometric.code.tex 2008/01/09 v2.10 (rcs-revision 1.1)

(/usr/share/texmf/tex/generic/pgf/libraries/shapes/pgflibraryshapes.geometric.c
ode.tex
File: pgflibraryshapes.geometric.code.tex 2008/06/26 v2.10 (rcs-revision 1.1)
)))) (/usr/share/texmf-texlive/tex/generic/xypic/xy.sty
(/usr/share/texmf-texlive/tex/generic/xypic/xy.tex Bootstrap'ing: catcodes,
docmode, (/usr/share/texmf-texlive/tex/generic/xypic/xyrecat.tex)
(/usr/share/texmf-texlive/tex/generic/xypic/xyidioms.tex)

 Xy-pic version 3.7 <1999/02/16>
 Copyright (c) 1991-1998 by Kristoffer H. Rose <krisrose@ens-lyon.fr>
 Xy-pic is free software: see the User's Guide for details.

Loading kernel: messages; fonts; allocations: state,
\X@c=\dimen161
\Y@c=\dimen162
\U@c=\dimen163
\D@c=\dimen164
\L@c=\dimen165
\R@c=\dimen166
\Edge@c=\toks26
\X@p=\dimen167
\Y@p=\dimen168
\U@p=\dimen169
\D@p=\dimen170
\L@p=\dimen171
\R@p=\dimen172
\Edge@p=\toks27
\X@origin=\dimen173
\Y@origin=\dimen174
\X@xbase=\dimen175
\Y@xbase=\dimen176
\X@ybase=\dimen177
\Y@ybase=\dimen178
\X@min=\dimen179
\Y@min=\dimen180
\X@max=\dimen181
\Y@max=\dimen182
\lastobjectbox@=\box56
\zerodotbox@=\box57
\almostz@=\dimen183
 direction,
\d@X=\dimen184
\d@Y=\dimen185
\K@=\count124
\KK@=\count125
\Direction=\count126
\K@dXdY=\dimen186
\K@dYdX=\dimen187
\xyread@=\read2
\xywrite@=\write4
\csp@=\count127
\quotPTK@=\dimen188

utility macros; pictures: \xy, positions,
\swaptoks@@=\toks28
\connectobjectbox@@=\box58
 objects,
\styletoks@=\toks29
 decorations;
kernel objects: directionals, circles, text; options; algorithms: directions,
edges, connections;  Xy-pic loaded)
Package: xy 1999/02/16 Xy-pic version 3.7

(/usr/share/texmf-texlive/tex/generic/xypic/xyall.tex
 Xy-pic option: All features v.3.3
(/usr/share/texmf-texlive/tex/generic/xypic/xycurve.tex
 Xy-pic option: Curve and Spline extension v.3.7 curve,
\crv@cnt@=\count128
\crvpts@=\toks30
\splinebox@=\box59
\splineval@=\dimen189
\splinedepth@=\dimen190
\splinetol@=\dimen191
\splinelength@=\dimen192
 circles,
\L@=\dimen193
 loaded)
(/usr/share/texmf-texlive/tex/generic/xypic/xyframe.tex
 Xy-pic option: Frame and Bracket extension v.3.7 loaded)
(/usr/share/texmf-texlive/tex/generic/xypic/xycmtip.tex
 Xy-pic option: Computer Modern tip extension v.3.3
(/usr/share/texmf-texlive/tex/generic/xypic/xytips.tex
 Xy-pic option: More Tips extension v.3.3 loaded) loaded)
(/usr/share/texmf-texlive/tex/generic/xypic/xyline.tex
 Xy-pic option: Line styles extension v.3.6
\xylinethick@=\dimen194
 loaded)
(/usr/share/texmf-texlive/tex/generic/xypic/xyrotate.tex
 Xy-pic option: Rotate and Scale extension v.3.3 loaded)
(/usr/share/texmf-texlive/tex/generic/xypic/xycolor.tex
 Xy-pic option: Colour extension v.3.3 loaded)
(/usr/share/texmf-texlive/tex/generic/xypic/xymatrix.tex
 Xy-pic option: Matrix feature v.3.4
\Row=\count129
\Col=\count130
\queue@=\toks31
\queue@@=\toks32
\qcount@=\count131
\qcount@@=\count132
\matrixsize@=\count133
 loaded)
(/usr/share/texmf-texlive/tex/generic/xypic/xyarrow.tex
 Xy-pic option: Arrow and Path feature v.3.5 path, \ar, loaded)
(/usr/share/texmf-texlive/tex/generic/xypic/xygraph.tex
 Xy-pic option: Graph feature v.3.7 loaded) loaded))
(/usr/share/texmf-texlive/tex/latex/mh/mathtools.sty
Package: mathtools 2008/08/01 v1.06 mathematical typesetting tools (MH)

(/usr/share/texmf-texlive/tex/latex/tools/calc.sty
Package: calc 2007/08/22 v4.3 Infix arithmetic (KKT,FJ)
\calc@Acount=\count134
\calc@Bcount=\count135
\calc@Adimen=\dimen195
\calc@Bdimen=\dimen196
\calc@Askip=\skip48
\calc@Bskip=\skip49
LaTeX Info: Redefining \setlength on input line 76.
LaTeX Info: Redefining \addtolength on input line 77.
\calc@Ccount=\count136
\calc@Cskip=\skip50
)
(/usr/share/texmf-texlive/tex/latex/mh/mhsetup.sty
Package: mhsetup 2007/12/03 v1.2 programming setup (MH)
)
(/usr/share/texmf-texlive/tex/latex/amsmath/amsmath.sty
Package: amsmath 2000/07/18 v2.13 AMS math features
\@mathmargin=\skip51

For additional information on amsmath, use the `?' option.
(/usr/share/texmf-texlive/tex/latex/amsmath/amstext.sty
Package: amstext 2000/06/29 v2.01

(/usr/share/texmf-texlive/tex/latex/amsmath/amsgen.sty
File: amsgen.sty 1999/11/30 v2.0
\@emptytoks=\toks33
\ex@=\dimen197
))
(/usr/share/texmf-texlive/tex/latex/amsmath/amsbsy.sty
Package: amsbsy 1999/11/29 v1.2d
\pmbraise@=\dimen198
)
(/usr/share/texmf-texlive/tex/latex/amsmath/amsopn.sty
Package: amsopn 1999/12/14 v2.01 operator names
)
\inf@bad=\count137
LaTeX Info: Redefining \frac on input line 211.
\uproot@=\count138
\leftroot@=\count139
LaTeX Info: Redefining \overline on input line 307.
\classnum@=\count140
\DOTSCASE@=\count141
LaTeX Info: Redefining \ldots on input line 379.
LaTeX Info: Redefining \dots on input line 382.
LaTeX Info: Redefining \cdots on input line 467.
\Mathstrutbox@=\box60
\strutbox@=\box61
\big@size=\dimen199
LaTeX Font Info:    Redeclaring font encoding OML on input line 567.
LaTeX Font Info:    Redeclaring font encoding OMS on input line 568.
\macc@depth=\count142
\c@MaxMatrixCols=\count143
\dotsspace@=\muskip11
\c@parentequation=\count144
\dspbrk@lvl=\count145
\tag@help=\toks34
\row@=\count146
\column@=\count147
\maxfields@=\count148
\andhelp@=\toks35
\eqnshift@=\dimen200
\alignsep@=\dimen201
\tagshift@=\dimen202
\tagwidth@=\dimen203
\totwidth@=\dimen204
\lineht@=\dimen205
\@envbody=\toks36
\multlinegap=\skip52
\multlinetaggap=\skip53
\mathdisplay@stack=\toks37
LaTeX Info: Redefining \[ on input line 2666.
LaTeX Info: Redefining \] on input line 2667.
)
\g_MT_multlinerow_int=\count149
\l_MT_multwidth_dim=\dimen206
)
(/usr/share/texmf-texlive/tex/latex/amsfonts/amssymb.sty
Package: amssymb 2009/06/22 v3.00

(/usr/share/texmf-texlive/tex/latex/amsfonts/amsfonts.sty
Package: amsfonts 2009/06/22 v3.00 Basic AMSFonts support
\symAMSa=\mathgroup4
\symAMSb=\mathgroup5
LaTeX Font Info:    Overwriting math alphabet `\mathfrak' in version `bold'
(Font)                  U/euf/m/n --> U/euf/b/n on input line 96.
))
(/usr/share/texmf-texlive/tex/latex/multirow/multirow.sty
\bigstrutjot=\dimen207
)
(/usr/share/texmf-texlive/tex/latex/tools/array.sty
Package: array 2008/09/09 v2.4c Tabular extension package (FMi)
\col@sep=\dimen208
\extrarowheight=\dimen209
\NC@list=\toks38
\extratabsurround=\skip54
\backup@length=\skip55
)
(/usr/share/texmf-texlive/tex/latex/amscls/amsthm.sty
Package: amsthm 2004/08/06 v2.20
\thm@style=\toks39
\thm@bodyfont=\toks40
\thm@headfont=\toks41
\thm@notefont=\toks42
\thm@headpunct=\toks43
\thm@preskip=\skip56
\thm@postskip=\skip57
\thm@headsep=\skip58
\dth@everypar=\toks44
)
(/usr/share/texmf-texlive/tex/latex/fancybox/fancybox.sty
Package: fancybox 2000/09/19 1.3

Style option: `fancybox' v1.3 <2000/09/19> (tvz)
\@fancybox=\box62
\shadowsize=\dimen210
\@Sbox=\box63
\do@VerbBox=\toks45
\the@fancyput=\toks46
\this@fancyput=\toks47
\EndVerbatimTokens=\toks48
\Verbatim@Outfile=\write5
\Verbatim@Infile=\read3
) (/usr/share/texmf-texlive/tex/latex/tools/verbatim.sty
Package: verbatim 2003/08/22 v1.5q LaTeX2e package for verbatim enhancements
\every@verbatim=\toks49
\verbatim@line=\toks50
\verbatim@in@stream=\read4
)
(/usr/share/texmf-texlive/tex/latex/tools/enumerate.sty
Package: enumerate 1999/03/05 v3.00 enumerate extensions (DPC)
\@enLab=\toks51
) (./symbol-macros.tex)
\c@definition=\count150

(./report2.aux)
\openout1 = `report2.aux'.

LaTeX Font Info:    Checking defaults for OML/cmm/m/it on input line 36.
LaTeX Font Info:    ... okay on input line 36.
LaTeX Font Info:    Checking defaults for T1/cmr/m/n on input line 36.
LaTeX Font Info:    ... okay on input line 36.
LaTeX Font Info:    Checking defaults for OT1/cmr/m/n on input line 36.
LaTeX Font Info:    ... okay on input line 36.
LaTeX Font Info:    Checking defaults for OMS/cmsy/m/n on input line 36.
LaTeX Font Info:    ... okay on input line 36.
LaTeX Font Info:    Checking defaults for OMX/cmex/m/n on input line 36.
LaTeX Font Info:    ... okay on input line 36.
LaTeX Font Info:    Checking defaults for U/cmr/m/n on input line 36.
LaTeX Font Info:    ... okay on input line 36.
LaTeX Font Info:    Checking defaults for PD1/pdf/m/n on input line 36.
LaTeX Font Info:    ... okay on input line 36.
Package hyperref Info: Link coloring OFF on input line 36.
 (/usr/share/texmf-texlive/tex/latex/hyperref/nameref.sty
Package: nameref 2007/05/29 v2.31 Cross-referencing by name of section

(/usr/share/texmf-texlive/tex/latex/oberdiek/refcount.sty
Package: refcount 2008/08/11 v3.1 Data extraction from references (HO)
)
\c@section@level=\count151
)
LaTeX Info: Redefining \ref on input line 36.
LaTeX Info: Redefining \pageref on input line 36.
 (./report2.out)
(./report2.out)
\@outlinefile=\write6
\openout6 = `report2.out'.

\AtBeginShipoutBox=\box64
 (/usr/share/texmf-texlive/tex/context/base/supp-pdf.mkii
[Loading MPS to PDF converter (version 2006.09.02).]
\scratchcounter=\count152
\scratchdimen=\dimen211
\scratchbox=\box65
\nofMPsegments=\count153
\nofMParguments=\count154
\everyMPshowfont=\toks52
\MPscratchCnt=\count155
\MPscratchDim=\dimen212
\MPnumerator=\count156
\everyMPtoPDFconversion=\toks53
)
Package caption Info: Begin \AtBeginDocument code.
Package caption3 Info: subfig package 1.2 or 1.3 is loaded.
LaTeX Info: Redefining \subref on input line 36.
Package caption Info: End \AtBeginDocument code.
 ABD: EveryShipout initializing macros
LaTeX Font Info:    Try loading font information for U+msa on input line 53.

(/usr/share/texmf-texlive/tex/latex/amsfonts/umsa.fd
File: umsa.fd 2009/06/22 v3.00 AMS symbols A
)
LaTeX Font Info:    Try loading font information for U+msb on input line 53.

(/usr/share/texmf-texlive/tex/latex/amsfonts/umsb.fd
File: umsb.fd 2009/06/22 v3.00 AMS symbols B
)
LaTeX Font Info:    Try loading font information for T1+cmtt on input line 53.

(/usr/share/texmf-texlive/tex/latex/base/t1cmtt.fd
File: t1cmtt.fd 1999/05/25 v2.5h Standard LaTeX font definitions
) [1

{/var/lib/texmf/fonts/map/pdftex/updmap/pdftex.map}] (./tex/abstract.texpdfTeX 
warning (ext4): destination with the same identifier (name{page.1}) has been al
ready used, duplicate ignored
<to be read again> 
                   \relax 
l.5 \end{abstract}
                   [1]) (./report2.tocpdfTeX warning (ext4): destination with t
he same identifier (name{page.1}) has been already used, duplicate ignored
<to be read again> 
                   \relax 
l.39 ...{\numberline {5}Validation}{34}{chapter.5}
                                                   [1

])
\tf@toc=\write7
\openout7 = `report2.toc'.

 [2]
Chapter 1.
(./tex/introduction.tex [3

]
Overfull \hbox (1.65527pt too wide) in paragraph at lines 20--20
\T1/cmr/m/n/10 tem states, com-plex ob-jects, di-a-grams, and net-works, like f
lowcharts, entity-relationship
 []

LaTeX Font Info:    Try loading font information for OMS+cmr on input line 25.
(/usr/share/texmf-texlive/tex/latex/base/omscmr.fd
File: omscmr.fd 1999/05/25 v2.5h Standard LaTeX font definitions
)
LaTeX Font Info:    Font shape `OMS/cmr/m/n' in size <10> not available
(Font)              Font shape `OMS/cmsy/m/n' tried instead on input line 25.
 [4]
Underfull \hbox (badness 10000) in paragraph at lines 36--36
[]\T1/cmr/m/n/10 Zijn er
 []


Underfull \hbox (badness 5681) in paragraph at lines 36--36
\T1/cmr/m/n/10 nog an-dere
 []


Underfull \hbox (badness 10000) in paragraph at lines 36--36
\T1/cmr/m/n/10 for-ma-tion
 []

) [5] [6]
Chapter 2.
(./tex/background-introduction.tex) (./tex/model-based-testing.tex
<./img/model-based-testing.pdf, id=426, 379.58545pt x 141.73691pt>
File: ./img/model-based-testing.pdf Graphic file (type pdf)

<use ./img/model-based-testing.pdf>
<./img/mbt-on-the-fly.pdf, id=430, 357.48773pt x 141.7426pt>
File: ./img/mbt-on-the-fly.pdf Graphic file (type pdf)

<use ./img/mbt-on-the-fly.pdf> [7

 <./img/model-based-testing.pdf>] [8 <./img/mbt-on-the-fly.pdf>] (./img/iots-ex
ample.tex <xymatrix 2x2 182>)
(./img/iots-test.tex <xymatrix 3x2 145>)) (./tex/algebra.tex [9])
(./tex/symbolic.tex [10] [11] (./img/sts_boardgame_1.tex <xymatrix 14x1 236>)
[12] (./img/trafo_sts.tex <xymatrix 1x3 151>) (./img/trafo_lts.tex <xymatrix
5x5 562>)) (./tex/graph-grammars.tex [13] (./img/hostgraph.tex <xymatrix 4x2
235>) (./img/rulegraph.tex <xymatrix 4x2 149>) [14] (./img/gg_example.tikz
LaTeX Font Info:    Try loading font information for T1+cmss on input line 8.

(/usr/share/texmf-texlive/tex/latex/base/t1cmss.fd
File: t1cmss.fd 1999/05/25 v2.5h Standard LaTeX font definitions
) (./img/gg_lhs.tex
<xymatrix 2x1 181>) (./img/gg_nac1.tex <xymatrix 2x1 181>) (./img/gg_nac2.tex
<xymatrix 2x1 181>) (./img/gg_graph.tex <xymatrix 3x1 226>) (./img/gg_rhs.tex
<xymatrix 2x1 181>) (./img/gg_result.tex <xymatrix 3x1 226>)) [15]
Underfull \hbox (badness 10000) in paragraph at lines 156--160

 []

[16] (./img/priority-example/start.tex <xymatrix 2x1 51>)
Underfull \hbox (badness 10000) in paragraph at lines 166--166
[]\T1/cmr/m/n/8 (a) |The ini-tial
 []

(./img/priority-example/add_lhs.tex <xymatrix 3x1 55>)
(./img/priority-example/add_rhs.tex <xymatrix 2x1 51>)
(./img/priority-example/sub_lhs.tex <xymatrix 3x1 55>)
(./img/priority-example/sub_rhs.tex <xymatrix 2x1 51>)) (./tex/tooling.tex
<./img/atm-diagram.pdf, id=596, 513.8086pt x 289.56181pt>
File: ./img/atm-diagram.pdf Graphic file (type pdf)

<use ./img/atm-diagram.pdf>

LaTeX Warning: `h' float specifier changed to `ht'.

[17] <./img/groove-diagram.pdf, id=617, 362.04158pt x 220.67444pt>
File: ./img/groove-diagram.pdf Graphic file (type pdf)

<use ./img/groove-diagram.pdf>

LaTeX Warning: `h' float specifier changed to `ht'.

[18 <./img/atm-diagram.pdf>] (./img/visual_elements/flags.tikz)
(./img/visual_elements/node_match1.tikz)
Underfull \hbox (badness 10000) in paragraph at lines 61--61
[]\T1/cmr/m/n/8 (a) |Match-ing rule
 []

(./img/visual_elements/node_match2.tikz)

LaTeX Warning: `h' float specifier changed to `ht'.

[19 <./img/groove-diagram.pdf>]
Underfull \hbox (badness 7379) in paragraph at lines 72--72
[]\T1/cmr/m/n/10 dotted line
 []


Underfull \hbox (badness 10000) in paragraph at lines 72--72
\T1/cmr/m/n/10 beter wo-
 []

(./img/visual_elements/colors.tikz) (./img/visual_elements/terms.tikz)
(./img/visual_elements/shorthand1.tikz) (./img/visual_elements/shorthand2.tikz)

LaTeX Warning: `h' float specifier changed to `ht'.

(./img/visual_elements/term_shorthand.tikz)

LaTeX Warning: `h' float specifier changed to `ht'.

(./img/visual_elements/transition_parameters.tikz)
(./img/visual_elements/transition_parameters_host.tikz)
(./img/visual_elements/transition_parameters_gts.tikz)

LaTeX Warning: `h' float specifier changed to `ht'.

[20] (./img/visual_elements/quantification.tikz)

LaTeX Warning: `h' float specifier changed to `ht'.

(./img/boardgame/start.tikz) (./img/boardgame/throws.tikz)
(./img/boardgame/move.tikz) (./img/boardgame/nextTurn.tikz)

LaTeX Warning: `h' float specifier changed to `ht'.

(./img/gts-transition-example.tikz)

LaTeX Warning: `h' float specifier changed to `ht'.

(./img/target-graph-state.tikz)

LaTeX Warning: `h' float specifier changed to `ht'.

) [21] [22] [23]
Chapter 3.
(./tex/gg-to-sts-transformation.tex [24

] (./img/item_example2.tex <xymatrix
3x1 118>)
Overfull \hbox (13.86055pt too wide) in paragraph at lines 1--41
 []$[]$ 
 []

(./img/gg_variable.tikz) [25] [26] (./img/guard_example.tex <xymatrix 4x2 153>)
(./img/guard_example_host.tex <xymatrix 3x2 208>) [27]
(./img/priority_sts_wrong.tex <xymatrix 1x1 136>) (./img/priority_sts_right.tex
<xymatrix 1x1 136>)) (./tex/constraints.tex [28] (./img/nac_example_wrong.tex
<xymatrix 1x2 51>) (./img/nac_example_right.tex <xymatrix 2x2 55>) [29]
(./img/item_example_c4_lhs.tex <xymatrix 2x2 122>)
(./img/item_example_c4_rhs.tex <xymatrix 2x2 122>)) [30]
Chapter 4.
(./tex/implementation.tex
<./img/gratis_diagram.pdf, id=842, 465.09459pt x 260.6538pt>
File: ./img/gratis_diagram.pdf Graphic file (type pdf)

<use ./img/gratis_diagram.pdf> [31

 <./img/gratis_diagram.pdf>]
<./img/strategy.pdf, id=862, 202.07094pt x 136.22896pt>
File: ./img/strategy.pdf Graphic file (type pdf)

<use ./img/strategy.pdf> <./img/STS.pdf, id=865, 305.98314pt x 218.23532pt>
File: ./img/STS.pdf Graphic file (type pdf)

<use ./img/STS.pdf> [32 <./img/strategy.pdf>]
<./img/STS_objects.pdf, id=894, 485.85414pt x 309.55649pt>
File: ./img/STS_objects.pdf Graphic file (type pdf)

<use ./img/STS_objects.pdf>
Underfull \hbox (badness 10000) in paragraph at lines 59--59
[]\T1/cmr/m/n/10 dit figuur
 []

) [33 <./img/STS.pdf> <./img/STS_objects.pdf>]
Chapter 5.
(./tex/validation-introduction.tex) (./tex/measurements.tex [34

]
Overfull \hbox (2.66943pt too wide) in paragraph at lines 32--34
 \T1/cmr/bx/n/10 Cy-clo-matic Com-plex-ity \T1/cmr/m/n/10 COM-MENT Ik heb in-te
n-sief emails gewis-seld met Lodewijk Bergmans
 []

) (./tex/all-examples.tex [35] [36] (./img/start-reservation.tikz)
(./img/makeReservation.tikz)
<./img/scanflow.jpg, id=964, 359.3425pt x 377.41pt>
File: ./img/scanflow.jpg Graphic file (type jpg)
 <use ./img/scanflow.jpg>
Underfull \hbox (badness 2735) in paragraph at lines 84--85
[]|\T1/cmr/m/n/10 Inform the reg-is-ter that the pay-ment was made, where
 []

[37] [38 <./img/scanflow.jpg>] [39]
Overfull \hbox (8.39388pt too wide) in paragraph at lines 165--182
[]
 []

(./img/scrp/start-scrp.tikz) (./img/scrp/account.open.request.tikz)
(./img/scrp/account.open.success.tikz)
(./img/scrp/account.open.invalid_ss_on.tikz)
(./img/scrp/general_responses.not_signed_on.tikz)
(./img/scrp/account.close.success.tikz)) (./tex/measurements_on_examples.tex
[40]
Overfull \hbox (2.3886pt too wide) in paragraph at lines 13--19
 [] 
 []


Overfull \hbox (2.3886pt too wide) in paragraph at lines 30--36
[][] 
 []

[41]
Overfull \hbox (2.3886pt too wide) in paragraph at lines 49--55
 [] 
 []


Underfull \hbox (badness 10000) in paragraph at lines 61--61
[]\T1/cmr/m/n/10 conclusies
 []


Underfull \hbox (badness 10000) in paragraph at lines 61--61
\T1/cmr/m/n/10 over scrp
 []


Underfull \hbox (badness 10000) in paragraph at lines 61--61
\T1/cmr/m/n/10 re-dun-
 []


Overfull \hbox (21.94557pt too wide) in paragraph at lines 61--61
\T1/cmr/m/n/10 dancy/simulation
 []

[42] (./img/boardgame/start-bg-extended.tikz)
(./img/boardgame/nextTurn-bg-extended.tikz) [43]
Overfull \hbox (2.06178pt too wide) in paragraph at lines 162--173
 [] 
 []

) [44]
Chapter 6.
(./tex/conclusion.tex [45

]) (./tex/future-work.tex) [46] (./report2.bbl
[47

] [48]) [49] (./symbols.tex [50

]) [51] (./tex/appendix.tex
Appendix A.
(./img/fwgc/start-fwgc.tikz) (./img/fwgc/n-fwgc.tikz) (./img/fwgc/w-fwgc.tikz)
(./img/fwgc/w-invalid-fwgc.tikz) (./img/fwgc/g-fwgc.tikz)
(./img/fwgc/g-invalid-fwgc.tikz) (./img/fwgc/c-fwgc.tikz)
(./img/fwgc/c-invalid-fwgc.tikz) (./img/fwgc/retry-fwgc.tikz)
(./img/fwgc/eaten-reinit-fwgc.tikz) (./img/fwgc/done-fwgc.tikz)
(./img/fwgc/eaten-undo-fwgc-extended.tikz) (./img/fwgc/c-fwgc-extended.tikz)
(./img/fwgc/g-fwgc-extended.tikz) (./img/fwgc/w-fwgc-extended.tikz)
(./img/fwgc/n-fwgc-extended.tikz)
Overfull \hbox (72.14275pt too wide) in paragraph at lines 67--86
 []$ 
 []

[52


] [53] [54] [55]
Appendix B.
(./img/bartab/start-tab.tikz) (./img/bartab/order-tab.tikz)
(./img/bartab/process_order.tikz) (./img/bartab/pay-tab.tikz)
(./img/bartab/process_payment.tikz) (./img/bartab/start-tab-extended.tikz)
(./img/bartab/process_discount-extended.tikz)
(./img/bartab/order-tab-extended.tikz) (./img/bartab/discount-extended.tikz)
(./img/bartab/process_order-extended.tikz)

LaTeX Warning: Float too large for page by 9.90907pt on input line 115.

[56

] [57] [58]
Appendix C.
(./tex/scrp_commands_responses.tex
<./img/account_lifecycle.png, id=1201, 590.205pt x 591.20876pt>
File: ./img/account_lifecycle.png Graphic file (type png)

<use ./img/account_lifecycle.png>
Overfull \hbox (3.4369pt too wide) in paragraph at lines 31--36
[] 
 []

[59

]
Overfull \hbox (3.4369pt too wide) in paragraph at lines 38--43
[] 
 []


Overfull \hbox (3.4369pt too wide) in paragraph at lines 45--52
[] 
 []


Overfull \hbox (3.4369pt too wide) in paragraph at lines 54--60
[] 
 []

[60 <./img/account_lifecycle.png (PNG copy)>]
Overfull \hbox (3.4369pt too wide) in paragraph at lines 62--68
[] 
 []


Overfull \hbox (3.4369pt too wide) in paragraph at lines 70--77
[] 
 []


Overfull \hbox (3.4369pt too wide) in paragraph at lines 79--86
[] 
 []


Overfull \hbox (3.4369pt too wide) in paragraph at lines 88--93
[] 
 []

[61]
Overfull \hbox (3.4369pt too wide) in paragraph at lines 95--103
[] 
 []


Overfull \hbox (3.4369pt too wide) in paragraph at lines 105--115
[] 
 []

[62]
Overfull \hbox (3.4369pt too wide) in paragraph at lines 117--125
[] 
 []


Overfull \hbox (3.4369pt too wide) in paragraph at lines 127--134
[] 
 []


Overfull \hbox (3.4369pt too wide) in paragraph at lines 136--142
[] 
 []

[63]
Overfull \hbox (3.4369pt too wide) in paragraph at lines 144--150
[] 
 []


Overfull \hbox (3.4369pt too wide) in paragraph at lines 152--159
[] 
 []


Overfull \hbox (3.4369pt too wide) in paragraph at lines 161--169
[] 
 []


Overfull \hbox (3.4369pt too wide) in paragraph at lines 171--177
[] 
 []

[64])
Overfull \hbox (3.4369pt too wide) in paragraph at lines 179--172
[]
 []


Underfull \hbox (badness 10000) in paragraph at lines 179--172

 []

[65]
Appendix D.
(./scrp_figures.tex (./img/scrp/account.article_registration.request_exist.tikz
) (./img/scrp/account.article_registration.request_nexist.tikz)
(./img/scrp/account.article_registration.displays.tikz)
(./img/scrp/account.article_registration.invalid_ss_on.tikz)
(./img/scrp/account.article_registration.no_such_article.tikz)
(./img/scrp/account.article_registration.success.tikz) [66

]
(./img/scrp/account.article_return.request_exist.tikz)
(./img/scrp/account.article_return.request_nexist.tikz)
(./img/scrp/account.article_return.displays.tikz)
(./img/scrp/account.article_return.invalid_ss_on.tikz)
(./img/scrp/account.article_return.no_such_article.tikz)
(./img/scrp/account.article_return.no_such_article_registered.tikz)
(./img/scrp/account.article_return.success.tikz) [67]
(./img/scrp/account.close.request.tikz) (./img/scrp/account.close.displays.tikz
) (./img/scrp/account.close.invalid_ss_on.tikz)
(./img/scrp/account.close.success.tikz) [68]
(./img/scrp/account.ending.request.tikz)
(./img/scrp/account.ending.invalid_ss_on.tikz)
(./img/scrp/account.ending.success.tikz) [69]
(./img/scrp/account.endtotal.request.tikz)
(./img/scrp/account.endtotal.displays.tikz)
(./img/scrp/account.endtotal.invalid_ss_on.tikz)
(./img/scrp/account.endtotal.success.tikz) [70]
(./img/scrp/account.open.request.tikz)
(./img/scrp/account.open.request_exist.tikz)
(./img/scrp/account.open.request_nexist.tikz)
(./img/scrp/account.open.invalid_ss_on.tikz)
(./img/scrp/account.open.no_such_account.tikz)
(./img/scrp/account.open.success.tikz) [71]
(./img/scrp/account.stamp_registration.request.tikz)
(./img/scrp/account.stamp_registration.displays.tikz)
(./img/scrp/account.stamp_registration.invalid_ss_on.tikz)
(./img/scrp/account.stamp_registration.no_such_article.tikz)
(./img/scrp/account.stamp_registration.success.tikz) [72]
(./img/scrp/account.trans.request_tm_bank.tikz)
(./img/scrp/account.trans.request_tm_cash.tikz)
(./img/scrp/account.trans.request_tm_store.tikz)
(./img/scrp/account.trans.invalid_no_closed.tikz)
(./img/scrp/account.trans.success_tm_bank_cash.tikz)
(./img/scrp/account.trans.success_tm_store.tikz)
(./img/scrp/artid.request_exist.tikz) (./img/scrp/artid.request_nexist.tikz)
(./img/scrp/artid.no_such_article.tikz) (./img/scrp/artid.success_213.tikz)
(./img/scrp/general_responses.not_signed_on.tikz)
(./img/scrp/general_responses.syntax_error.tikz)
(./img/scrp/general_responses.timeout.tikz)
(./img/scrp/get_variable.request_cs_sign.tikz)
(./img/scrp/get_variable.request_cs_event.tikz)
(./img/scrp/get_variable.request_unknown.tikz)
(./img/scrp/get_variable.success_cs_sign.tikz)
(./img/scrp/get_variable.success_cs_event.tikz)
(./img/scrp/get_variable.no_such_variable.tikz)
(./img/scrp/initialize.ready.tikz) (./img/scrp/start-scrp.tikz)
(./img/scrp/print.request_exist.tikz) (./img/scrp/print.request_nexist.tikz)
(./img/scrp/print.inactive.tikz) (./img/scrp/print.invalid.tikz)
(./img/scrp/print.no_such_account.tikz) (./img/scrp/print.success.tikz)
(./img/scrp/receipt.request.tikz) (./img/scrp/receipt.html_text.tikz)
(./img/scrp/receipt.invalid.tikz) (./img/scrp/receipt.printing_inactive.tikz)
(./img/scrp/receipt.success.tikz)
(./img/scrp/receipt.hardcopy.request_exist.tikz)
(./img/scrp/receipt.hardcopy.request_nexist.tikz)
(./img/scrp/receipt.hardcopy.inactive.tikz)
(./img/scrp/receipt.hardcopy.no_such_account.tikz)
(./img/scrp/receipt.hardcopy.success.tikz) (./img/scrp/resetcr.request.tikz)
(./img/scrp/resetcr.invalid.tikz) (./img/scrp/resetcr.success.tikz)
(./img/scrp/signoff.request.tikz) (./img/scrp/signoff.invalid.tikz)
(./img/scrp/signoff.success.tikz) (./img/scrp/signon.request_exist.tikz)
(./img/scrp/signon.request_nexist.tikz)
(./img/scrp/signon.signing_auth_failed.tikz)
(./img/scrp/signon.signing_rejected.tikz) (./img/scrp/signon.success.tikz))
[73] [74] [75] [76] [77] [78]
Appendix E.
(./iosts_scrp.tex
Overfull \hbox (2768.47153pt too wide) in paragraph at lines 1--25
[] 
 []

[79

] [80] [81] [82] [83] [84] [85] [86] [87] [88] [89] [90] [91] [92] [93]
[94]
Overfull \hbox (14.91733pt too wide) in paragraph at lines 685--727
[][] 
 []

[95]
Overfull \vbox (11.78784pt too high) has occurred while \output is active []


[96]))
Overfull \hbox (33.52808pt too wide) in paragraph at lines 728--107
[][]
 []


Underfull \hbox (badness 10000) in paragraph at lines 728--107

 []

[97] (./report2.aux) ) 
Here is how much of TeX's memory you used:
 21692 strings out of 495061
 386793 string characters out of 1182622
 1042890 words of memory out of 3000000
 23309 multiletter control sequences out of 15000+50000
 30003 words of font info for 75 fonts, out of 3000000 for 9000
 28 hyphenation exceptions out of 8191
 63i,24n,79p,1526b,1572s stack positions out of 5000i,500n,10000p,200000b,50000s
 </home/dbruijn/.texmf-var/fonts/pk/ljfour/jknappen/ec/ec
ss0700.600pk> </home/dbruijn/.texmf-var/fonts/pk/ljfour/jknappen/ec/ecsi0800.60
0pk> </home/dbruijn/.texmf-var/fonts/pk/ljfour/jknappen/ec/ecss0800.600pk> </ho
me/dbruijn/.texmf-var/fonts/pk/ljfour/jknappen/ec/ecsx0800.600pk> </home/dbruij
n/.texmf-var/fonts/pk/ljfour/jknappen/ec/ecrm0800.600pk> </home/dbruijn/.texmf-
var/fonts/pk/ljfour/jknappen/ec/ecrm0600.600pk> </home/dbruijn/.texmf-var/fonts
/pk/ljfour/jknappen/ec/ecrm0700.600pk> </home/dbruijn/.texmf-var/fonts/pk/ljfou
r/jknappen/ec/ecbx1440.600pk> </home/dbruijn/.texmf-var/fonts/pk/ljfour/jknappe
n/ec/ecbx2074.600pk> </home/dbruijn/.texmf-var/fonts/pk/ljfour/jknappen/ec/ecbx
2488.600pk> </home/dbruijn/.texmf-var/fonts/pk/ljfour/jknappen/ec/ecrm1000.600p
k> </home/dbruijn/.texmf-var/fonts/pk/ljfour/jknappen/ec/ecti1000.600pk> </home
/dbruijn/.texmf-var/fonts/pk/ljfour/jknappen/ec/ecbx1000.600pk> </home/dbruijn/
.texmf-var/fonts/pk/ljfour/jknappen/ec/ectt1200.600pk> </home/dbruijn/.texmf-va
r/fonts/pk/ljfour/jknappen/ec/ecrm1200.600pk> </home/dbruijn/.texmf-var/fonts/p
k/ljfour/jknappen/ec/ecti1200.600pk> </home/dbruijn/.texmf-var/fonts/pk/ljfour/
jknappen/ec/ecbx1200.600pk> </home/dbruijn/.texmf-var/fonts/pk/ljfour/jknappen/
ec/ecbx1728.600pk></usr/share/texmf-texlive/fonts/type1/public/amsfonts/cm/cmex
10.pfb></usr/share/texmf-texlive/fonts/type1/public/amsfonts/cm/cmmi10.pfb></us
r/share/texmf-texlive/fonts/type1/public/amsfonts/cm/cmmi5.pfb></usr/share/texm
f-texlive/fonts/type1/public/amsfonts/cm/cmmi6.pfb></usr/share/texmf-texlive/fo
nts/type1/public/amsfonts/cm/cmmi7.pfb></usr/share/texmf-texlive/fonts/type1/pu
blic/amsfonts/cm/cmmi8.pfb></usr/share/texmf-texlive/fonts/type1/public/amsfont
s/cm/cmr10.pfb></usr/share/texmf-texlive/fonts/type1/public/amsfonts/cm/cmr5.pf
b></usr/share/texmf-texlive/fonts/type1/public/amsfonts/cm/cmr6.pfb></usr/share
/texmf-texlive/fonts/type1/public/amsfonts/cm/cmr7.pfb></usr/share/texmf-texliv
e/fonts/type1/public/amsfonts/cm/cmr8.pfb></usr/share/texmf-texlive/fonts/type1
/public/amsfonts/cm/cmsy10.pfb></usr/share/texmf-texlive/fonts/type1/public/ams
fonts/cm/cmsy5.pfb></usr/share/texmf-texlive/fonts/type1/public/amsfonts/cm/cms
y7.pfb></usr/share/texmf-texlive/fonts/type1/public/amsfonts/cm/cmsy8.pfb></usr
/share/texmf-texlive/fonts/type1/public/amsfonts/cm/cmti10.pfb></usr/share/texm
f-texlive/fonts/type1/public/amsfonts/cm/cmti7.pfb></usr/share/texmf-texlive/fo
nts/type1/public/amsfonts/cm/cmti8.pfb></usr/share/texmf-texlive/fonts/type1/pu
blic/amsfonts/latxfont/lcircle1.pfb></usr/share/texmf-texlive/fonts/type1/publi
c/amsfonts/symbols/msam10.pfb></usr/share/texmf-texlive/fonts/type1/public/amsf
onts/symbols/msam7.pfb></usr/share/texmf-texlive/fonts/type1/public/amsfonts/sy
mbols/msbm10.pfb></usr/share/texmf-texlive/fonts/type1/public/xypic/xyatip10.pf
b></usr/share/texmf-texlive/fonts/type1/public/xypic/xybtip10.pfb></usr/share/t
exmf-texlive/fonts/type1/public/xypic/xydash10.pfb>
Output written on report2.pdf (99 pages, 1269598 bytes).
PDF statistics:
 2417 PDF objects out of 2487 (max. 8388607)
 546 named destinations out of 1000 (max. 500000)
 575 words of extra memory for PDF output out of 10000 (max. 10000000)

