This is pdfTeX, Version 3.1415926-1.40.10 (TeX Live 2009/Debian) (format=pdflatex 2012.9.9)  1 JAN 2013 15:00
entering extended mode
 %&-line parsing enabled.
**report
(./report.tex
LaTeX2e <2009/09/24>
Babel <v3.8l> and hyphenation patterns for english, usenglishmax, dumylang, noh
yphenation, loaded.
(/usr/share/texmf-texlive/tex/latex/base/report.cls
Document Class: report 2007/10/19 v1.4h Standard LaTeX document class
(/usr/share/texmf-texlive/tex/latex/base/size10.clo
File: size10.clo 2007/10/19 v1.4h Standard LaTeX file (size option)
)
\c@part=\count79
\c@chapter=\count80
\c@section=\count81
\c@subsection=\count82
\c@subsubsection=\count83
\c@paragraph=\count84
\c@subparagraph=\count85
\c@figure=\count86
\c@table=\count87
\abovecaptionskip=\skip41
\belowcaptionskip=\skip42
\bibindent=\dimen102
)
(/usr/share/texmf-texlive/tex/latex/hyperref/hyperref.sty
Package: hyperref 2009/10/09 v6.79a Hypertext links for LaTeX

(/usr/share/texmf-texlive/tex/latex/graphics/keyval.sty
Package: keyval 1999/03/16 v1.13 key=value parser (DPC)
\KV@toks@=\toks14
)
(/usr/share/texmf-texlive/tex/generic/oberdiek/ifpdf.sty
Package: ifpdf 2009/04/10 v2.0 Provides the ifpdf switch (HO)
Package ifpdf Info: pdfTeX in pdf mode detected.
)
(/usr/share/texmf-texlive/tex/generic/oberdiek/ifvtex.sty
Package: ifvtex 2008/11/04 v1.4 Switches for detecting VTeX and its modes (HO)
Package ifvtex Info: VTeX not detected.
)
(/usr/share/texmf-texlive/tex/generic/ifxetex/ifxetex.sty
Package: ifxetex 2009/01/23 v0.5 Provides ifxetex conditional
)
(/usr/share/texmf-texlive/tex/latex/oberdiek/hycolor.sty
Package: hycolor 2009/10/02 v1.5 Code for color options of hyperref/bookmark (H
O)

(/usr/share/texmf-texlive/tex/latex/oberdiek/xcolor-patch.sty
Package: xcolor-patch 2009/10/02 xcolor patch
))
\@linkdim=\dimen103
\Hy@linkcounter=\count88
\Hy@pagecounter=\count89

(/usr/share/texmf-texlive/tex/latex/hyperref/pd1enc.def
File: pd1enc.def 2009/10/09 v6.79a Hyperref: PDFDocEncoding definition (HO)
)
(/usr/share/texmf-texlive/tex/generic/oberdiek/etexcmds.sty
Package: etexcmds 2007/12/12 v1.2 Prefix for e-TeX command names (HO)

(/usr/share/texmf-texlive/tex/generic/oberdiek/infwarerr.sty
Package: infwarerr 2007/09/09 v1.2 Providing info/warning/message (HO)
)
Package etexcmds Info: Could not find \expanded.
(etexcmds)             That can mean that you are not using pdfTeX 1.50 or
(etexcmds)             that some package has redefined \expanded.
(etexcmds)             In the latter case, load this package earlier.
)
(/usr/share/texmf-texlive/tex/latex/latexconfig/hyperref.cfg
File: hyperref.cfg 2002/06/06 v1.2 hyperref configuration of TeXLive
)
(/usr/share/texmf-texlive/tex/latex/oberdiek/kvoptions.sty
Package: kvoptions 2009/08/13 v3.4 Keyval support for LaTeX options (HO)

(/usr/share/texmf-texlive/tex/generic/oberdiek/kvsetkeys.sty
Package: kvsetkeys 2009/07/30 v1.5 Key value parser with default handler suppor
t (HO)
))
Package hyperref Info: Hyper figures OFF on input line 2975.
Package hyperref Info: Link nesting OFF on input line 2980.
Package hyperref Info: Hyper index ON on input line 2983.
Package hyperref Info: Plain pages OFF on input line 2990.
Package hyperref Info: Backreferencing OFF on input line 2995.

Implicit mode ON; LaTeX internals redefined
Package hyperref Info: Bookmarks ON on input line 3191.
(/usr/share/texmf-texlive/tex/latex/ltxmisc/url.sty
\Urlmuskip=\muskip10
Package: url 2006/04/12  ver 3.3  Verb mode for urls, etc.
)
LaTeX Info: Redefining \url on input line 3428.

(/usr/share/texmf-texlive/tex/generic/oberdiek/bitset.sty
Package: bitset 2007/09/28 v1.0 Data type bit set (HO)

(/usr/share/texmf-texlive/tex/generic/oberdiek/intcalc.sty
Package: intcalc 2007/09/27 v1.1 Expandable integer calculations (HO)
)
(/usr/share/texmf-texlive/tex/generic/oberdiek/bigintcalc.sty
Package: bigintcalc 2007/11/11 v1.1 Expandable big integer calculations (HO)

(/usr/share/texmf-texlive/tex/generic/oberdiek/pdftexcmds.sty
Package: pdftexcmds 2009/09/23 v0.6 LuaTeX support for pdfTeX utility functions
 (HO)

(/usr/share/texmf-texlive/tex/generic/oberdiek/ifluatex.sty
Package: ifluatex 2009/04/17 v1.2 Provides the ifluatex switch (HO)
Package ifluatex Info: LuaTeX not detected.
)
(/usr/share/texmf-texlive/tex/generic/oberdiek/ltxcmds.sty
Package: ltxcmds 2009/08/05 v1.0 Some LaTeX kernel commands for general use (HO
)
)
Package pdftexcmds Info: LuaTeX not detected.
Package pdftexcmds Info: \pdf@primitive is available.
Package pdftexcmds Info: \pdf@ifprimitive is available.
)))
\Fld@menulength=\count90
\Field@Width=\dimen104
\Fld@charsize=\dimen105
\Field@toks=\toks15
Package hyperref Info: Hyper figures OFF on input line 4377.
Package hyperref Info: Link nesting OFF on input line 4382.
Package hyperref Info: Hyper index ON on input line 4385.
Package hyperref Info: backreferencing OFF on input line 4392.
Package hyperref Info: Link coloring OFF on input line 4397.
Package hyperref Info: Link coloring with OCG OFF on input line 4402.
Package hyperref Info: PDF/A mode OFF on input line 4407.

(/usr/share/texmf-texlive/tex/generic/oberdiek/atbegshi.sty
Package: atbegshi 2008/07/31 v1.9 At begin shipout hook (HO)
)
\Hy@abspage=\count91
\c@Item=\count92
\c@Hfootnote=\count93
)
*hyperref using default driver hpdftex*
(/usr/share/texmf-texlive/tex/latex/hyperref/hpdftex.def
File: hpdftex.def 2009/10/09 v6.79a Hyperref driver for pdfTeX
\Fld@listcount=\count94
)
(/usr/share/texmf-texlive/tex/latex/ltxmisc/parskip.sty
Package: parskip 2001/04/09 non-zero parskip adjustments
)
(/usr/share/texmf-texlive/tex/latex/graphics/graphicx.sty
Package: graphicx 1999/02/16 v1.0f Enhanced LaTeX Graphics (DPC,SPQR)

(/usr/share/texmf-texlive/tex/latex/graphics/graphics.sty
Package: graphics 2009/02/05 v1.0o Standard LaTeX Graphics (DPC,SPQR)

(/usr/share/texmf-texlive/tex/latex/graphics/trig.sty
Package: trig 1999/03/16 v1.09 sin cos tan (DPC)
)
(/etc/texmf/tex/latex/config/graphics.cfg
File: graphics.cfg 2009/08/28 v1.8 graphics configuration of TeX Live
)
Package graphics Info: Driver file: pdftex.def on input line 91.

(/usr/share/texmf-texlive/tex/latex/pdftex-def/pdftex.def
File: pdftex.def 2010/03/12 v0.04p Graphics/color for pdfTeX
\Gread@gobject=\count95
))
\Gin@req@height=\dimen106
\Gin@req@width=\dimen107
)
(/usr/share/texmf-texlive/tex/latex/ltxmisc/a4wide.sty
Package: a4wide 1994/08/30

(/usr/share/texmf-texlive/tex/latex/ntgclass/a4.sty
Package: a4 2004/04/15 v1.2g A4 based page layout
))
(/usr/share/texmf-texlive/tex/latex/wrapfig/wrapfig.sty
\wrapoverhang=\dimen108
\WF@size=\dimen109
\c@WF@wrappedlines=\count96
\WF@box=\box26
\WF@everypar=\toks16
Package: wrapfig 2003/01/31  v 3.6
)
(/usr/share/texmf-texlive/tex/latex/subfig/subfig.sty
Package: subfig 2005/06/28 ver: 1.3 subfig package

(/usr/share/texmf-texlive/tex/latex/caption/caption.sty
Package: caption 2009/10/09 v3.1k Customizing captions (AR)

(/usr/share/texmf-texlive/tex/latex/caption/caption3.sty
Package: caption3 2009/10/09 v3.1k caption3 kernel (AR)
\captionmargin=\dimen110
\captionmargin@=\dimen111
\captionwidth=\dimen112
\caption@indent=\dimen113
\caption@parindent=\dimen114
\caption@hangindent=\dimen115
)
\c@ContinuedFloat=\count97
Package caption Info: hyperref package is loaded.
Package caption Info: wrapfig package is loaded.
)
\c@KVtest=\count98
\sf@farskip=\skip43
\sf@captopadj=\dimen116
\sf@capskip=\skip44
\sf@nearskip=\skip45
\c@subfigure=\count99
\c@subfigure@save=\count100
\c@lofdepth=\count101
\c@subtable=\count102
\c@subtable@save=\count103
\c@lotdepth=\count104
\sf@top=\skip46
\sf@bottom=\skip47
)
(/home/dbruijn/texmf/tex/latex/groove2tikz/groove2tikz.sty
Package: groove2tikz 

(/usr/share/texmf/tex/latex/pgf/frontendlayer/tikz.sty
(/usr/share/texmf/tex/latex/pgf/basiclayer/pgf.sty
(/usr/share/texmf/tex/latex/pgf/utilities/pgfrcs.sty
(/usr/share/texmf/tex/generic/pgf/utilities/pgfutil-common.tex
\pgfutil@everybye=\toks17
)
(/usr/share/texmf/tex/generic/pgf/utilities/pgfutil-latex.def
\pgfutil@abb=\box27

(/usr/share/texmf-texlive/tex/latex/ms/everyshi.sty
Package: everyshi 2001/05/15 v3.00 EveryShipout Package (MS)
))
(/usr/share/texmf/tex/generic/pgf/utilities/pgfrcs.code.tex
Package: pgfrcs 2010/10/25 v2.10 (rcs-revision 1.24)
))
Package: pgf 2008/01/15 v2.10 (rcs-revision 1.12)

(/usr/share/texmf/tex/latex/pgf/basiclayer/pgfcore.sty
(/usr/share/texmf/tex/latex/pgf/systemlayer/pgfsys.sty
(/usr/share/texmf/tex/generic/pgf/systemlayer/pgfsys.code.tex
Package: pgfsys 2010/06/30 v2.10 (rcs-revision 1.37)

(/usr/share/texmf/tex/generic/pgf/utilities/pgfkeys.code.tex
\pgfkeys@pathtoks=\toks18
\pgfkeys@temptoks=\toks19

(/usr/share/texmf/tex/generic/pgf/utilities/pgfkeysfiltered.code.tex
\pgfkeys@tmptoks=\toks20
))
\pgf@x=\dimen117
\pgf@y=\dimen118
\pgf@xa=\dimen119
\pgf@ya=\dimen120
\pgf@xb=\dimen121
\pgf@yb=\dimen122
\pgf@xc=\dimen123
\pgf@yc=\dimen124
\w@pgf@writea=\write3
\r@pgf@reada=\read1
\c@pgf@counta=\count105
\c@pgf@countb=\count106
\c@pgf@countc=\count107
\c@pgf@countd=\count108

(/usr/share/texmf/tex/generic/pgf/systemlayer/pgf.cfg
File: pgf.cfg 2008/05/14  (rcs-revision 1.7)
)
Package pgfsys Info: Driver file for pgf: pgfsys-pdftex.def on input line 900.

(/usr/share/texmf/tex/generic/pgf/systemlayer/pgfsys-pdftex.def
File: pgfsys-pdftex.def 2009/05/22  (rcs-revision 1.26)

(/usr/share/texmf/tex/generic/pgf/systemlayer/pgfsys-common-pdf.def
File: pgfsys-common-pdf.def 2008/05/19  (rcs-revision 1.10)
)))
(/usr/share/texmf/tex/generic/pgf/systemlayer/pgfsyssoftpath.code.tex
File: pgfsyssoftpath.code.tex 2008/07/18  (rcs-revision 1.7)
\pgfsyssoftpath@smallbuffer@items=\count109
\pgfsyssoftpath@bigbuffer@items=\count110
)
(/usr/share/texmf/tex/generic/pgf/systemlayer/pgfsysprotocol.code.tex
File: pgfsysprotocol.code.tex 2006/10/16  (rcs-revision 1.4)
))
(/usr/share/texmf/tex/latex/xcolor/xcolor.sty
Package: xcolor 2007/01/21 v2.11 LaTeX color extensions (UK)

(/etc/texmf/tex/latex/config/color.cfg
File: color.cfg 2007/01/18 v1.5 color configuration of teTeX/TeXLive
)
Package xcolor Info: Driver file: pdftex.def on input line 225.
Package xcolor Info: Model `cmy' substituted by `cmy0' on input line 1337.
Package xcolor Info: Model `hsb' substituted by `rgb' on input line 1341.
Package xcolor Info: Model `RGB' extended on input line 1353.
Package xcolor Info: Model `HTML' substituted by `rgb' on input line 1355.
Package xcolor Info: Model `Hsb' substituted by `hsb' on input line 1356.
Package xcolor Info: Model `tHsb' substituted by `hsb' on input line 1357.
Package xcolor Info: Model `HSB' substituted by `hsb' on input line 1358.
Package xcolor Info: Model `Gray' substituted by `gray' on input line 1359.
Package xcolor Info: Model `wave' substituted by `hsb' on input line 1360.
)
(/usr/share/texmf/tex/generic/pgf/basiclayer/pgfcore.code.tex
Package: pgfcore 2010/04/11 v2.10 (rcs-revision 1.7)

(/usr/share/texmf/tex/generic/pgf/math/pgfmath.code.tex
(/usr/share/texmf/tex/generic/pgf/math/pgfmathcalc.code.tex
(/usr/share/texmf/tex/generic/pgf/math/pgfmathutil.code.tex)
(/usr/share/texmf/tex/generic/pgf/math/pgfmathparser.code.tex
\pgfmath@dimen=\dimen125
\pgfmath@count=\count111
\pgfmath@box=\box28
\pgfmath@toks=\toks21
\pgfmath@stack@operand=\toks22
\pgfmath@stack@operation=\toks23
)
(/usr/share/texmf/tex/generic/pgf/math/pgfmathfunctions.code.tex
(/usr/share/texmf/tex/generic/pgf/math/pgfmathfunctions.basic.code.tex)
(/usr/share/texmf/tex/generic/pgf/math/pgfmathfunctions.trigonometric.code.tex)
(/usr/share/texmf/tex/generic/pgf/math/pgfmathfunctions.random.code.tex)
(/usr/share/texmf/tex/generic/pgf/math/pgfmathfunctions.comparison.code.tex)
(/usr/share/texmf/tex/generic/pgf/math/pgfmathfunctions.base.code.tex)
(/usr/share/texmf/tex/generic/pgf/math/pgfmathfunctions.round.code.tex)
(/usr/share/texmf/tex/generic/pgf/math/pgfmathfunctions.misc.code.tex)))
(/usr/share/texmf/tex/generic/pgf/math/pgfmathfloat.code.tex
\c@pgfmathroundto@lastzeros=\count112
))
(/usr/share/texmf/tex/generic/pgf/basiclayer/pgfcorepoints.code.tex
File: pgfcorepoints.code.tex 2010/04/09  (rcs-revision 1.20)
\pgf@picminx=\dimen126
\pgf@picmaxx=\dimen127
\pgf@picminy=\dimen128
\pgf@picmaxy=\dimen129
\pgf@pathminx=\dimen130
\pgf@pathmaxx=\dimen131
\pgf@pathminy=\dimen132
\pgf@pathmaxy=\dimen133
\pgf@xx=\dimen134
\pgf@xy=\dimen135
\pgf@yx=\dimen136
\pgf@yy=\dimen137
\pgf@zx=\dimen138
\pgf@zy=\dimen139
)
(/usr/share/texmf/tex/generic/pgf/basiclayer/pgfcorepathconstruct.code.tex
File: pgfcorepathconstruct.code.tex 2010/08/03  (rcs-revision 1.24)
\pgf@path@lastx=\dimen140
\pgf@path@lasty=\dimen141
)
(/usr/share/texmf/tex/generic/pgf/basiclayer/pgfcorepathusage.code.tex
File: pgfcorepathusage.code.tex 2008/04/22  (rcs-revision 1.12)
\pgf@shorten@end@additional=\dimen142
\pgf@shorten@start@additional=\dimen143
)
(/usr/share/texmf/tex/generic/pgf/basiclayer/pgfcorescopes.code.tex
File: pgfcorescopes.code.tex 2010/09/08  (rcs-revision 1.34)
\pgfpic=\box29
\pgf@hbox=\box30
\pgf@layerbox@main=\box31
\pgf@picture@serial@count=\count113
)
(/usr/share/texmf/tex/generic/pgf/basiclayer/pgfcoregraphicstate.code.tex
File: pgfcoregraphicstate.code.tex 2008/04/22  (rcs-revision 1.9)
\pgflinewidth=\dimen144
)
(/usr/share/texmf/tex/generic/pgf/basiclayer/pgfcoretransformations.code.tex
File: pgfcoretransformations.code.tex 2009/06/10  (rcs-revision 1.11)
\pgf@pt@x=\dimen145
\pgf@pt@y=\dimen146
\pgf@pt@temp=\dimen147
)
(/usr/share/texmf/tex/generic/pgf/basiclayer/pgfcorequick.code.tex
File: pgfcorequick.code.tex 2008/10/09  (rcs-revision 1.3)
)
(/usr/share/texmf/tex/generic/pgf/basiclayer/pgfcoreobjects.code.tex
File: pgfcoreobjects.code.tex 2006/10/11  (rcs-revision 1.2)
)
(/usr/share/texmf/tex/generic/pgf/basiclayer/pgfcorepathprocessing.code.tex
File: pgfcorepathprocessing.code.tex 2008/10/09  (rcs-revision 1.8)
)
(/usr/share/texmf/tex/generic/pgf/basiclayer/pgfcorearrows.code.tex
File: pgfcorearrows.code.tex 2008/04/23  (rcs-revision 1.11)
)
(/usr/share/texmf/tex/generic/pgf/basiclayer/pgfcoreshade.code.tex
File: pgfcoreshade.code.tex 2008/11/23  (rcs-revision 1.13)
\pgf@max=\dimen148
\pgf@sys@shading@range@num=\count114
)
(/usr/share/texmf/tex/generic/pgf/basiclayer/pgfcoreimage.code.tex
File: pgfcoreimage.code.tex 2010/03/25  (rcs-revision 1.16)

(/usr/share/texmf/tex/generic/pgf/basiclayer/pgfcoreexternal.code.tex
File: pgfcoreexternal.code.tex 2010/09/01  (rcs-revision 1.17)
\pgfexternal@startupbox=\box32
))
(/usr/share/texmf/tex/generic/pgf/basiclayer/pgfcorelayers.code.tex
File: pgfcorelayers.code.tex 2010/08/27  (rcs-revision 1.2)
)
(/usr/share/texmf/tex/generic/pgf/basiclayer/pgfcoretransparency.code.tex
File: pgfcoretransparency.code.tex 2008/01/17  (rcs-revision 1.2)
)
(/usr/share/texmf/tex/generic/pgf/basiclayer/pgfcorepatterns.code.tex
File: pgfcorepatterns.code.tex 2009/07/02  (rcs-revision 1.3)
)))
(/usr/share/texmf/tex/generic/pgf/modules/pgfmoduleshapes.code.tex
File: pgfmoduleshapes.code.tex 2010/09/09  (rcs-revision 1.13)
\pgfnodeparttextbox=\box33
)
(/usr/share/texmf/tex/generic/pgf/modules/pgfmoduleplot.code.tex
File: pgfmoduleplot.code.tex 2010/10/22  (rcs-revision 1.8)
)
(/usr/share/texmf/tex/latex/pgf/compatibility/pgfcomp-version-0-65.sty
Package: pgfcomp-version-0-65 2007/07/03 v2.10 (rcs-revision 1.7)
\pgf@nodesepstart=\dimen149
\pgf@nodesepend=\dimen150
)
(/usr/share/texmf/tex/latex/pgf/compatibility/pgfcomp-version-1-18.sty
Package: pgfcomp-version-1-18 2007/07/23 v2.10 (rcs-revision 1.1)
))
(/usr/share/texmf/tex/latex/pgf/utilities/pgffor.sty
(/usr/share/texmf/tex/latex/pgf/utilities/pgfkeys.sty
(/usr/share/texmf/tex/generic/pgf/utilities/pgfkeys.code.tex))
(/usr/share/texmf/tex/generic/pgf/utilities/pgffor.code.tex
Package: pgffor 2010/03/23 v2.10 (rcs-revision 1.18)
\pgffor@iter=\dimen151
\pgffor@skip=\dimen152
\pgffor@stack=\toks24
\pgffor@toks=\toks25
))
(/usr/share/texmf/tex/generic/pgf/frontendlayer/tikz/tikz.code.tex
Package: tikz 2010/10/13 v2.10 (rcs-revision 1.76)

(/usr/share/texmf/tex/generic/pgf/libraries/pgflibraryplothandlers.code.tex
File: pgflibraryplothandlers.code.tex 2010/05/31 v2.10 (rcs-revision 1.15)
\pgf@plot@mark@count=\count115
\pgfplotmarksize=\dimen153
)
\tikz@lastx=\dimen154
\tikz@lasty=\dimen155
\tikz@lastxsaved=\dimen156
\tikz@lastysaved=\dimen157
\tikzleveldistance=\dimen158
\tikzsiblingdistance=\dimen159
\tikz@figbox=\box34
\tikz@tempbox=\box35
\tikztreelevel=\count116
\tikznumberofchildren=\count117
\tikznumberofcurrentchild=\count118
\tikz@fig@count=\count119

(/usr/share/texmf/tex/generic/pgf/modules/pgfmodulematrix.code.tex
File: pgfmodulematrix.code.tex 2010/08/24  (rcs-revision 1.4)
\pgfmatrixcurrentrow=\count120
\pgfmatrixcurrentcolumn=\count121
\pgf@matrix@numberofcolumns=\count122
)
\tikz@expandcount=\count123

(/usr/share/texmf/tex/generic/pgf/frontendlayer/tikz/libraries/tikzlibrarytopat
hs.code.tex
File: tikzlibrarytopaths.code.tex 2008/06/17 v2.10 (rcs-revision 1.2)
))) (/usr/share/texmf-texlive/tex/latex/base/fontenc.sty
Package: fontenc 2005/09/27 v1.99g Standard LaTeX package

(/usr/share/texmf-texlive/tex/latex/base/t1enc.def
File: t1enc.def 2005/09/27 v1.99g Standard LaTeX file
LaTeX Font Info:    Redeclaring font encoding T1 on input line 43.
))
(/usr/share/texmf/tex/generic/pgf/frontendlayer/tikz/libraries/tikzlibraryarrow
s.code.tex
File: tikzlibraryarrows.code.tex 2008/01/09 v2.10 (rcs-revision 1.1)

(/usr/share/texmf/tex/generic/pgf/libraries/pgflibraryarrows.code.tex
File: pgflibraryarrows.code.tex 2008/10/27 v2.10 (rcs-revision 1.9)
\arrowsize=\dimen160
))
(/usr/share/texmf/tex/generic/pgf/frontendlayer/tikz/libraries/tikzlibraryautom
ata.code.tex
File: tikzlibraryautomata.code.tex 2008/07/14 v2.10 (rcs-revision 1.3)

(/usr/share/texmf/tex/generic/pgf/frontendlayer/tikz/libraries/tikzlibraryshape
s.multipart.code.tex
File: tikzlibraryshapes.multipart.code.tex 2008/01/09 v2.10 (rcs-revision 1.1)

(/usr/share/texmf/tex/generic/pgf/libraries/shapes/pgflibraryshapes.multipart.c
ode.tex
File: pgflibraryshapes.multipart.code.tex 2010/01/07 v2.10 (rcs-revision 1.2)
\pgfnodepartlowerbox=\box36
\pgfnodeparttwobox=\box37
\pgfnodepartthreebox=\box38
\pgfnodepartfourbox=\box39
\pgfnodeparttwentybox=\box40
\pgfnodepartnineteenbox=\box41
\pgfnodeparteighteenbox=\box42
\pgfnodepartseventeenbox=\box43
\pgfnodepartsixteenbox=\box44
\pgfnodepartfifteenbox=\box45
\pgfnodepartfourteenbox=\box46
\pgfnodepartthirteenbox=\box47
\pgfnodeparttwelvebox=\box48
\pgfnodepartelevenbox=\box49
\pgfnodeparttenbox=\box50
\pgfnodepartninebox=\box51
\pgfnodeparteightbox=\box52
\pgfnodepartsevenbox=\box53
\pgfnodepartsixbox=\box54
\pgfnodepartfivebox=\box55
)))
(/usr/share/texmf/tex/generic/pgf/frontendlayer/tikz/libraries/tikzlibraryposit
ioning.code.tex
File: tikzlibrarypositioning.code.tex 2008/10/06 v2.10 (rcs-revision 1.7)
)
(/usr/share/texmf/tex/generic/pgf/frontendlayer/tikz/libraries/tikzlibraryer.co
de.tex
File: tikzlibraryer.code.tex 2008/02/20 v2.10 (rcs-revision 1.2)

(/usr/share/texmf/tex/generic/pgf/frontendlayer/tikz/libraries/tikzlibraryshape
s.geometric.code.tex
File: tikzlibraryshapes.geometric.code.tex 2008/01/09 v2.10 (rcs-revision 1.1)

(/usr/share/texmf/tex/generic/pgf/libraries/shapes/pgflibraryshapes.geometric.c
ode.tex
File: pgflibraryshapes.geometric.code.tex 2008/06/26 v2.10 (rcs-revision 1.1)
)))) (/usr/share/texmf-texlive/tex/generic/xypic/xy.sty
(/usr/share/texmf-texlive/tex/generic/xypic/xy.tex Bootstrap'ing: catcodes,
docmode, (/usr/share/texmf-texlive/tex/generic/xypic/xyrecat.tex)
(/usr/share/texmf-texlive/tex/generic/xypic/xyidioms.tex)

 Xy-pic version 3.7 <1999/02/16>
 Copyright (c) 1991-1998 by Kristoffer H. Rose <krisrose@ens-lyon.fr>
 Xy-pic is free software: see the User's Guide for details.

Loading kernel: messages; fonts; allocations: state,
\X@c=\dimen161
\Y@c=\dimen162
\U@c=\dimen163
\D@c=\dimen164
\L@c=\dimen165
\R@c=\dimen166
\Edge@c=\toks26
\X@p=\dimen167
\Y@p=\dimen168
\U@p=\dimen169
\D@p=\dimen170
\L@p=\dimen171
\R@p=\dimen172
\Edge@p=\toks27
\X@origin=\dimen173
\Y@origin=\dimen174
\X@xbase=\dimen175
\Y@xbase=\dimen176
\X@ybase=\dimen177
\Y@ybase=\dimen178
\X@min=\dimen179
\Y@min=\dimen180
\X@max=\dimen181
\Y@max=\dimen182
\lastobjectbox@=\box56
\zerodotbox@=\box57
\almostz@=\dimen183
 direction,
\d@X=\dimen184
\d@Y=\dimen185
\K@=\count124
\KK@=\count125
\Direction=\count126
\K@dXdY=\dimen186
\K@dYdX=\dimen187
\xyread@=\read2
\xywrite@=\write4
\csp@=\count127
\quotPTK@=\dimen188

utility macros; pictures: \xy, positions,
\swaptoks@@=\toks28
\connectobjectbox@@=\box58
 objects,
\styletoks@=\toks29
 decorations;
kernel objects: directionals, circles, text; options; algorithms: directions,
edges, connections;  Xy-pic loaded)
Package: xy 1999/02/16 Xy-pic version 3.7

(/usr/share/texmf-texlive/tex/generic/xypic/xyall.tex
 Xy-pic option: All features v.3.3
(/usr/share/texmf-texlive/tex/generic/xypic/xycurve.tex
 Xy-pic option: Curve and Spline extension v.3.7 curve,
\crv@cnt@=\count128
\crvpts@=\toks30
\splinebox@=\box59
\splineval@=\dimen189
\splinedepth@=\dimen190
\splinetol@=\dimen191
\splinelength@=\dimen192
 circles,
\L@=\dimen193
 loaded)
(/usr/share/texmf-texlive/tex/generic/xypic/xyframe.tex
 Xy-pic option: Frame and Bracket extension v.3.7 loaded)
(/usr/share/texmf-texlive/tex/generic/xypic/xycmtip.tex
 Xy-pic option: Computer Modern tip extension v.3.3
(/usr/share/texmf-texlive/tex/generic/xypic/xytips.tex
 Xy-pic option: More Tips extension v.3.3 loaded) loaded)
(/usr/share/texmf-texlive/tex/generic/xypic/xyline.tex
 Xy-pic option: Line styles extension v.3.6
\xylinethick@=\dimen194
 loaded)
(/usr/share/texmf-texlive/tex/generic/xypic/xyrotate.tex
 Xy-pic option: Rotate and Scale extension v.3.3 loaded)
(/usr/share/texmf-texlive/tex/generic/xypic/xycolor.tex
 Xy-pic option: Colour extension v.3.3 loaded)
(/usr/share/texmf-texlive/tex/generic/xypic/xymatrix.tex
 Xy-pic option: Matrix feature v.3.4
\Row=\count129
\Col=\count130
\queue@=\toks31
\queue@@=\toks32
\qcount@=\count131
\qcount@@=\count132
\matrixsize@=\count133
 loaded)
(/usr/share/texmf-texlive/tex/generic/xypic/xyarrow.tex
 Xy-pic option: Arrow and Path feature v.3.5 path, \ar, loaded)
(/usr/share/texmf-texlive/tex/generic/xypic/xygraph.tex
 Xy-pic option: Graph feature v.3.7 loaded) loaded))
(/usr/share/texmf-texlive/tex/latex/mh/mathtools.sty
Package: mathtools 2008/08/01 v1.06 mathematical typesetting tools (MH)

(/usr/share/texmf-texlive/tex/latex/tools/calc.sty
Package: calc 2007/08/22 v4.3 Infix arithmetic (KKT,FJ)
\calc@Acount=\count134
\calc@Bcount=\count135
\calc@Adimen=\dimen195
\calc@Bdimen=\dimen196
\calc@Askip=\skip48
\calc@Bskip=\skip49
LaTeX Info: Redefining \setlength on input line 76.
LaTeX Info: Redefining \addtolength on input line 77.
\calc@Ccount=\count136
\calc@Cskip=\skip50
)
(/usr/share/texmf-texlive/tex/latex/mh/mhsetup.sty
Package: mhsetup 2007/12/03 v1.2 programming setup (MH)
)
(/usr/share/texmf-texlive/tex/latex/amsmath/amsmath.sty
Package: amsmath 2000/07/18 v2.13 AMS math features
\@mathmargin=\skip51

For additional information on amsmath, use the `?' option.
(/usr/share/texmf-texlive/tex/latex/amsmath/amstext.sty
Package: amstext 2000/06/29 v2.01

(/usr/share/texmf-texlive/tex/latex/amsmath/amsgen.sty
File: amsgen.sty 1999/11/30 v2.0
\@emptytoks=\toks33
\ex@=\dimen197
))
(/usr/share/texmf-texlive/tex/latex/amsmath/amsbsy.sty
Package: amsbsy 1999/11/29 v1.2d
\pmbraise@=\dimen198
)
(/usr/share/texmf-texlive/tex/latex/amsmath/amsopn.sty
Package: amsopn 1999/12/14 v2.01 operator names
)
\inf@bad=\count137
LaTeX Info: Redefining \frac on input line 211.
\uproot@=\count138
\leftroot@=\count139
LaTeX Info: Redefining \overline on input line 307.
\classnum@=\count140
\DOTSCASE@=\count141
LaTeX Info: Redefining \ldots on input line 379.
LaTeX Info: Redefining \dots on input line 382.
LaTeX Info: Redefining \cdots on input line 467.
\Mathstrutbox@=\box60
\strutbox@=\box61
\big@size=\dimen199
LaTeX Font Info:    Redeclaring font encoding OML on input line 567.
LaTeX Font Info:    Redeclaring font encoding OMS on input line 568.
\macc@depth=\count142
\c@MaxMatrixCols=\count143
\dotsspace@=\muskip11
\c@parentequation=\count144
\dspbrk@lvl=\count145
\tag@help=\toks34
\row@=\count146
\column@=\count147
\maxfields@=\count148
\andhelp@=\toks35
\eqnshift@=\dimen200
\alignsep@=\dimen201
\tagshift@=\dimen202
\tagwidth@=\dimen203
\totwidth@=\dimen204
\lineht@=\dimen205
\@envbody=\toks36
\multlinegap=\skip52
\multlinetaggap=\skip53
\mathdisplay@stack=\toks37
LaTeX Info: Redefining \[ on input line 2666.
LaTeX Info: Redefining \] on input line 2667.
)
\g_MT_multlinerow_int=\count149
\l_MT_multwidth_dim=\dimen206
)
(/usr/share/texmf-texlive/tex/latex/amsfonts/amssymb.sty
Package: amssymb 2009/06/22 v3.00

(/usr/share/texmf-texlive/tex/latex/amsfonts/amsfonts.sty
Package: amsfonts 2009/06/22 v3.00 Basic AMSFonts support
\symAMSa=\mathgroup4
\symAMSb=\mathgroup5
LaTeX Font Info:    Overwriting math alphabet `\mathfrak' in version `bold'
(Font)                  U/euf/m/n --> U/euf/b/n on input line 96.
))
(/usr/share/texmf-texlive/tex/latex/multirow/multirow.sty
\bigstrutjot=\dimen207
)
(/usr/share/texmf-texlive/tex/latex/tools/array.sty
Package: array 2008/09/09 v2.4c Tabular extension package (FMi)
\col@sep=\dimen208
\extrarowheight=\dimen209
\NC@list=\toks38
\extratabsurround=\skip54
\backup@length=\skip55
)
(/usr/share/texmf-texlive/tex/latex/amscls/amsthm.sty
Package: amsthm 2004/08/06 v2.20
\thm@style=\toks39
\thm@bodyfont=\toks40
\thm@headfont=\toks41
\thm@notefont=\toks42
\thm@headpunct=\toks43
\thm@preskip=\skip56
\thm@postskip=\skip57
\thm@headsep=\skip58
\dth@everypar=\toks44
)
(/usr/share/texmf-texlive/tex/latex/fancybox/fancybox.sty
Package: fancybox 2000/09/19 1.3

Style option: `fancybox' v1.3 <2000/09/19> (tvz)
\@fancybox=\box62
\shadowsize=\dimen210
\@Sbox=\box63
\do@VerbBox=\toks45
\the@fancyput=\toks46
\this@fancyput=\toks47
\EndVerbatimTokens=\toks48
\Verbatim@Outfile=\write5
\Verbatim@Infile=\read3
) (/usr/share/texmf-texlive/tex/latex/tools/verbatim.sty
Package: verbatim 2003/08/22 v1.5q LaTeX2e package for verbatim enhancements
\every@verbatim=\toks49
\verbatim@line=\toks50
\verbatim@in@stream=\read4
) (./symbol-macros.tex)
\c@definition=\count150
(./report.aux

LaTeX Warning: Label `fig:start-bg-extended' multiply defined.


LaTeX Warning: Label `sub@fig:start-bg-extended' multiply defined.


LaTeX Warning: Label `fig:c-fwgc' multiply defined.


LaTeX Warning: Label `sub@fig:c-fwgc' multiply defined.


LaTeX Warning: Label `fig:gg-fwgc' multiply defined.


LaTeX Warning: Label `fig:gg-fwgc-extended' multiply defined.

)
\openout1 = `report.aux'.

LaTeX Font Info:    Checking defaults for OML/cmm/m/it on input line 35.
LaTeX Font Info:    ... okay on input line 35.
LaTeX Font Info:    Checking defaults for T1/cmr/m/n on input line 35.
LaTeX Font Info:    ... okay on input line 35.
LaTeX Font Info:    Checking defaults for OT1/cmr/m/n on input line 35.
LaTeX Font Info:    ... okay on input line 35.
LaTeX Font Info:    Checking defaults for OMS/cmsy/m/n on input line 35.
LaTeX Font Info:    ... okay on input line 35.
LaTeX Font Info:    Checking defaults for OMX/cmex/m/n on input line 35.
LaTeX Font Info:    ... okay on input line 35.
LaTeX Font Info:    Checking defaults for U/cmr/m/n on input line 35.
LaTeX Font Info:    ... okay on input line 35.
LaTeX Font Info:    Checking defaults for PD1/pdf/m/n on input line 35.
LaTeX Font Info:    ... okay on input line 35.
Package hyperref Info: Link coloring OFF on input line 35.
 (/usr/share/texmf-texlive/tex/latex/hyperref/nameref.sty
Package: nameref 2007/05/29 v2.31 Cross-referencing by name of section

(/usr/share/texmf-texlive/tex/latex/oberdiek/refcount.sty
Package: refcount 2008/08/11 v3.1 Data extraction from references (HO)
)
\c@section@level=\count151
)
LaTeX Info: Redefining \ref on input line 35.
LaTeX Info: Redefining \pageref on input line 35.
 (./report.out)
(./report.out)
\@outlinefile=\write6
\openout6 = `report.out'.

\AtBeginShipoutBox=\box64
 (/usr/share/texmf-texlive/tex/context/base/supp-pdf.mkii
[Loading MPS to PDF converter (version 2006.09.02).]
\scratchcounter=\count152
\scratchdimen=\dimen211
\scratchbox=\box65
\nofMPsegments=\count153
\nofMParguments=\count154
\everyMPshowfont=\toks51
\MPscratchCnt=\count155
\MPscratchDim=\dimen212
\MPnumerator=\count156
\everyMPtoPDFconversion=\toks52
)
Package caption Info: Begin \AtBeginDocument code.
Package caption3 Info: subfig package 1.2 or 1.3 is loaded.
LaTeX Info: Redefining \subref on input line 35.
Package caption Info: End \AtBeginDocument code.
 ABD: EveryShipout initializing macros
LaTeX Font Info:    Try loading font information for U+msa on input line 52.

(/usr/share/texmf-texlive/tex/latex/amsfonts/umsa.fd
File: umsa.fd 2009/06/22 v3.00 AMS symbols A
)
LaTeX Font Info:    Try loading font information for U+msb on input line 52.

(/usr/share/texmf-texlive/tex/latex/amsfonts/umsb.fd
File: umsb.fd 2009/06/22 v3.00 AMS symbols B
)
LaTeX Font Info:    Try loading font information for T1+cmtt on input line 52.

(/usr/share/texmf-texlive/tex/latex/base/t1cmtt.fd
File: t1cmtt.fd 1999/05/25 v2.5h Standard LaTeX font definitions
) [1

{/var/lib/texmf/fonts/map/pdftex/updmap/pdftex.map}] (./tex/abstract.tex
Underfull \hbox (badness 10000) in paragraph at lines 4--4
[]\T1/cmr/m/n/10 hier komt
 []


Underfull \hbox (badness 10000) in paragraph at lines 4--4
\T1/cmr/m/n/10 ook nog
 []


Underfull \hbox (badness 10000) in paragraph at lines 4--4
\T1/cmr/m/n/10 een kort
 []


Underfull \hbox (badness 10000) in paragraph at lines 4--4
\T1/cmr/m/n/10 overzicht
 []


Underfull \hbox (badness 10000) in paragraph at lines 4--4
\T1/cmr/m/n/10 van de
 []

pdfTeX warning (ext4): destination with the same identifier (name{page.1}) has 
been already used, duplicate ignored
<to be read again> 
                   \relax 
l.5 \end{abstract}
                   [1]) (./report.tocpdfTeX warning (ext4): destination with th
e same identifier (name{page.1}) has been already used, duplicate ignored
<to be read again> 
                   \relax 
l.48 ...n of added functionality}{26}{section.4.2}
                                                   [1

])
\tf@toc=\write7
\openout7 = `report.toc'.

 [2]
Chapter 1.
(./tex/introduction.tex [3

]
Overfull \hbox (1.65527pt too wide) in paragraph at lines 20--20
\T1/cmr/m/n/10 tem states, com-plex ob-jects, di-a-grams, and net-works, like f
lowcharts, entity-relationship
 []

LaTeX Font Info:    Try loading font information for OMS+cmr on input line 25.
(/usr/share/texmf-texlive/tex/latex/base/omscmr.fd
File: omscmr.fd 1999/05/25 v2.5h Standard LaTeX font definitions
)
LaTeX Font Info:    Font shape `OMS/cmr/m/n' in size <10> not available
(Font)              Font shape `OMS/cmsy/m/n' tried instead on input line 25.
 [4]
Underfull \hbox (badness 10000) in paragraph at lines 32--32
[]\T1/cmr/m/n/10 Are there
 []


Underfull \hbox (badness 10000) in paragraph at lines 32--32
\T1/cmr/m/n/10 trans-for-
 []


Underfull \hbox (badness 10000) in paragraph at lines 32--32
\T1/cmr/m/n/10 ma-tion
 []


LaTeX Warning: Reference `chapter:implementation' on page 5 undefined on input 
line 53.

) [5] [6]
Chapter 2.
(./tex/background-introduction.tex) (./tex/model-based-testing.tex
<./img/model-based-testing.pdf, id=425, 379.58545pt x 141.73691pt>
File: ./img/model-based-testing.pdf Graphic file (type pdf)

<use ./img/model-based-testing.pdf>
<./img/mbt-on-the-fly.pdf, id=429, 357.48773pt x 141.7426pt>
File: ./img/mbt-on-the-fly.pdf Graphic file (type pdf)

<use ./img/mbt-on-the-fly.pdf> [7

 <./img/model-based-testing.pdf>] [8 <./img/mbt-on-the-fly.pdf>] (./img/iots-ex
ample.tex <xymatrix 2x2 182>)
(./img/iots-test.tex <xymatrix 3x2 145>)) (./tex/algebra.tex [9]
Underfull \hbox (badness 10000) in paragraph at lines 18--18
[]\T1/cmr/m/n/10 mathit wil
 []


Underfull \hbox (badness 10000) in paragraph at lines 18--18
\T1/cmr/m/n/10 hier niet
 []

) (./tex/symbolic.tex [10]
Overfull \hbox (26.16017pt too wide) in paragraph at lines 23--25
[]\T1/cmr/bx/n/10 Definition 2.3.2. []\T1/cmr/m/n/10 Input-Output Sym-bolic Tra
n-si-tion Sys-tems. LI-JST SYM-BOLEN STS KOPIEEREN.
 []

[11] (./img/sts_boardgame_1.tex <xymatrix 14x1 236>) (./img/trafo_sts.tex
<xymatrix 1x3 151>) (./img/trafo_lts.tex <xymatrix 5x5 562>) [12])
(./tex/graph-grammars.tex [13] (./img/hostgraph.tex <xymatrix 4x2 235>)
(./img/rulegraph.tex <xymatrix 4x2 149>) [14] (./img/gg_example.tikz
LaTeX Font Info:    Try loading font information for T1+cmss on input line 8.

(/usr/share/texmf-texlive/tex/latex/base/t1cmss.fd
File: t1cmss.fd 1999/05/25 v2.5h Standard LaTeX font definitions
) (./img/gg_lhs.tex
<xymatrix 2x1 181>) (./img/gg_nac1.tex <xymatrix 2x1 181>) (./img/gg_nac2.tex
<xymatrix 2x1 181>) (./img/gg_graph.tex <xymatrix 3x1 226>) (./img/gg_rhs.tex
<xymatrix 2x1 181>) (./img/gg_result.tex <xymatrix 3x1 226>)) [15]
(./img/priority-example/start.tex <xymatrix 2x1 44>)
Underfull \hbox (badness 10000) in paragraph at lines 152--152
[]\T1/cmr/m/n/8 (a) |The ini-tial
 []

(./img/priority-example/add_lhs.tex <xymatrix 3x1 55>)
(./img/priority-example/add_rhs.tex <xymatrix 2x1 51>)
(./img/priority-example/sub_lhs.tex <xymatrix 3x1 55>)
(./img/priority-example/sub_rhs.tex <xymatrix 2x1 51>)) (./tex/tooling.tex
<./img/atm-diagram.pdf, id=586, 495.74109pt x 260.6538pt>
File: ./img/atm-diagram.pdf Graphic file (type pdf)

<use ./img/atm-diagram.pdf>

LaTeX Warning: `h' float specifier changed to `ht'.

[16] [17 <./img/atm-diagram.pdf>]
<./img/groove-diagram.pdf, id=623, 362.04158pt x 220.67444pt>
File: ./img/groove-diagram.pdf Graphic file (type pdf)

<use ./img/groove-diagram.pdf>

LaTeX Warning: Reference `fig:flags' on page 18 undefined on input line 48.

(./img/visual_elements/flags.tikz)

LaTeX Warning: Reference `fig:node_match1' on page 18 undefined on input line 5
9.


LaTeX Warning: Reference `fig:node_match2' on page 18 undefined on input line 5
9.

[18 <./img/groove-diagram.pdf>] (./img/visual_elements/node_match1.tikz)
Underfull \hbox (badness 10000) in paragraph at lines 63--63
[]\T1/cmr/m/n/8 (a) |Match-ing rule
 []

(./img/visual_elements/node_match2.tikz)

LaTeX Warning: Reference `fig:colors' on page 19 undefined on input line 71.


Underfull \hbox (badness 7379) in paragraph at lines 74--74
[]\T1/cmr/m/n/10 dotted line
 []


Underfull \hbox (badness 3260) in paragraph at lines 74--74
\T1/cmr/m/n/10 not ex-actly
 []

(./img/visual_elements/colors.tikz)

LaTeX Warning: Reference `fig:terms' on page 19 undefined on input line 88.

(./img/visual_elements/terms.tikz)

LaTeX Warning: Reference `fig:shorthand1' on page 19 undefined on input line 99
.


LaTeX Warning: Reference `fig:shorthand2' on page 19 undefined on input line 99
.


LaTeX Warning: Reference `fig:terms' on page 19 undefined on input line 99.


LaTeX Warning: Reference `fig:term_shorthand' on page 19 undefined on input lin
e 99.

(./img/visual_elements/shorthand1.tikz) (./img/visual_elements/shorthand2.tikz)

LaTeX Warning: `h' float specifier changed to `ht'.

(./img/visual_elements/term_shorthand.tikz)

LaTeX Warning: `h' float specifier changed to `ht'.


LaTeX Warning: Reference `fig:transition_parameters_rule' on page 19 undefined 
on input line 119.


LaTeX Warning: Reference `fig:transition_parameters_host' on page 19 undefined 
on input line 119.


LaTeX Warning: Reference `fig:transition_parameters_gts' on page 19 undefined o
n input line 119.

[19] (./img/visual_elements/transition_parameters.tikz)
(./img/visual_elements/transition_parameters_host.tikz)
(./img/visual_elements/transition_parameters_gts.tikz)

LaTeX Warning: Reference `fig:quantification' on page 20 undefined on input lin
e 132.

(./img/visual_elements/quantification.tikz)

LaTeX Warning: `h' float specifier changed to `ht'.

(./img/start.tikz) (./img/throws.tikz) (./img/move.tikz) (./img/nextTurn.tikz)

LaTeX Warning: `h' float specifier changed to `ht'.

[20] (./img/gts-transition-example.tikz) (./img/target-graph-state.tikz)

LaTeX Warning: `h' float specifier changed to `ht'.

) [21] [22]
Chapter 3.
(./tex/gg-to-sts-transformation.tex
Underfull \hbox (badness 10000) in paragraph at lines 4--4
\T1/cmr/m/n/10 nec-tion to
 []


Underfull \hbox (badness 10000) in paragraph at lines 17--17
[]\T1/cmr/m/n/10 explain
 []


Underfull \hbox (badness 10000) in paragraph at lines 17--17
\T1/cmr/m/n/10 what the
 []


Underfull \hbox (badness 10000) in paragraph at lines 17--17
\T1/cmr/m/n/10 ef-fect of
 []


Underfull \hbox (badness 10000) in paragraph at lines 17--17
\T1/cmr/m/n/10 the point
 []


Underfull \hbox (badness 10000) in paragraph at lines 17--17
\T1/cmr/m/n/10 al-ge-bra is
 []


Underfull \hbox (badness 10000) in paragraph at lines 20--20
[]\T1/cmr/m/n/10 explain
 []


Underfull \hbox (badness 1231) in paragraph at lines 20--20
\T1/cmr/m/n/10 we con-sider
 []


Underfull \hbox (badness 1735) in paragraph at lines 20--20
\T1/cmr/m/n/10 to be vari-
 []


Underfull \hbox (badness 10000) in paragraph at lines 20--20
\T1/cmr/m/n/10 ables in
 []

[23

] (./img/item_example.tex <xymatrix 1x2 51>) (./img/item_example2.tex
<xymatrix 1x2 114>)
Underfull \hbox (badness 2680) in paragraph at lines 29--29
[]\T1/cmr/m/n/10 Make these
 []


Underfull \hbox (badness 10000) in paragraph at lines 29--29
\T1/cmr/m/n/10 pic-tures in
 []


Underfull \hbox (badness 10000) in paragraph at lines 34--34
[]\T1/cmr/m/n/10 revise this
 []


Underfull \hbox (badness 10000) in paragraph at lines 44--44
[]\T1/cmr/m/n/10 finish this
 []


Underfull \hbox (badness 10000) in paragraph at lines 48--48
[]\T1/cmr/m/n/10 Uitleggen
 []


Underfull \hbox (badness 6445) in paragraph at lines 48--48
\T1/cmr/m/n/10 waarom de
 []


Underfull \hbox (badness 10000) in paragraph at lines 48--48
\T1/cmr/m/n/10 lo-ca-tions
 []


Underfull \hbox (badness 10000) in paragraph at lines 48--48
\T1/cmr/m/n/10 pre-cies de
 []


Underfull \hbox (badness 10000) in paragraph at lines 48--48
\T1/cmr/m/n/10 gevon-den
 []


LaTeX Warning: Marginpar on page 24 moved.

[24]
Underfull \hbox (badness 6944) in paragraph at lines 53--53
\T1/cmr/m/n/10 chors must
 []


Underfull \hbox (badness 10000) in paragraph at lines 53--53
\T1/cmr/m/n/10 be de-fined
 []


Underfull \hbox (badness 10000) in paragraph at lines 55--55
[]\T1/cmr/m/n/10 this poses
 []


Underfull \hbox (badness 10000) in paragraph at lines 55--55
\T1/cmr/m/n/10 some con-
 []


Underfull \hbox (badness 10000) in paragraph at lines 55--55
\T1/cmr/m/n/10 straints in
 []


LaTeX Warning: Marginpar on page 25 moved.


Underfull \hbox (badness 10000) in paragraph at lines 61--61
\T1/cmr/m/n/10 an-chors in
 []


Underfull \hbox (badness 10000) in paragraph at lines 61--61
\T1/cmr/m/n/10 a graph,
 []


Underfull \hbox (badness 10000) in paragraph at lines 61--61
\T1/cmr/m/n/10 or vari-able
 []


Underfull \hbox (badness 2261) in paragraph at lines 61--61
\T1/cmr/m/n/10 la-bels in a
 []


Underfull \hbox (badness 10000) in paragraph at lines 67--67
[]\T1/cmr/m/n/10 need to
 []


Underfull \hbox (badness 10000) in paragraph at lines 67--67
\T1/cmr/m/n/10 de-fine the
 []


Underfull \hbox (badness 3623) in paragraph at lines 67--67
\T1/cmr/m/n/10 term nodes
 []


Underfull \hbox (badness 10000) in paragraph at lines 76--76
[]\T1/cmr/m/n/10 make con-
 []


Underfull \hbox (badness 10000) in paragraph at lines 76--76
\T1/cmr/m/n/10 vari-able
 []

(./img/priority_sts_wrong.tex <xymatrix 1x1 136>) [25]
(./img/priority_sts_right.tex <xymatrix 1x1 136>)) (./tex/constraints.tex
Underfull \hbox (badness 10000) in paragraph at lines 6--6
[]\T1/cmr/m/n/10 make con-
 []


Underfull \hbox (badness 10000) in paragraph at lines 6--6
\T1/cmr/m/n/10 vari-able
 []


Underfull \hbox (badness 10000) in paragraph at lines 9--9
[]\T1/cmr/m/n/10 constraint:
 []


Underfull \hbox (badness 10000) in paragraph at lines 9--9
\T1/cmr/m/n/10 do not
 []


Underfull \hbox (badness 4647) in paragraph at lines 9--9
\T1/cmr/m/n/10 erase lvars,
 []


Underfull \hbox (badness 10000) in paragraph at lines 9--9
\T1/cmr/m/n/10 vari-able
 []


Underfull \hbox (badness 10000) in paragraph at lines 9--9
\T1/cmr/m/n/10 an-chors,
 []


Underfull \hbox (badness 10000) in paragraph at lines 12--12
\T1/cmr/m/n/10 one kind
 []


Underfull \hbox (badness 10000) in paragraph at lines 12--12
\T1/cmr/m/n/10 of ap-prox-
 []


Underfull \hbox (badness 10000) in paragraph at lines 12--12
\T1/cmr/m/n/10 i-ma-tion is
 []


Underfull \hbox (badness 10000) in paragraph at lines 12--12
\T1/cmr/m/n/10 wrong bu
 []


Underfull \hbox (badness 10000) in paragraph at lines 12--12
\T1/cmr/m/n/10 tthe other
 []


Underfull \hbox (badness 10000) in paragraph at lines 12--12
\T1/cmr/m/n/10 is cor-rect.
 []


Underfull \hbox (badness 10000) in paragraph at lines 12--12
\T1/cmr/m/n/10 Ge-bruik
 []


Underfull \hbox (badness 10000) in paragraph at lines 12--12
\T1/cmr/m/n/10 plaat-jes?
 []


Underfull \hbox (badness 10000) in paragraph at lines 12--12
\T1/cmr/m/n/10 Meer tekst
 []


Underfull \hbox (badness 10000) in paragraph at lines 12--12
\T1/cmr/m/n/10 ge-bruiken
 []


Underfull \hbox (badness 2512) in paragraph at lines 12--12
\T1/cmr/m/n/10 om dit uit
 []


Underfull \hbox (badness 10000) in paragraph at lines 15--15
[]\T1/cmr/m/n/10 beter uit-
 []

[26] (./img/item_example_c4_lhs.tex <xymatrix 1x3 55>)
(./img/item_example_c4_rhs.tex <xymatrix 2x3 67>)
Underfull \hbox (badness 10000) in paragraph at lines 24--24
[]\T1/cmr/m/n/10 plaatje is
 []


Underfull \hbox (badness 10000) in paragraph at lines 24--24
\T1/cmr/m/n/10 lelijk, use
 []

) [27]
Chapter 4.
(./tex/implementation.tex
<./img/tooling.pdf, id=781, 464.10793pt x 342.51772pt>
File: ./img/tooling.pdf Graphic file (type pdf)
 <use ./img/tooling.pdf>
Underfull \hbox (badness 1616) in paragraph at lines 10--10
[]\T1/cmr/m/n/10 change into
 []


Underfull \hbox (badness 10000) in paragraph at lines 10--10
\T1/cmr/m/n/10 se-quence
 []


Underfull \hbox (badness 10000) in paragraph at lines 10--10
\T1/cmr/m/n/10 di-a-gram
 []


Underfull \hbox (badness 10000) in paragraph at lines 10--10
\T1/cmr/m/n/10 VI-SIO.
 []


Underfull \hbox (badness 10000) in paragraph at lines 10--10
\T1/cmr/m/n/10 What to
 []


Underfull \hbox (badness 10000) in paragraph at lines 10--10
\T1/cmr/m/n/10 di-a-gram??
 []


Underfull \hbox (badness 10000) in paragraph at lines 10--10
\T1/cmr/m/n/10 UML.
 []


Underfull \hbox (badness 10000) in paragraph at lines 10--10
\T1/cmr/m/n/10 Should
 []


Underfull \hbox (badness 10000) in paragraph at lines 10--10
\T1/cmr/m/n/10 User be
 []


Underfull \hbox (badness 10000) in paragraph at lines 10--10
\T1/cmr/m/n/10 mod-elled?
 []


Underfull \hbox (badness 10000) in paragraph at lines 10--10
\T1/cmr/m/n/10 Not with
 []

[28

 <./img/tooling.pdf>]
Underfull \hbox (badness 1286) in paragraph at lines 19--19
\T1/cmr/m/n/10 more about
 []


Underfull \hbox (badness 10000) in paragraph at lines 19--19
\T1/cmr/m/n/10 the way
 []


Underfull \hbox (badness 10000) in paragraph at lines 19--19
\T1/cmr/m/n/10 GROOVE
 []


Underfull \hbox (badness 10000) in paragraph at lines 19--19
\T1/cmr/m/n/10 does ex-
 []


Underfull \hbox (badness 10000) in paragraph at lines 19--19
\T1/cmr/m/n/10 plo-ration.
 []


Underfull \hbox (badness 2689) in paragraph at lines 19--19
\T1/cmr/m/n/10 Here or in
 []


Underfull \hbox (badness 10000) in paragraph at lines 19--19
\T1/cmr/m/n/10 tool-ing?
 []


Underfull \hbox (badness 10000) in paragraph at lines 19--19
\T1/cmr/m/n/10 point al-ge-
 []


Underfull \hbox (badness 10000) in paragraph at lines 19--19
\T1/cmr/m/n/10 bra come
 []

<./img/strategy.pdf, id=798, 202.07094pt x 136.22896pt>
File: ./img/strategy.pdf Graphic file (type pdf)

<use ./img/strategy.pdf>
Underfull \hbox (badness 1400) in paragraph at lines 32--32
[]\T1/cmr/m/n/10 discuss cor-
 []


Underfull \hbox (badness 10000) in paragraph at lines 32--32
\T1/cmr/m/n/10 re-spon-dence
 []


Underfull \hbox (badness 10000) in paragraph at lines 32--32
\T1/cmr/m/n/10 to small
 []

<./img/STS.pdf, id=801, 300.6472pt x 213.91919pt>
File: ./img/STS.pdf Graphic file (type pdf)
 <use ./img/STS.pdf>) [29 <./img/strategy.pdf>] [30 <./img/STS.pdf>]
Chapter 5.
(./tex/validation-introduction.tex

LaTeX Warning: Reference `sec:model-examples' on page 31 undefined on input lin
e 1.

) (./tex/measurements.tex
Underfull \hbox (badness 10000) in paragraph at lines 14--14
\T1/cmr/m/n/10 cy-clo-matic
 []


Underfull \hbox (badness 10000) in paragraph at lines 14--14
\T1/cmr/m/n/10 com-plex-ity
 []


Underfull \hbox (badness 10000) in paragraph at lines 14--14
\T1/cmr/m/n/10 and rest?
 []


Underfull \hbox (badness 10000) in paragraph at lines 14--14
\T1/cmr/m/n/10 bij ge-brek
 []


Underfull \hbox (badness 10000) in paragraph at lines 14--14
\T1/cmr/m/n/10 aan beter:
 []


Underfull \hbox (badness 10000) in paragraph at lines 14--14
\T1/cmr/m/n/10 so-ci-aal
 []

[31

]) (./tex/all-examples.tex (./img/start-bg-extended.tikz)
(./img/nextTurn-bg-extended.tikz)

LaTeX Warning: Characters dropped after `\end{comment}' on input line 16.

[32] (./img/start-fwgc.tikz) (./img/c-fwgc.tikz) (./img/c-invalid-fwgc.tikz)
(./img/retry-fwgc.tikz) (./img/eaten-reinit-fwgc.tikz) (./img/done-fwgc.tikz)
Underfull \hbox (badness 10000) in paragraph at lines 33--33
[]\T1/cmr/m/n/10 Figuren
 []


Underfull \hbox (badness 10000) in paragraph at lines 33--33
\T1/cmr/m/n/10 com-pleet
 []


Underfull \hbox (badness 10000) in paragraph at lines 33--33
\T1/cmr/m/n/10 weergeven
 []

(./img/sts_fwgc.tex <xymatrix 5x1 313>)
Underfull \hbox (badness 6526) in paragraph at lines 41--41
[]\T1/cmr/m/n/10 STSen zijn
 []


Underfull \hbox (badness 10000) in paragraph at lines 41--41
\T1/cmr/m/n/10 eigen-lijk
 []


Underfull \hbox (badness 10000) in paragraph at lines 41--41
\T1/cmr/m/n/10 geven via
 []


Underfull \hbox (badness 10000) in paragraph at lines 41--41
\T1/cmr/m/n/10 a-gram-men.
 []


Underfull \hbox (badness 10000) in paragraph at lines 41--41
\T1/cmr/m/n/10 Wellicht
 []


Underfull \hbox (badness 10000) in paragraph at lines 41--41
\T1/cmr/m/n/10 Tikz
 []


Underfull \hbox (badness 10000) in paragraph at lines 41--41
\T1/cmr/m/n/10 proberen,
 []


Underfull \hbox (badness 10000) in paragraph at lines 41--41
\T1/cmr/m/n/10 an-ders de
 []


Underfull \hbox (badness 10000) in paragraph at lines 41--41
\T1/cmr/m/n/10 STS op-
 []


Underfull \hbox (badness 1521) in paragraph at lines 41--41
\T1/cmr/m/n/10 schri-jven in
 []


Underfull \hbox (badness 10000) in paragraph at lines 41--41
\T1/cmr/m/n/10 de formele
 []


LaTeX Warning: Marginpar on page 33 moved.


Underfull \hbox (badness 10000) in paragraph at lines 44--44
[]\T1/cmr/m/n/10 veranderde
 []


Underfull \hbox (badness 10000) in paragraph at lines 44--44
[]\T1/cmr/m/n/10 Ik moet
 []


Underfull \hbox (badness 10000) in paragraph at lines 44--44
\T1/cmr/m/n/10 quan-tifi-ca-
 []


Underfull \hbox (badness 10000) in paragraph at lines 44--44
\T1/cmr/m/n/10 tion nog
 []

[33]

LaTeX Warning: Marginpar on page 34 moved.

(./img/c-fwgc-extended.tikz) (./img/eaten-undo-fwgc.tikz)
Underfull \hbox (badness 10000) in paragraph at lines 53--53
[]\T1/cmr/m/n/10 Extended
 []


Underfull \hbox (badness 10000) in paragraph at lines 53--53
\T1/cmr/m/n/10 nauweli-jks
 []


Underfull \hbox (badness 10000) in paragraph at lines 53--53
\T1/cmr/m/n/10 weer te
 []


Underfull \hbox (badness 2035) in paragraph at lines 53--53
\T1/cmr/m/n/10 geven. Ik
 []


Underfull \hbox (badness 10000) in paragraph at lines 53--53
\T1/cmr/m/n/10 vraag me
 []


Underfull \hbox (badness 10000) in paragraph at lines 53--53
\T1/cmr/m/n/10 de LTS
 []


Underfull \hbox (badness 10000) in paragraph at lines 53--53
\T1/cmr/m/n/10 wellicht is
 []


Underfull \hbox (badness 10000) in paragraph at lines 53--53
\T1/cmr/m/n/10 die sim-
 []


Underfull \hbox (badness 1960) in paragraph at lines 53--53
\T1/cmr/m/n/10 peler. De
 []


Underfull \hbox (badness 10000) in paragraph at lines 53--53
\T1/cmr/m/n/10 STS moet
 []


Underfull \hbox (badness 10000) in paragraph at lines 53--53
\T1/cmr/m/n/10 alle items
 []


Underfull \hbox (badness 10000) in paragraph at lines 53--53
\T1/cmr/m/n/10 bij gaan
 []


Underfull \hbox (badness 3792) in paragraph at lines 55--55
[]\T1/cmr/m/n/10 explain the
 []


LaTeX Warning: Marginpar on page 34 moved.

(./img/start-reservation.tikz) (./img/makeReservation.tikz)
Underfull \hbox (badness 10000) in paragraph at lines 69--69
[]\T1/cmr/m/n/10 use lists
 []

[34] (./img/start-tab.tikz) (./img/order-tab.tikz) (./img/process_order.tikz)
(./img/pay-tab.tikz) (./img/process_payment.tikz) (./img/sts_tab.tex <xymatrix
11x6 617>) (./img/start-tab-extended.tikz)
(./img/process_discount-extended.tikz) (./img/order-extended.tikz)
(./img/discount-extended.tikz) (./img/process_order-extended.tikz)

LaTeX Warning: Float too large for page by 19.40907pt on input line 106.

(./img/sts_tab-extended.tex <xymatrix 11x6

Xy-pic Warning: start of break not found: bSTART=0.5, bEND=0.97095 [report:5].

521>)
Underfull \hbox (badness 10000) in paragraph at lines 116--116
[]\T1/cmr/m/n/10 More info
 []


Underfull \hbox (badness 2469) in paragraph at lines 116--116
\T1/cmr/m/n/10 study: ex-
 []


Underfull \hbox (badness 6284) in paragraph at lines 116--116
\T1/cmr/m/n/10 ter-nal spec
 []


Underfull \hbox (badness 7203) in paragraph at lines 116--116
\T1/cmr/m/n/10 of re-quired
 []


Underfull \hbox (badness 10000) in paragraph at lines 116--116
\T1/cmr/m/n/10 func-tion-al-
 []


Underfull \hbox (badness 10000) in paragraph at lines 116--116
\T1/cmr/m/n/10 ity, rough
 []


Underfull \hbox (badness 10000) in paragraph at lines 116--116
\T1/cmr/m/n/10 de-scrip-tion
 []


Underfull \hbox (badness 1057) in paragraph at lines 116--116
\T1/cmr/m/n/10 of func-tion-
 []


Underfull \hbox (badness 10000) in paragraph at lines 116--116
\T1/cmr/m/n/10 al-ity, type
 []


Underfull \hbox (badness 10000) in paragraph at lines 116--116
\T1/cmr/m/n/10 graph of
 []


Underfull \hbox (badness 10000) in paragraph at lines 116--116
\T1/cmr/m/n/10 GG? ex-
 []


Underfull \hbox (badness 10000) in paragraph at lines 116--116
\T1/cmr/m/n/10 ist-ing STS
 []

(./img/start-scrp.tikz) (./img/account.open.request.tikz)
(./img/account.open.success.tikz) (./img/account.open.invalid_ss_on.tikz)
(./img/general_responses.not_signed_on.tikz) (./img/account.close.success.tikz)
[35] [36] (./img/start-scrp-extended.tikz)
(./img/account.open.success-extended.tikz)
(./img/account.open.invalid_ss_on-extended.tikz)
(./img/account.close.success-extended.tikz)) [37] [38] [39] [40]
Chapter 6.
(./tex/summary.tex) (./tex/conclusion.tex
Underfull \hbox (badness 10000) in paragraph at lines 1--1
[]\T1/cmr/m/n/10 Coverage?
 []


Underfull \hbox (badness 1748) in paragraph at lines 1--1
\T1/cmr/m/n/10 go back to
 []


Underfull \hbox (badness 10000) in paragraph at lines 1--1
\T1/cmr/m/n/10 re-search
 []


Underfull \hbox (badness 10000) in paragraph at lines 1--1
\T1/cmr/m/n/10 ques-tions
 []


Underfull \hbox (badness 10000) in paragraph at lines 1--1
\T1/cmr/m/n/10 and de-sign
 []

) (./tex/future-work.tex
Underfull \hbox (badness 10000) in paragraph at lines 1--1
[]\T1/cmr/m/n/10 dit wordt
 []


Underfull \hbox (badness 10000) in paragraph at lines 1--1
\T1/cmr/m/n/10 nog uit-ge-
 []

) (./tex/acknowledgements.tex) [41

] (./report.bbl [42

] [43]) [44]
(./symbols.tex

LaTeX Warning: Reference `symbol:Rules' on page 45 undefined on input line 10.


LaTeX Warning: Reference `symbol:Rules' on page 45 undefined on input line 27.

[45

]) [46] (./report.aux)

LaTeX Warning: There were undefined references.


LaTeX Warning: There were multiply-defined labels.

 ) 
Here is how much of TeX's memory you used:
 20894 strings out of 495061
 368072 string characters out of 1182622
 1821303 words of memory out of 3000000
 23021 multiletter control sequences out of 15000+50000
 30003 words of font info for 75 fonts, out of 3000000 for 9000
 28 hyphenation exceptions out of 8191
 63i,24n,79p,1524b,1572s stack positions out of 5000i,500n,10000p,200000b,50000s
pdfTeX warning (dest): name{figure.caption.21} has been referenced but does n
ot exist, replaced by a fixed one

pdfTeX warning (dest): name{figure.caption.19} has been referenced but does not
 exist, replaced by a fixed one

pdfTeX warning (dest): name{figure.caption.17} has been referenced but does not
 exist, replaced by a fixed one

pdfTeX warning (dest): name{figure.caption.15} has been referenced but does not
 exist, replaced by a fixed one

pdfTeX warning (dest): name{subfigure.2.12.1} has been referenced but does not 
exist, replaced by a fixed one

pdfTeX warning (dest): name{subfigure.2.12.4} has been referenced but does not 
exist, replaced by a fixed one

pdfTeX warning (dest): name{subfigure.2.12.3} has been referenced but does not 
exist, replaced by a fixed one

pdfTeX warning (dest): name{subfigure.2.12.2} has been referenced but does not 
exist, replaced by a fixed one

pdfTeX warning (dest): name{figure.caption.13} has been referenced but does not
 exist, replaced by a fixed one

pdfTeX warning (dest): name{chapter*.37} has been referenced but does not exist
, replaced by a fixed one

pdfTeX warning (dest): name{subsection.2.5.5} has been referenced but does not 
exist, replaced by a fixed one

pdfTeX warning (dest): name{subsection.2.3.6} has been referenced but does not 
exist, replaced by a fixed one

pdfTeX warning (dest): name{subsection.2.1.4} has been referenced but does not 
exist, replaced by a fixed one

pdfTeX warning (dest): name{subsection.2.1.3} has been referenced but does not 
exist, replaced by a fixed one

 </home/dbruijn/.texmf-var/fonts/pk/ljfour/jknappen/ec/ecss0700.600pk> </home/d
bruijn/.texmf-var/fonts/pk/ljfour/jknappen/ec/ecsi0800.600pk> </home/dbruijn/.t
exmf-var/fonts/pk/ljfour/jknappen/ec/ecss0800.600pk> </home/dbruijn/.texmf-var/
fonts/pk/ljfour/jknappen/ec/ecsx0800.600pk> </home/dbruijn/.texmf-var/fonts/pk/
ljfour/jknappen/ec/ecrm0800.600pk> </home/dbruijn/.texmf-var/fonts/pk/ljfour/jk
nappen/ec/ecrm0600.600pk> </home/dbruijn/.texmf-var/fonts/pk/ljfour/jknappen/ec
/ecrm0700.600pk> </home/dbruijn/.texmf-var/fonts/pk/ljfour/jknappen/ec/ecbx1440
.600pk> </home/dbruijn/.texmf-var/fonts/pk/ljfour/jknappen/ec/ecbx2074.600pk> <
/home/dbruijn/.texmf-var/fonts/pk/ljfour/jknappen/ec/ecbx2488.600pk> </home/dbr
uijn/.texmf-var/fonts/pk/ljfour/jknappen/ec/ecrm1000.600pk> </home/dbruijn/.tex
mf-var/fonts/pk/ljfour/jknappen/ec/ecti1000.600pk> </home/dbruijn/.texmf-var/fo
nts/pk/ljfour/jknappen/ec/ecbx1000.600pk> </home/dbruijn/.texmf-var/fonts/pk/lj
four/jknappen/ec/ectt1200.600pk> </home/dbruijn/.texmf-var/fonts/pk/ljfour/jkna
ppen/ec/ecrm1200.600pk> </home/dbruijn/.texmf-var/fonts/pk/ljfour/jknappen/ec/e
cti1200.600pk> </home/dbruijn/.texmf-var/fonts/pk/ljfour/jknappen/ec/ecbx1200.6
00pk> </home/dbruijn/.texmf-var/fonts/pk/ljfour/jknappen/ec/ecbx1728.600pk></us
r/share/texmf-texlive/fonts/type1/public/amsfonts/cm/cmex10.pfb></usr/share/tex
mf-texlive/fonts/type1/public/amsfonts/cm/cmmi10.pfb></usr/share/texmf-texlive/
fonts/type1/public/amsfonts/cm/cmmi5.pfb></usr/share/texmf-texlive/fonts/type1/
public/amsfonts/cm/cmmi6.pfb></usr/share/texmf-texlive/fonts/type1/public/amsfo
nts/cm/cmmi7.pfb></usr/share/texmf-texlive/fonts/type1/public/amsfonts/cm/cmmi8
.pfb></usr/share/texmf-texlive/fonts/type1/public/amsfonts/cm/cmr10.pfb></usr/s
hare/texmf-texlive/fonts/type1/public/amsfonts/cm/cmr5.pfb></usr/share/texmf-te
xlive/fonts/type1/public/amsfonts/cm/cmr6.pfb></usr/share/texmf-texlive/fonts/t
ype1/public/amsfonts/cm/cmr7.pfb></usr/share/texmf-texlive/fonts/type1/public/a
msfonts/cm/cmr8.pfb></usr/share/texmf-texlive/fonts/type1/public/amsfonts/cm/cm
sy10.pfb></usr/share/texmf-texlive/fonts/type1/public/amsfonts/cm/cmsy5.pfb></u
sr/share/texmf-texlive/fonts/type1/public/amsfonts/cm/cmsy7.pfb></usr/share/tex
mf-texlive/fonts/type1/public/amsfonts/cm/cmsy8.pfb></usr/share/texmf-texlive/f
onts/type1/public/amsfonts/cm/cmti10.pfb></usr/share/texmf-texlive/fonts/type1/
public/amsfonts/cm/cmti7.pfb></usr/share/texmf-texlive/fonts/type1/public/amsfo
nts/latxfont/lcircle1.pfb></usr/share/texmf-texlive/fonts/type1/public/amsfonts
/symbols/msam10.pfb></usr/share/texmf-texlive/fonts/type1/public/amsfonts/symbo
ls/msam7.pfb></usr/share/texmf-texlive/fonts/type1/public/amsfonts/symbols/msbm
10.pfb></usr/share/texmf-texlive/fonts/type1/public/xypic/xyatip10.pfb></usr/sh
are/texmf-texlive/fonts/type1/public/xypic/xybtip10.pfb></usr/share/texmf-texli
ve/fonts/type1/public/xypic/xydash10.pfb>
Output written on report.pdf (48 pages, 996470 bytes).
PDF statistics:
 1852 PDF objects out of 2073 (max. 8388607)
 315 named destinations out of 1000 (max. 500000)
 560 words of extra memory for PDF output out of 10000 (max. 10000000)

