\BOOKMARK [0][-]{chapter.1}{Introduction}{}
\BOOKMARK [1][-]{section.1.1}{Model-based Testing}{chapter.1}
\BOOKMARK [1][-]{section.1.2}{Graph Transformation}{chapter.1}
\BOOKMARK [1][-]{section.1.3}{Research goals}{chapter.1}
\BOOKMARK [1][-]{section.1.4}{Roadmap}{chapter.1}
\BOOKMARK [0][-]{chapter.2}{Background}{}
\BOOKMARK [1][-]{section.2.1}{Model-based Testing}{chapter.2}
\BOOKMARK [2][-]{subsection.2.1.1}{Previous work}{section.2.1}
\BOOKMARK [2][-]{subsection.2.1.2}{Labelled Transition Systems}{section.2.1}
\BOOKMARK [2][-]{subsection.2.1.3}{Input-Output Transition Systems}{section.2.1}
\BOOKMARK [2][-]{subsection.2.1.4}{Coverage}{section.2.1}
\BOOKMARK [1][-]{section.2.2}{Algebra}{chapter.2}
\BOOKMARK [1][-]{section.2.3}{Symbolic Transition Systems}{chapter.2}
\BOOKMARK [2][-]{subsection.2.3.1}{Previous work}{section.2.3}
\BOOKMARK [2][-]{subsection.2.3.2}{Definition}{section.2.3}
\BOOKMARK [2][-]{subsection.2.3.3}{Input-Output Symbolic Transition Systems}{section.2.3}
\BOOKMARK [2][-]{subsection.2.3.4}{Example}{section.2.3}
\BOOKMARK [2][-]{subsection.2.3.5}{STS to LTS mapping}{section.2.3}
\BOOKMARK [2][-]{subsection.2.3.6}{Coverage}{section.2.3}
\BOOKMARK [1][-]{section.2.4}{Graph Grammars}{chapter.2}
\BOOKMARK [2][-]{subsection.2.4.1}{Graphs and morphisms}{section.2.4}
\BOOKMARK [2][-]{subsection.2.4.2}{Host graphs}{section.2.4}
\BOOKMARK [2][-]{subsection.2.4.3}{Graph transformation rules}{section.2.4}
\BOOKMARK [2][-]{subsection.2.4.4}{Graph Transition Systems}{section.2.4}
\BOOKMARK [2][-]{subsection.2.4.5}{Example}{section.2.4}
\BOOKMARK [2][-]{subsection.2.4.6}{Input-Output GGs}{section.2.4}
\BOOKMARK [1][-]{section.2.5}{Tooling}{chapter.2}
\BOOKMARK [2][-]{subsection.2.5.1}{ATM}{section.2.5}
\BOOKMARK [2][-]{subsection.2.5.2}{GROOVE}{section.2.5}
\BOOKMARK [2][-]{subsection.2.5.3}{Graph grammars in GROOVE}{section.2.5}
\BOOKMARK [0][-]{chapter.3}{Design}{}
\BOOKMARK [0][-]{chapter.4}{Graph Grammar to STS Algorithm}{}
\BOOKMARK [0][-]{chapter.5}{Validation}{}
\BOOKMARK [0][-]{chapter.6}{Conclusion}{}
\BOOKMARK [0][-]{chapter*.15}{List of Symbols}{}
